#
# There is insufficient memory for the Java Runtime Environment to continue.
# Native memory allocation (malloc) failed to allocate 495936 bytes for Chunk::new
# Possible reasons:
#   The system is out of physical RAM or swap space
#   In 32 bit mode, the process size limit was hit
# Possible solutions:
#   Reduce memory load on the system
#   Increase physical memory or swap space
#   Check if swap backing store is full
#   Use 64 bit Java on a 64 bit OS
#   Decrease Java heap size (-Xmx/-Xms)
#   Decrease number of Java threads
#   Decrease Java thread stack sizes (-Xss)
#   Set larger code cache with -XX:ReservedCodeCacheSize=
# This output file may be truncated or incomplete.
#
#  Out of Memory Error (allocation.cpp:390), pid=6576, tid=0x0000000000001a94
#
# JRE version: OpenJDK Runtime Environment (8.0_76-b03) (build 1.8.0_76-release-b03)
# Java VM: OpenJDK 64-Bit Server VM (25.76-b03 mixed mode windows-amd64 compressed oops)
# Failed to write core dump. Minidumps are not enabled by default on client versions of Windows
#

---------------  T H R E A D  ---------------

Current thread (0x0000000014ae5800):  JavaThread "C2 CompilerThread1" daemon [_thread_in_native, id=6804, stack(0x00000000161d0000,0x00000000162d0000)]

Stack: [0x00000000161d0000,0x00000000162d0000]
[error occurred during error reporting (printing stack bounds), id 0xc0000005]

Native frames: (J=compiled Java code, j=interpreted, Vv=VM code, C=native code)


Current CompileTask:
C2:   9988 1650       4       com.android.dx.ssa.DeadCodeRemover::run (194 bytes)


---------------  P R O C E S S  ---------------

Java Threads: ( => current thread )
  0x0000000016619000 JavaThread "pool-1-thread-4" [_thread_blocked, id=3232, stack(0x0000000016dd0000,0x0000000016ed0000)]
  0x0000000016618000 JavaThread "pool-1-thread-3" [_thread_blocked, id=4216, stack(0x0000000016cd0000,0x0000000016dd0000)]
  0x0000000016686800 JavaThread "pool-1-thread-2" [_thread_blocked, id=2444, stack(0x0000000016bd0000,0x0000000016cd0000)]
  0x000000001667d800 JavaThread "pool-2-thread-1" [_thread_blocked, id=3316, stack(0x0000000016ad0000,0x0000000016bd0000)]
  0x000000001667a800 JavaThread "pool-1-thread-1" [_thread_blocked, id=6940, stack(0x00000000169d0000,0x0000000016ad0000)]
  0x0000000014aed800 JavaThread "Service Thread" daemon [_thread_blocked, id=7088, stack(0x00000000167d0000,0x00000000168d0000)]
  0x0000000014ae8800 JavaThread "C1 CompilerThread2" daemon [_thread_blocked, id=5000, stack(0x00000000162d0000,0x00000000163d0000)]
=>0x0000000014ae5800 JavaThread "C2 CompilerThread1" daemon [_thread_in_native, id=6804, stack(0x00000000161d0000,0x00000000162d0000)]
  0x0000000014a8c000 JavaThread "C2 CompilerThread0" daemon [_thread_in_native, id=4388, stack(0x00000000160d0000,0x00000000161d0000)]
  0x0000000014a8a800 JavaThread "Attach Listener" daemon [_thread_blocked, id=6864, stack(0x0000000015fd0000,0x00000000160d0000)]
  0x0000000014a89000 JavaThread "Signal Dispatcher" daemon [_thread_blocked, id=6224, stack(0x0000000015ed0000,0x0000000015fd0000)]
  0x000000000239b000 JavaThread "Finalizer" daemon [_thread_blocked, id=5804, stack(0x0000000015cf0000,0x0000000015df0000)]
  0x0000000002390000 JavaThread "Reference Handler" daemon [_thread_blocked, id=6172, stack(0x0000000015bf0000,0x0000000015cf0000)]
  0x00000000022a0800 JavaThread "main" [_thread_blocked, id=6836, stack(0x0000000002190000,0x0000000002290000)]

Other Threads:
  0x0000000014a55800 VMThread [stack: 0x0000000015af0000,0x0000000015bf0000] [id=2812]
  0x00000000163db000 WatcherThread [stack: 0x00000000168d0000,0x00000000169d0000] [id=6860]

VM state:at safepoint (normal execution)

VM Mutex/Monitor currently owned by a thread:  ([mutex/lock_event])
[0x0000000000a0bc20] Threads_lock - owner thread: 0x0000000014a55800
[0x0000000000a0c320] Heap_lock - owner thread: 0x000000001667a800

Heap:
 PSYoungGen      total 35328K, used 35328K [0x00000000eab00000, 0x00000000ed000000, 0x0000000100000000)
  eden space 32768K, 100% used [0x00000000eab00000,0x00000000ecb00000,0x00000000ecb00000)
  from space 2560K, 100% used [0x00000000ecd80000,0x00000000ed000000,0x00000000ed000000)
  to   space 2560K, 100% used [0x00000000ecb00000,0x00000000ecd80000,0x00000000ecd80000)
 ParOldGen       total 44032K, used 18974K [0x00000000c0000000, 0x00000000c2b00000, 0x00000000eab00000)
  object space 44032K, 43% used [0x00000000c0000000,0x00000000c1287b30,0x00000000c2b00000)
 Metaspace       used 6185K, capacity 7088K, committed 7296K, reserved 1056768K
  class space    used 573K, capacity 616K, committed 640K, reserved 1048576K

Card table byte_map: [0x0000000011760000,0x0000000011970000] byte_map_base: 0x0000000011160000

Marking Bits: (ParMarkBitMap*) 0x0000000056699d00
 Begin Bits: [0x0000000011ed0000, 0x0000000012ed0000)
 End Bits:   [0x0000000012ed0000, 0x0000000013ed0000)

Polling page: 0x00000000009f0000

CodeCache: size=245760Kb used=7393Kb max_used=7393Kb free=238366Kb
 bounds [0x00000000023a0000, 0x0000000002ae0000, 0x00000000113a0000]
 total_blobs=1967 nmethods=1699 adapters=182
 compilation: enabled

Compilation events (10 events):
Event: 9.257 Thread 0x0000000014ae5800 nmethod 1648 0x0000000002a5a590 code [0x0000000002a5a7c0, 0x0000000002a5bc88]
Event: 9.259 Thread 0x0000000014ae5800 1650       4       com.android.dx.ssa.DeadCodeRemover::run (194 bytes)
Event: 9.368 Thread 0x0000000014a8c000 nmethod 1649 0x0000000002a8d950 code [0x0000000002a8dbe0, 0x0000000002a8f780]
Event: 9.369 Thread 0x0000000014a8c000 1651       4       com.android.dx.cf.code.ExecutionStack::peek (42 bytes)
Event: 9.371 Thread 0x0000000014a8c000 nmethod 1651 0x0000000002a58a10 code [0x0000000002a58b60, 0x0000000002a58c38]
Event: 9.371 Thread 0x0000000014a8c000 1652 %     4       com.android.dx.ssa.SsaMethod::forEachBlockDepthFirst @ 129 (194 bytes)
Event: 9.378 Thread 0x0000000014ae8800 1659   !   3       com.android.dx.cf.cst.ConstantPoolParser::parse0 (731 bytes)
Event: 9.388 Thread 0x0000000014ae8800 nmethod 1659 0x0000000002a92350 code [0x0000000002a92d00, 0x0000000002a99428]
Event: 9.389 Thread 0x0000000014ae8800 1660       1       com.android.dx.cf.attrib.AttSignature::byteLength (3 bytes)
Event: 9.389 Thread 0x0000000014ae8800 nmethod 1660 0x0000000002a63f90 code [0x0000000002a640e0, 0x0000000002a641f0]

GC Heap History (6 events):
Event: 2.709 GC heap before
{Heap before GC invocations=1 (full 0):
 PSYoungGen      total 18944K, used 16384K [0x00000000eab00000, 0x00000000ec000000, 0x0000000100000000)
  eden space 16384K, 100% used [0x00000000eab00000,0x00000000ebb00000,0x00000000ebb00000)
  from space 2560K, 0% used [0x00000000ebd80000,0x00000000ebd80000,0x00000000ec000000)
  to   space 2560K, 0% used [0x00000000ebb00000,0x00000000ebb00000,0x00000000ebd80000)
 ParOldGen       total 44032K, used 0K [0x00000000c0000000, 0x00000000c2b00000, 0x00000000eab00000)
  object space 44032K, 0% used [0x00000000c0000000,0x00000000c0000000,0x00000000c2b00000)
 Metaspace       used 5448K, capacity 6448K, committed 6528K, reserved 1056768K
  class space    used 567K, capacity 616K, committed 640K, reserved 1048576K
Event: 2.798 GC heap after
Heap after GC invocations=1 (full 0):
 PSYoungGen      total 18944K, used 2532K [0x00000000eab00000, 0x00000000ed000000, 0x0000000100000000)
  eden space 16384K, 0% used [0x00000000eab00000,0x00000000eab00000,0x00000000ebb00000)
  from space 2560K, 98% used [0x00000000ebb00000,0x00000000ebd79258,0x00000000ebd80000)
  to   space 2560K, 0% used [0x00000000ecd80000,0x00000000ecd80000,0x00000000ed000000)
 ParOldGen       total 44032K, used 904K [0x00000000c0000000, 0x00000000c2b00000, 0x00000000eab00000)
  object space 44032K, 2% used [0x00000000c0000000,0x00000000c00e23e8,0x00000000c2b00000)
 Metaspace       used 5448K, capacity 6448K, committed 6528K, reserved 1056768K
  class space    used 567K, capacity 616K, committed 640K, reserved 1048576K
}
Event: 4.667 GC heap before
{Heap before GC invocations=2 (full 0):
 PSYoungGen      total 18944K, used 18916K [0x00000000eab00000, 0x00000000ed000000, 0x0000000100000000)
  eden space 16384K, 100% used [0x00000000eab00000,0x00000000ebb00000,0x00000000ebb00000)
  from space 2560K, 98% used [0x00000000ebb00000,0x00000000ebd79258,0x00000000ebd80000)
  to   space 2560K, 0% used [0x00000000ecd80000,0x00000000ecd80000,0x00000000ed000000)
 ParOldGen       total 44032K, used 904K [0x00000000c0000000, 0x00000000c2b00000, 0x00000000eab00000)
  object space 44032K, 2% used [0x00000000c0000000,0x00000000c00e23e8,0x00000000c2b00000)
 Metaspace       used 5924K, capacity 6896K, committed 7040K, reserved 1056768K
  class space    used 571K, capacity 616K, committed 640K, reserved 1048576K
Event: 4.836 GC heap after
Heap after GC invocations=2 (full 0):
 PSYoungGen      total 35328K, used 2551K [0x00000000eab00000, 0x00000000ed000000, 0x0000000100000000)
  eden space 32768K, 0% used [0x00000000eab00000,0x00000000eab00000,0x00000000ecb00000)
  from space 2560K, 99% used [0x00000000ecd80000,0x00000000ecffdc88,0x00000000ed000000)
  to   space 2560K, 0% used [0x00000000ecb00000,0x00000000ecb00000,0x00000000ecd80000)
 ParOldGen       total 44032K, used 2407K [0x00000000c0000000, 0x00000000c2b00000, 0x00000000eab00000)
  object space 44032K, 5% used [0x00000000c0000000,0x00000000c0259c08,0x00000000c2b00000)
 Metaspace       used 5924K, capacity 6896K, committed 7040K, reserved 1056768K
  class space    used 571K, capacity 616K, committed 640K, reserved 1048576K
}
Event: 7.120 GC heap before
{Heap before GC invocations=3 (full 0):
 PSYoungGen      total 35328K, used 35319K [0x00000000eab00000, 0x00000000ed000000, 0x0000000100000000)
  eden space 32768K, 100% used [0x00000000eab00000,0x00000000ecb00000,0x00000000ecb00000)
  from space 2560K, 99% used [0x00000000ecd80000,0x00000000ecffdc88,0x00000000ed000000)
  to   space 2560K, 0% used [0x00000000ecb00000,0x00000000ecb00000,0x00000000ecd80000)
 ParOldGen       total 44032K, used 2407K [0x00000000c0000000, 0x00000000c2b00000, 0x00000000eab00000)
  object space 44032K, 5% used [0x00000000c0000000,0x00000000c0259c08,0x00000000c2b00000)
 Metaspace       used 6121K, capacity 7088K, committed 7296K, reserved 1056768K
  class space    used 573K, capacity 616K, committed 640K, reserved 1048576K
Event: 7.374 GC heap after
Heap after GC invocations=3 (full 0):
 PSYoungGen      total 35328K, used 2560K [0x00000000eab00000, 0x00000000ed000000, 0x0000000100000000)
  eden space 32768K, 0% used [0x00000000eab00000,0x00000000eab00000,0x00000000ecb00000)
  from space 2560K, 100% used [0x00000000ecb00000,0x00000000ecd80000,0x00000000ecd80000)
  to   space 2560K, 0% used [0x00000000ecd80000,0x00000000ecd80000,0x00000000ed000000)
 ParOldGen       total 44032K, used 7485K [0x00000000c0000000, 0x00000000c2b00000, 0x00000000eab00000)
  object space 44032K, 17% used [0x00000000c0000000,0x00000000c074f6f0,0x00000000c2b00000)
 Metaspace       used 6121K, capacity 7088K, committed 7296K, reserved 1056768K
  class space    used 573K, capacity 616K, committed 640K, reserved 1048576K
}

Deoptimization events (10 events):
Event: 5.287 Thread 0x000000001667a800 Uncommon trap: reason=class_check action=maybe_recompile pc=0x00000000026358f0 method=com.android.dx.ssa.NormalSsaInsn.accept(Lcom/android/dx/ssa/SsaInsn$Visitor;)V @ 9
Event: 5.307 Thread 0x000000001667a800 Uncommon trap: reason=unstable_if action=reinterpret pc=0x000000000267c41c method=com.android.dx.rop.cst.Constant.compareTo(Lcom/android/dx/rop/cst/Constant;)I @ 12
Event: 5.568 Thread 0x0000000016619000 Uncommon trap: reason=uninitialized action=reinterpret pc=0x000000000285884c method=com.android.dx.cf.code.BytecodeArray.parseInstruction(ILcom/android/dx/cf/code/BytecodeArray$Visitor;)I @ 1079
Event: 6.251 Thread 0x0000000016619000 Uncommon trap: reason=unstable_if action=reinterpret pc=0x0000000002876ea4 method=com.android.dx.ssa.SCCP.simulateStmt(Lcom/android/dx/ssa/SsaInsn;)V @ 53
Event: 6.865 Thread 0x000000001667a800 Uncommon trap: reason=class_check action=maybe_recompile pc=0x000000000291d700 method=com.android.dx.ssa.SCCP.simulateBranch(Lcom/android/dx/ssa/SsaInsn;)V @ 145
Event: 6.866 Thread 0x000000001667a800 Uncommon trap: reason=class_check action=maybe_recompile pc=0x000000000291d700 method=com.android.dx.ssa.SCCP.simulateBranch(Lcom/android/dx/ssa/SsaInsn;)V @ 145
Event: 7.579 Thread 0x0000000016619000 Uncommon trap: reason=class_check action=maybe_recompile pc=0x000000000291d700 method=com.android.dx.ssa.SCCP.simulateBranch(Lcom/android/dx/ssa/SsaInsn;)V @ 145
Event: 7.596 Thread 0x0000000016618000 Uncommon trap: reason=bimorphic action=maybe_recompile pc=0x0000000002623984 method=java.util.HashMap.getNode(ILjava/lang/Object;)Ljava/util/HashMap$Node; @ 126
Event: 7.782 Thread 0x0000000016686800 Uncommon trap: reason=class_check action=maybe_recompile pc=0x000000000291d700 method=com.android.dx.ssa.SCCP.simulateBranch(Lcom/android/dx/ssa/SsaInsn;)V @ 145
Event: 9.378 Thread 0x00000000022a0800 Uncommon trap: reason=unloaded action=reinterpret pc=0x00000000028f2644 method=com.android.dx.cf.cst.ConstantPoolParser.parse0(ILjava/util/BitSet;)Lcom/android/dx/rop/cst/Constant; @ 176

Internal exceptions (2 events):
Event: 0.335 Thread 0x00000000022a0800 Exception <a 'java/lang/NoSuchMethodError': Method sun.misc.Unsafe.defineClass(Ljava/lang/String;[BII)Ljava/lang/Class; name or signature does not match> (0x00000000eab07cc0) thrown at [C:\src\android\AOSP-openjdk\external\jetbrains\jdk\hotspot\src\share\vs.ñïq’?
Event: 0.335 Thread 0x00000000022a0800 Exception <a 'java/lang/NoSuchMethodError': Method sun.misc.Unsafe.prefetchRead(Ljava/lang/Object;J)V name or signature does not match> (0x00000000eab07fa8) thrown at [C:\src\android\AOSP-openjdk\external\jetbrains\jdk\hotspot\src\share\vm\prims\jni.cpp, l

Events (10 events):
Event: 7.579 Thread 0x0000000016619000 DEOPT UNPACKING pc=0x00000000023e556a sp=0x0000000016ece818 mode 2
Event: 7.596 Thread 0x0000000016618000 Uncommon trap: trap_request=0xffffffc6 fr.pc=0x0000000002623984
Event: 7.596 Thread 0x0000000016618000 DEOPT PACKING pc=0x0000000002623984 sp=0x0000000016dce830
Event: 7.596 Thread 0x0000000016618000 DEOPT UNPACKING pc=0x00000000023e556a sp=0x0000000016dce748 mode 2
Event: 7.782 Thread 0x0000000016686800 Uncommon trap: trap_request=0xffffffde fr.pc=0x000000000291d700
Event: 7.782 Thread 0x0000000016686800 DEOPT PACKING pc=0x000000000291d700 sp=0x0000000016ccebb0
Event: 7.782 Thread 0x0000000016686800 DEOPT UNPACKING pc=0x00000000023e556a sp=0x0000000016cceb58 mode 2
Event: 9.378 Thread 0x00000000022a0800 Uncommon trap: trap_request=0x000000cf fr.pc=0x00000000028f2644
Event: 9.378 Thread 0x00000000022a0800 DEOPT PACKING pc=0x00000000028f2644 sp=0x000000000228e9a0
Event: 9.378 Thread 0x00000000022a0800 DEOPT UNPACKING pc=0x00000000023e556a sp=0x000000000228e970 mode 2


Dynamic libraries:
0x00007ff711720000 - 0x00007ff711751000 	C:\Program Files\Android\Android Studio\jre\bin\java.exe
0x00007ffa485e0000 - 0x00007ffa4878d000 	C:\Windows\SYSTEM32\ntdll.dll
0x00007ffa480b0000 - 0x00007ffa481ee000 	C:\Windows\system32\KERNEL32.DLL
0x00007ffa45910000 - 0x00007ffa45a25000 	C:\Windows\system32\KERNELBASE.dll
0x00007ffa47f90000 - 0x00007ffa4803a000 	C:\Windows\system32\ADVAPI32.dll
0x00007ffa46340000 - 0x00007ffa464b7000 	C:\Windows\system32\USER32.dll
0x00007ffa42fa0000 - 0x00007ffa4321b000 	C:\Windows\WinSxS\amd64_microsoft.windows.common-controls_6595b64144ccf1df_6.0.9600.18006_none_623f33d3ecbe86e8\COMCTL32.dll
0x00007ffa45d10000 - 0x00007ffa45dba000 	C:\Windows\system32\msvcrt.dll
0x00007ffa481f0000 - 0x00007ffa48249000 	C:\Windows\SYSTEM32\sechost.dll
0x00007ffa464c0000 - 0x00007ffa46600000 	C:\Windows\system32\RPCRT4.dll
0x00007ffa46190000 - 0x00007ffa462db000 	C:\Windows\system32\GDI32.dll
0x00007ffa457e0000 - 0x00007ffa4580e000 	C:\Windows\system32\SspiCli.dll
0x00007ffa45cd0000 - 0x00007ffa45d06000 	C:\Windows\system32\IMM32.DLL
0x00007ffa46030000 - 0x00007ffa46181000 	C:\Windows\system32\MSCTF.dll
0x0000000055d90000 - 0x0000000055e62000 	C:\Program Files\Android\Android Studio\jre\jre\bin\msvcr100.dll
0x0000000055ee0000 - 0x0000000056714000 	C:\Program Files\Android\Android Studio\jre\jre\bin\server\jvm.dll
0x00007ffa3ae90000 - 0x00007ffa3ae99000 	C:\Windows\SYSTEM32\WSOCK32.dll
0x00007ffa3e8a0000 - 0x00007ffa3e8c2000 	C:\Windows\SYSTEM32\WINMM.dll
0x00007ffa3f8c0000 - 0x00007ffa3f8ca000 	C:\Windows\SYSTEM32\VERSION.dll
0x00007ffa47eb0000 - 0x00007ffa47eb7000 	C:\Windows\system32\PSAPI.DLL
0x00007ffa45c70000 - 0x00007ffa45cca000 	C:\Windows\system32\WS2_32.dll
0x00007ffa3e870000 - 0x00007ffa3e89a000 	C:\Windows\SYSTEM32\WINMMBASE.dll
0x00007ffa480a0000 - 0x00007ffa480a9000 	C:\Windows\system32\NSI.dll
0x00007ffa45810000 - 0x00007ffa4585f000 	C:\Windows\SYSTEM32\cfgmgr32.dll
0x00007ffa44520000 - 0x00007ffa44548000 	C:\Windows\SYSTEM32\DEVOBJ.dll
0x00007ffa35f20000 - 0x00007ffa35f2f000 	C:\Program Files\Android\Android Studio\jre\jre\bin\verify.dll
0x00007ffa31cd0000 - 0x00007ffa31cf9000 	C:\Program Files\Android\Android Studio\jre\jre\bin\java.dll
0x00007ffa2d1e0000 - 0x00007ffa2d1f6000 	C:\Program Files\Android\Android Studio\jre\jre\bin\zip.dll
0x00007ffa46600000 - 0x00007ffa47b2c000 	C:\Windows\system32\SHELL32.dll
0x00007ffa482d0000 - 0x00007ffa484e2000 	C:\Windows\SYSTEM32\combase.dll
0x00007ffa48040000 - 0x00007ffa48094000 	C:\Windows\system32\SHLWAPI.dll
0x00007ffa43a10000 - 0x00007ffa43ac2000 	C:\Windows\SYSTEM32\SHCORE.dll
0x00007ffa45710000 - 0x00007ffa45725000 	C:\Windows\SYSTEM32\profapi.dll

VM Arguments:
jvm_args: -Djava.awt.headless=true -Xmx1024M -Dfile.encoding=windows-1252 -Duser.country=US -Duser.language=en -Duser.variant 
java_command: com.android.dx.command.Main --dex --force-jumbo --num-threads=4 --output C:\Stay_Safe\app\build\intermediates\pre-dexed\debug\com.google.android.gms-play-services-analytics-8.4.0_72cdf1111ed70192100b989a1057f8f2c33d86dd.jar C:\Stay_Safe\app\build\intermediates\exploded-aar\com.google.android.gms\play-services-analytics\8.4.0\jars\classes.jar
java_class_path (initial): C:\Android\sdk\build-tools\25.0.1\lib\dx.jar
Launcher Type: SUN_STANDARD

Environment Variables:
CLASSPATH=C:\Program Files\Java\jdk1.8.0_51\lib;.
PATH=C:\ProgramData\Oracle\Java\javapath;C:\Program Files\Java\jdk1.8.0_51\bin;C:\Program Files (x86)\Common Files\lenovo\easyplussdk\bin;C:\Program Files (x86)\Windows Kits\8.1\Windows Performance Toolkit\;C:\Program Files\Microsoft SQL Server\110\Tools\Binn\;C:\Program Files (x86)\Microsoft SDKs\TypeScript\1.0\;C:\Program Files\Microsoft SQL Server\120\Tools\Binn\;C:\Program Files\nodejs\;C:\Program Files\IBM\Bluemix\bin;C:\Users\PC HP\AppData\Roaming\npm
USERNAME=PC HP
OS=Windows_NT
PROCESSOR_IDENTIFIER=Intel64 Family 6 Model 69 Stepping 1, GenuineIntel



---------------  S Y S T E M  ---------------

OS: Windows 8.1 , 64 bit Build 9600 (6.3.9600.17415)

CPU:total 4 (2 cores per cpu, 2 threads per core) family 6 model 69 stepping 1, cmov, cx8, fxsr, mmx, sse, sse2, sse3, ssse3, sse4.1, sse4.2, popcnt, avx, avx2, aes, clmul, erms, lzcnt, ht, tsc, tscinvbit, bmi1, bmi2

Memory: 4k page, physical 4119212k(514272k free), swap 7264940k(5104k free)

vm_info: OpenJDK 64-Bit Server VM (25.76-b03) for windows-amd64 JRE (1.8.0_76-release-b03), built on Jun 29 2016 19:09:20 by "ralucas" with MS VC++ 10.0 (VS2010)

time: Sat Mar 24 19:12:08 2018
elapsed time: 9 seconds (0d 0h 0m 9s)

