#
# There is insufficient memory for the Java Runtime Environment to continue.
# Native memory allocation (malloc) failed to allocate 414096 bytes for Chunk::new
# Possible reasons:
#   The system is out of physical RAM or swap space
#   In 32 bit mode, the process size limit was hit
# Possible solutions:
#   Reduce memory load on the system
#   Increase physical memory or swap space
#   Check if swap backing store is full
#   Use 64 bit Java on a 64 bit OS
#   Decrease Java heap size (-Xmx/-Xms)
#   Decrease number of Java threads
#   Decrease Java thread stack sizes (-Xss)
#   Set larger code cache with -XX:ReservedCodeCacheSize=
# This output file may be truncated or incomplete.
#
#  Out of Memory Error (allocation.cpp:390), pid=2648, tid=0x0000000000001064
#
# JRE version: OpenJDK Runtime Environment (8.0_76-b03) (build 1.8.0_76-release-b03)
# Java VM: OpenJDK 64-Bit Server VM (25.76-b03 mixed mode windows-amd64 compressed oops)
# Failed to write core dump. Minidumps are not enabled by default on client versions of Windows
#

---------------  T H R E A D  ---------------

Current thread (0x0000000014e2c000):  JavaThread "C2 CompilerThread0" daemon [_thread_in_native, id=4196, stack(0x0000000016480000,0x0000000016580000)]

Stack: [0x0000000016480000,0x0000000016580000]
[error occurred during error reporting (printing stack bounds), id 0xc0000005]

Native frames: (J=compiled Java code, j=interpreted, Vv=VM code, C=native code)


Current CompileTask:
C2:   8613 1457       4       com.android.dx.ssa.SCCP::simulateBlock (54 bytes)


---------------  P R O C E S S  ---------------

Java Threads: ( => current thread )
  0x00000000169d3800 JavaThread "pool-1-thread-4" [_thread_blocked, id=3812, stack(0x0000000017180000,0x0000000017280000)]
  0x00000000169d2800 JavaThread "pool-1-thread-3" [_thread_blocked, id=5788, stack(0x0000000017080000,0x0000000017180000)]
  0x00000000169d2000 JavaThread "pool-1-thread-2" [_thread_blocked, id=6584, stack(0x0000000016f80000,0x0000000017080000)]
  0x00000000169cd800 JavaThread "pool-2-thread-1" [_thread_blocked, id=5796, stack(0x0000000016e80000,0x0000000016f80000)]
  0x00000000169cd000 JavaThread "pool-1-thread-1" [_thread_blocked, id=3396, stack(0x0000000016d80000,0x0000000016e80000)]
  0x0000000014e8d800 JavaThread "Service Thread" daemon [_thread_blocked, id=6468, stack(0x0000000016b80000,0x0000000016c80000)]
  0x0000000014e88800 JavaThread "C1 CompilerThread2" daemon [_thread_blocked, id=7104, stack(0x0000000016680000,0x0000000016780000)]
  0x0000000014e85800 JavaThread "C2 CompilerThread1" daemon [_thread_blocked, id=6504, stack(0x0000000016580000,0x0000000016680000)]
=>0x0000000014e2c000 JavaThread "C2 CompilerThread0" daemon [_thread_in_native, id=4196, stack(0x0000000016480000,0x0000000016580000)]
  0x0000000014e2a800 JavaThread "Attach Listener" daemon [_thread_blocked, id=5484, stack(0x0000000016380000,0x0000000016480000)]
  0x0000000014e29000 JavaThread "Signal Dispatcher" daemon [_thread_blocked, id=6600, stack(0x0000000016280000,0x0000000016380000)]
  0x000000000275b000 JavaThread "Finalizer" daemon [_thread_blocked, id=4680, stack(0x00000000160a0000,0x00000000161a0000)]
  0x0000000002750000 JavaThread "Reference Handler" daemon [_thread_blocked, id=6256, stack(0x0000000015fa0000,0x00000000160a0000)]
  0x0000000002660800 JavaThread "main" [_thread_in_Java, id=6268, stack(0x00000000024a0000,0x00000000025a0000)]

Other Threads:
  0x0000000014df5800 VMThread [stack: 0x0000000015ea0000,0x0000000015fa0000] [id=6208]
  0x000000001678b000 WatcherThread [stack: 0x0000000016c80000,0x0000000016d80000] [id=6244]

VM state:not at safepoint (normal execution)

VM Mutex/Monitor currently owned by a thread: None

Heap:
 PSYoungGen      total 35328K, used 17046K [0x00000000eab00000, 0x00000000ed000000, 0x0000000100000000)
  eden space 32768K, 44% used [0x00000000eab00000,0x00000000eb92a9b0,0x00000000ecb00000)
  from space 2560K, 99% used [0x00000000ecd80000,0x00000000ecffb1d8,0x00000000ed000000)
  to   space 2560K, 0% used [0x00000000ecb00000,0x00000000ecb00000,0x00000000ecd80000)
 ParOldGen       total 44032K, used 2900K [0x00000000c0000000, 0x00000000c2b00000, 0x00000000eab00000)
  object space 44032K, 6% used [0x00000000c0000000,0x00000000c02d5378,0x00000000c2b00000)
 Metaspace       used 6105K, capacity 7024K, committed 7296K, reserved 1056768K
  class space    used 578K, capacity 616K, committed 640K, reserved 1048576K

Card table byte_map: [0x0000000011b20000,0x0000000011d30000] byte_map_base: 0x0000000011520000

Marking Bits: (ParMarkBitMap*) 0x0000000056699d00
 Begin Bits: [0x0000000012290000, 0x0000000013290000)
 End Bits:   [0x0000000013290000, 0x0000000014290000)

Polling page: 0x00000000025a0000

CodeCache: size=245760Kb used=6105Kb max_used=6105Kb free=239654Kb
 bounds [0x0000000002760000, 0x0000000002d60000, 0x0000000011760000]
 total_blobs=1727 nmethods=1457 adapters=182
 compilation: enabled

Compilation events (10 events):
Event: 8.313 Thread 0x0000000014e88800 nmethod 1455 0x0000000002d4d090 code [0x0000000002d4d340, 0x0000000002d4e4b8]
Event: 8.314 Thread 0x0000000014e2c000 1456       4       java.io.DataInputStream::readUnsignedShort (39 bytes)
Event: 8.325 Thread 0x0000000014e2c000 nmethod 1456 0x0000000002d59ad0 code [0x0000000002d59c40, 0x0000000002d5a2d8]
Event: 8.516 Thread 0x0000000014e2c000 1457       4       com.android.dx.ssa.SCCP::simulateBlock (54 bytes)
Event: 8.518 Thread 0x0000000014e88800 1459       3       com.android.dx.ssa.SsaMethod::onSourceChanged (65 bytes)
Event: 8.519 Thread 0x0000000014e88800 nmethod 1459 0x0000000002d527d0 code [0x0000000002d529a0, 0x0000000002d53218]
Event: 8.522 Thread 0x0000000014e88800 1460       3       com.android.dx.ssa.LocalVariableInfo::<init> (78 bytes)
Event: 8.523 Thread 0x0000000014e88800 nmethod 1460 0x0000000002d51810 code [0x0000000002d519e0, 0x0000000002d523c8]
Event: 8.524 Thread 0x0000000014e88800 1461       3       com.android.dx.cf.code.ConcreteMethod::<init> (262 bytes)
Event: 8.526 Thread 0x0000000014e88800 nmethod 1461 0x0000000002d5a850 code [0x0000000002d5ab20, 0x0000000002d5bf78]

GC Heap History (4 events):
Event: 3.429 GC heap before
{Heap before GC invocations=1 (full 0):
 PSYoungGen      total 18944K, used 16384K [0x00000000eab00000, 0x00000000ec000000, 0x0000000100000000)
  eden space 16384K, 100% used [0x00000000eab00000,0x00000000ebb00000,0x00000000ebb00000)
  from space 2560K, 0% used [0x00000000ebd80000,0x00000000ebd80000,0x00000000ec000000)
  to   space 2560K, 0% used [0x00000000ebb00000,0x00000000ebb00000,0x00000000ebd80000)
 ParOldGen       total 44032K, used 0K [0x00000000c0000000, 0x00000000c2b00000, 0x00000000eab00000)
  object space 44032K, 0% used [0x00000000c0000000,0x00000000c0000000,0x00000000c2b00000)
 Metaspace       used 5496K, capacity 6512K, committed 6784K, reserved 1056768K
  class space    used 573K, capacity 616K, committed 640K, reserved 1048576K
Event: 3.627 GC heap after
Heap after GC invocations=1 (full 0):
 PSYoungGen      total 18944K, used 2556K [0x00000000eab00000, 0x00000000ed000000, 0x0000000100000000)
  eden space 16384K, 0% used [0x00000000eab00000,0x00000000eab00000,0x00000000ebb00000)
  from space 2560K, 99% used [0x00000000ebb00000,0x00000000ebd7f080,0x00000000ebd80000)
  to   space 2560K, 0% used [0x00000000ecd80000,0x00000000ecd80000,0x00000000ed000000)
 ParOldGen       total 44032K, used 1113K [0x00000000c0000000, 0x00000000c2b00000, 0x00000000eab00000)
  object space 44032K, 2% used [0x00000000c0000000,0x00000000c0116578,0x00000000c2b00000)
 Metaspace       used 5496K, capacity 6512K, committed 6784K, reserved 1056768K
  class space    used 573K, capacity 616K, committed 640K, reserved 1048576K
}
Event: 7.031 GC heap before
{Heap before GC invocations=2 (full 0):
 PSYoungGen      total 18944K, used 18940K [0x00000000eab00000, 0x00000000ed000000, 0x0000000100000000)
  eden space 16384K, 100% used [0x00000000eab00000,0x00000000ebb00000,0x00000000ebb00000)
  from space 2560K, 99% used [0x00000000ebb00000,0x00000000ebd7f080,0x00000000ebd80000)
  to   space 2560K, 0% used [0x00000000ecd80000,0x00000000ecd80000,0x00000000ed000000)
 ParOldGen       total 44032K, used 1113K [0x00000000c0000000, 0x00000000c2b00000, 0x00000000eab00000)
  object space 44032K, 2% used [0x00000000c0000000,0x00000000c0116578,0x00000000c2b00000)
 Metaspace       used 6003K, capacity 6960K, committed 7040K, reserved 1056768K
  class space    used 578K, capacity 616K, committed 640K, reserved 1048576K
Event: 7.327 GC heap after
Heap after GC invocations=2 (full 0):
 PSYoungGen      total 35328K, used 2540K [0x00000000eab00000, 0x00000000ed000000, 0x0000000100000000)
  eden space 32768K, 0% used [0x00000000eab00000,0x00000000eab00000,0x00000000ecb00000)
  from space 2560K, 99% used [0x00000000ecd80000,0x00000000ecffb1d8,0x00000000ed000000)
  to   space 2560K, 0% used [0x00000000ecb00000,0x00000000ecb00000,0x00000000ecd80000)
 ParOldGen       total 44032K, used 2900K [0x00000000c0000000, 0x00000000c2b00000, 0x00000000eab00000)
  object space 44032K, 6% used [0x00000000c0000000,0x00000000c02d5378,0x00000000c2b00000)
 Metaspace       used 6003K, capacity 6960K, committed 7040K, reserved 1056768K
  class space    used 578K, capacity 616K, committed 640K, reserved 1048576K
}

Deoptimization events (10 events):
Event: 3.974 Thread 0x00000000169cd000 Uncommon trap: reason=null_check action=make_not_entrant pc=0x0000000002ac49f8 method=com.android.dx.rop.type.Type.equals(Ljava/lang/Object;)Z @ 8
Event: 3.975 Thread 0x00000000169cd000 Uncommon trap: reason=unstable_if action=reinterpret pc=0x00000000029b640c method=com.android.dx.rop.code.RegisterSpec.equals(ILcom/android/dx/rop/type/TypeBearer;Lcom/android/dx/rop/code/LocalItem;)Z @ 16
Event: 4.330 Thread 0x0000000002660800 Uncommon trap: reason=unstable_if action=reinterpret pc=0x0000000002a49804 method=com.android.dx.rop.code.RegisterSpec.equals(ILcom/android/dx/rop/type/TypeBearer;Lcom/android/dx/rop/code/LocalItem;)Z @ 42
Event: 4.743 Thread 0x0000000002660800 Uncommon trap: reason=bimorphic action=maybe_recompile pc=0x00000000029f95e4 method=java.util.HashMap.getNode(ILjava/lang/Object;)Ljava/util/HashMap$Node; @ 126
Event: 5.665 Thread 0x00000000169d2800 Uncommon trap: reason=unstable_if action=reinterpret pc=0x0000000002b07bec method=com.android.dx.rop.code.RegisterSpecSet.put(Lcom/android/dx/rop/code/RegisterSpec;)V @ 77
Event: 5.665 Thread 0x00000000169d2800 Uncommon trap: reason=unstable_if action=reinterpret pc=0x0000000002b3a3e8 method=com.android.dx.rop.code.RegisterSpecSet.put(Lcom/android/dx/rop/code/RegisterSpec;)V @ 77
Event: 7.707 Thread 0x00000000169d2000 Uncommon trap: reason=bimorphic action=maybe_recompile pc=0x0000000002c8441c method=com.android.dx.cf.code.BytecodeArray.parseInstruction(ILcom/android/dx/cf/code/BytecodeArray$Visitor;)I @ 2484
Event: 7.707 Thread 0x00000000169d2000 Uncommon trap: reason=bimorphic action=maybe_recompile pc=0x0000000002c8441c method=com.android.dx.cf.code.BytecodeArray.parseInstruction(ILcom/android/dx/cf/code/BytecodeArray$Visitor;)I @ 2484
Event: 7.873 Thread 0x00000000169d2000 Uncommon trap: reason=unstable_if action=reinterpret pc=0x0000000002d02264 method=com.android.dx.ssa.SCCP.simulateBranch(Lcom/android/dx/ssa/SsaInsn;)V @ 107
Event: 8.311 Thread 0x0000000002660800 Uncommon trap: reason=unstable_if action=reinterpret pc=0x00000000029a5290 method=java.lang.String.<init>([CII)V @ 18

Internal exceptions (3 events):
Event: 0.306 Thread 0x0000000002660800 Exception <a 'java/lang/NoSuchMethodError': Method sun.misc.Unsafe.defineClass(Ljava/lang/String;[BII)Ljava/lang/Class; name or signature does not match> (0x00000000eab07cc0) thrown at [C:\src\android\AOSP-openjdk\external\jetbrains\jdk\hotspot\src\share\v
Event: 0.306 Thread 0x0000000002660800 Exception <a 'java/lang/NoSuchMethodError': Method sun.misc.Unsafe.prefetchRead(Ljava/lang/Object;J)V name or signature does not match> (0x00000000eab07fa8) thrown at [C:\src\android\AOSP-openjdk\external\jetbrains\jdk\hotspot\src\share\vm\prims\jni.cpp, l~рс[;К@
Event: 3.974 Thread 0x00000000169cd000 Implicit null exception at 0x0000000002ac48e2 to 0x0000000002ac49e9

Events (10 events):
Event: 7.707 Thread 0x00000000169d2000 DEOPT PACKING pc=0x0000000002c8441c sp=0x000000001707ea20
Event: 7.707 Thread 0x00000000169d2000 DEOPT UNPACKING pc=0x00000000027a556a sp=0x000000001707e9a8 mode 2
Event: 7.873 Thread 0x00000000169d2000 Uncommon trap: trap_request=0xffffff65 fr.pc=0x0000000002d02264
Event: 7.873 Thread 0x00000000169d2000 DEOPT PACKING pc=0x0000000002d02264 sp=0x000000001707ebf0
Event: 7.873 Thread 0x00000000169d2000 DEOPT UNPACKING pc=0x00000000027a556a sp=0x000000001707eba8 mode 2
Event: 8.309 loading class com/android/dx/cf/attrib/AttExceptions
Event: 8.309 loading class com/android/dx/cf/attrib/AttExceptions done
Event: 8.311 Thread 0x0000000002660800 Uncommon trap: trap_request=0xffffff65 fr.pc=0x00000000029a5290
Event: 8.311 Thread 0x0000000002660800 DEOPT PACKING pc=0x00000000029a5290 sp=0x000000000259e7d0
Event: 8.311 Thread 0x0000000002660800 DEOPT UNPACKING pc=0x00000000027a556a sp=0x000000000259e700 mode 2


Dynamic libraries:
0x00007ff711720000 - 0x00007ff711751000 	C:\Program Files\Android\Android Studio\jre\bin\java.exe
0x00007ffa485e0000 - 0x00007ffa4878d000 	C:\Windows\SYSTEM32\ntdll.dll
0x00007ffa480b0000 - 0x00007ffa481ee000 	C:\Windows\system32\KERNEL32.DLL
0x00007ffa45910000 - 0x00007ffa45a25000 	C:\Windows\system32\KERNELBASE.dll
0x00007ffa47f90000 - 0x00007ffa4803a000 	C:\Windows\system32\ADVAPI32.dll
0x00007ffa46340000 - 0x00007ffa464b7000 	C:\Windows\system32\USER32.dll
0x00007ffa42fa0000 - 0x00007ffa4321b000 	C:\Windows\WinSxS\amd64_microsoft.windows.common-controls_6595b64144ccf1df_6.0.9600.18006_none_623f33d3ecbe86e8\COMCTL32.dll
0x00007ffa45d10000 - 0x00007ffa45dba000 	C:\Windows\system32\msvcrt.dll
0x00007ffa481f0000 - 0x00007ffa48249000 	C:\Windows\SYSTEM32\sechost.dll
0x00007ffa464c0000 - 0x00007ffa46600000 	C:\Windows\system32\RPCRT4.dll
0x00007ffa46190000 - 0x00007ffa462db000 	C:\Windows\system32\GDI32.dll
0x00007ffa457e0000 - 0x00007ffa4580e000 	C:\Windows\system32\SspiCli.dll
0x00007ffa45cd0000 - 0x00007ffa45d06000 	C:\Windows\system32\IMM32.DLL
0x00007ffa46030000 - 0x00007ffa46181000 	C:\Windows\system32\MSCTF.dll
0x0000000055d90000 - 0x0000000055e62000 	C:\Program Files\Android\Android Studio\jre\jre\bin\msvcr100.dll
0x0000000055ee0000 - 0x0000000056714000 	C:\Program Files\Android\Android Studio\jre\jre\bin\server\jvm.dll
0x00007ffa3ae90000 - 0x00007ffa3ae99000 	C:\Windows\SYSTEM32\WSOCK32.dll
0x00007ffa3e8a0000 - 0x00007ffa3e8c2000 	C:\Windows\SYSTEM32\WINMM.dll
0x00007ffa3f8c0000 - 0x00007ffa3f8ca000 	C:\Windows\SYSTEM32\VERSION.dll
0x00007ffa47eb0000 - 0x00007ffa47eb7000 	C:\Windows\system32\PSAPI.DLL
0x00007ffa45c70000 - 0x00007ffa45cca000 	C:\Windows\system32\WS2_32.dll
0x00007ffa3e870000 - 0x00007ffa3e89a000 	C:\Windows\SYSTEM32\WINMMBASE.dll
0x00007ffa480a0000 - 0x00007ffa480a9000 	C:\Windows\system32\NSI.dll
0x00007ffa45810000 - 0x00007ffa4585f000 	C:\Windows\SYSTEM32\cfgmgr32.dll
0x00007ffa44520000 - 0x00007ffa44548000 	C:\Windows\SYSTEM32\DEVOBJ.dll
0x00007ffa35f20000 - 0x00007ffa35f2f000 	C:\Program Files\Android\Android Studio\jre\jre\bin\verify.dll
0x00007ffa31cd0000 - 0x00007ffa31cf9000 	C:\Program Files\Android\Android Studio\jre\jre\bin\java.dll
0x00007ffa2d1e0000 - 0x00007ffa2d1f6000 	C:\Program Files\Android\Android Studio\jre\jre\bin\zip.dll
0x00007ffa46600000 - 0x00007ffa47b2c000 	C:\Windows\system32\SHELL32.dll
0x00007ffa482d0000 - 0x00007ffa484e2000 	C:\Windows\SYSTEM32\combase.dll
0x00007ffa48040000 - 0x00007ffa48094000 	C:\Windows\system32\SHLWAPI.dll
0x00007ffa43a10000 - 0x00007ffa43ac2000 	C:\Windows\SYSTEM32\SHCORE.dll
0x00007ffa45710000 - 0x00007ffa45725000 	C:\Windows\SYSTEM32\profapi.dll

VM Arguments:
jvm_args: -Djava.awt.headless=true -Xmx1024M -Dfile.encoding=windows-1252 -Duser.country=US -Duser.language=en -Duser.variant 
java_command: com.android.dx.command.Main --dex --force-jumbo --num-threads=4 --output C:\Stay_Safe\app\build\intermediates\pre-dexed\debug\com.android.support-appcompat-v7-24.0.0-alpha1_a3fa3027d33f2618296712e94785406d010b6ed4.jar C:\Stay_Safe\app\build\intermediates\exploded-aar\com.android.support\appcompat-v7\24.0.0-alpha1\jars\classes.jar
java_class_path (initial): C:\Android\sdk\build-tools\25.0.1\lib\dx.jar
Launcher Type: SUN_STANDARD

Environment Variables:
CLASSPATH=C:\Program Files\Java\jdk1.8.0_51\lib;.
PATH=C:\ProgramData\Oracle\Java\javapath;C:\Program Files\Java\jdk1.8.0_51\bin;C:\Program Files (x86)\Common Files\lenovo\easyplussdk\bin;C:\Program Files (x86)\Windows Kits\8.1\Windows Performance Toolkit\;C:\Program Files\Microsoft SQL Server\110\Tools\Binn\;C:\Program Files (x86)\Microsoft SDKs\TypeScript\1.0\;C:\Program Files\Microsoft SQL Server\120\Tools\Binn\;C:\Program Files\nodejs\;C:\Program Files\IBM\Bluemix\bin;C:\Users\PC HP\AppData\Roaming\npm
USERNAME=PC HP
OS=Windows_NT
PROCESSOR_IDENTIFIER=Intel64 Family 6 Model 69 Stepping 1, GenuineIntel



---------------  S Y S T E M  ---------------

OS: Windows 8.1 , 64 bit Build 9600 (6.3.9600.17415)

CPU:total 4 (2 cores per cpu, 2 threads per core) family 6 model 69 stepping 1, cmov, cx8, fxsr, mmx, sse, sse2, sse3, ssse3, sse4.1, sse4.2, popcnt, avx, avx2, aes, clmul, erms, lzcnt, ht, tsc, tscinvbit, bmi1, bmi2

Memory: 4k page, physical 4119212k(524316k free), swap 7264940k(6656k free)

vm_info: OpenJDK 64-Bit Server VM (25.76-b03) for windows-amd64 JRE (1.8.0_76-release-b03), built on Jun 29 2016 19:09:20 by "ralucas" with MS VC++ 10.0 (VS2010)

time: Sat Mar 24 19:12:07 2018
elapsed time: 8 seconds (0d 0h 0m 8s)

