#
# There is insufficient memory for the Java Runtime Environment to continue.
# Native memory allocation (malloc) failed to allocate 32744 bytes for ChunkPool::allocate
# Possible reasons:
#   The system is out of physical RAM or swap space
#   In 32 bit mode, the process size limit was hit
# Possible solutions:
#   Reduce memory load on the system
#   Increase physical memory or swap space
#   Check if swap backing store is full
#   Use 64 bit Java on a 64 bit OS
#   Decrease Java heap size (-Xmx/-Xms)
#   Decrease number of Java threads
#   Decrease Java thread stack sizes (-Xss)
#   Set larger code cache with -XX:ReservedCodeCacheSize=
# This output file may be truncated or incomplete.
#
#  Out of Memory Error (allocation.cpp:273), pid=708, tid=0x000000000000179c
#
# JRE version: OpenJDK Runtime Environment (8.0_76-b03) (build 1.8.0_76-release-b03)
# Java VM: OpenJDK 64-Bit Server VM (25.76-b03 mixed mode windows-amd64 compressed oops)
# Failed to write core dump. Minidumps are not enabled by default on client versions of Windows
#

---------------  T H R E A D  ---------------

Current thread (0x0000000014908800):  JavaThread "C1 CompilerThread2" daemon [_thread_in_native, id=6044, stack(0x0000000016010000,0x0000000016110000)]

Stack: [0x0000000016010000,0x0000000016110000]
[error occurred during error reporting (printing stack bounds), id 0xc0000005]

Native frames: (J=compiled Java code, j=interpreted, Vv=VM code, C=native code)


Current CompileTask:
C1:    897   43  s!   3       sun.misc.URLClassPath::getLoader (197 bytes)


---------------  P R O C E S S  ---------------

Java Threads: ( => current thread )
  0x0000000016111800 JavaThread "Service Thread" daemon [_thread_new, id=4928, stack(0x0000000000000000,0x0000000000000000)]
=>0x0000000014908800 JavaThread "C1 CompilerThread2" daemon [_thread_in_native, id=6044, stack(0x0000000016010000,0x0000000016110000)]
  0x0000000014905800 JavaThread "C2 CompilerThread1" daemon [_thread_blocked, id=2716, stack(0x0000000015f10000,0x0000000016010000)]
  0x00000000148ab800 JavaThread "C2 CompilerThread0" daemon [_thread_blocked, id=5300, stack(0x0000000015e10000,0x0000000015f10000)]
  0x00000000148aa800 JavaThread "Attach Listener" daemon [_thread_blocked, id=5992, stack(0x0000000015d10000,0x0000000015e10000)]
  0x00000000148a9000 JavaThread "Signal Dispatcher" daemon [_thread_blocked, id=6072, stack(0x0000000015c10000,0x0000000015d10000)]
  0x00000000021db000 JavaThread "Finalizer" daemon [_thread_blocked, id=1236, stack(0x0000000015b10000,0x0000000015c10000)]
  0x00000000021d0000 JavaThread "Reference Handler" daemon [_thread_blocked, id=4264, stack(0x0000000015a10000,0x0000000015b10000)]
  0x00000000020e0800 JavaThread "main" [_thread_in_Java, id=5332, stack(0x0000000001fe0000,0x00000000020e0000)]

Other Threads:
  0x0000000014875800 VMThread [stack: 0x0000000015910000,0x0000000015a10000] [id=1900]
  0x0000000016113800 WatcherThread [stack: 0x0000000016610000,0x0000000016710000] [id=5628]

VM state:not at safepoint (normal execution)

VM Mutex/Monitor currently owned by a thread: None

Heap:
 PSYoungGen      total 18944K, used 1360K [0x00000000eab00000, 0x00000000ec000000, 0x0000000100000000)
  eden space 16384K, 8% used [0x00000000eab00000,0x00000000eac540c8,0x00000000ebb00000)
  from space 2560K, 0% used [0x00000000ebd80000,0x00000000ebd80000,0x00000000ec000000)
  to   space 2560K, 0% used [0x00000000ebb00000,0x00000000ebb00000,0x00000000ebd80000)
 ParOldGen       total 44032K, used 0K [0x00000000c0000000, 0x00000000c2b00000, 0x00000000eab00000)
  object space 44032K, 0% used [0x00000000c0000000,0x00000000c0000000,0x00000000c2b00000)
 Metaspace       used 2840K, capacity 4656K, committed 4864K, reserved 1056768K
  class space    used 299K, capacity 424K, committed 512K, reserved 1048576K

Card table byte_map: [0x00000000115a0000,0x00000000117b0000] byte_map_base: 0x0000000010fa0000

Marking Bits: (ParMarkBitMap*) 0x0000000056699d00
 Begin Bits: [0x0000000011d10000, 0x0000000012d10000)
 End Bits:   [0x0000000012d10000, 0x0000000013d10000)

Polling page: 0x00000000005b0000

CodeCache: size=245760Kb used=1124Kb max_used=1124Kb free=244635Kb
 bounds [0x00000000021e0000, 0x0000000002450000, 0x00000000111e0000]
 total_blobs=275 nmethods=42 adapters=147
 compilation: enabled

Compilation events (10 events):
Event: 0.885 Thread 0x0000000014908800 nmethod 38 0x00000000022f6710 code [0x00000000022f68c0, 0x00000000022f6cf8]
Event: 0.885 Thread 0x0000000014908800   39       1       java.net.URL::getHost (5 bytes)
Event: 0.885 Thread 0x0000000014908800 nmethod 39 0x00000000022f6f10 code [0x00000000022f7060, 0x00000000022f7170]
Event: 0.886 Thread 0x0000000014908800   40       1       java.net.URL::getProtocol (5 bytes)
Event: 0.886 Thread 0x0000000014908800 nmethod 40 0x00000000022f71d0 code [0x00000000022f7320, 0x00000000022f7430]
Event: 0.889 Thread 0x0000000014908800   41       3       java.util.HashMap::getNode (148 bytes)
Event: 0.890 Thread 0x0000000014908800 nmethod 41 0x00000000022f7490 code [0x00000000022f7660, 0x00000000022f8008]
Event: 0.891 Thread 0x0000000014908800   42  s    3       sun.misc.URLClassPath::getNextLoader (88 bytes)
Event: 0.892 Thread 0x0000000014908800 nmethod 42 0x00000000022f82d0 code [0x00000000022f84a0, 0x00000000022f8d08]
Event: 0.892 Thread 0x0000000014908800   43  s!   3       sun.misc.URLClassPath::getLoader (197 bytes)

GC Heap History (0 events):
No events

Deoptimization events (0 events):
No events

Internal exceptions (2 events):
Event: 0.431 Thread 0x00000000020e0800 Exception <a 'java/lang/NoSuchMethodError': Method sun.misc.Unsafe.defineClass(Ljava/lang/String;[BII)Ljava/lang/Class; name or signature does not match> (0x00000000eab07cc0) thrown at [C:\src\android\AOSP-openjdk\external\jetbrains\jdk\hotspot\src\share\vp¬‹•ú€?
Event: 0.431 Thread 0x00000000020e0800 Exception <a 'java/lang/NoSuchMethodError': Method sun.misc.Unsafe.prefetchRead(Ljava/lang/Object;J)V name or signature does not match> (0x00000000eab07fa8) thrown at [C:\src\android\AOSP-openjdk\external\jetbrains\jdk\hotspot\src\share\vm\prims\jni.cpp, l

Events (10 events):
Event: 0.888 loading class com/android/dx/dex/file/DexFile
Event: 0.888 loading class com/android/dx/dex/file/DexFile done
Event: 0.891 loading class com/android/dx/rop/cst/Constant
Event: 0.891 loading class com/android/dx/rop/cst/Constant done
Event: 0.891 loading class com/android/dx/util/ToHuman
Event: 0.891 loading class com/android/dx/util/ToHuman done
Event: 0.892 loading class com/android/dx/rop/cst/CstType
Event: 0.892 loading class com/android/dx/rop/cst/CstType done
Event: 0.893 loading class com/android/dx/rop/cst/TypedConstant
Event: 0.893 loading class com/android/dx/rop/cst/TypedConstant done


Dynamic libraries:
0x00007ff711720000 - 0x00007ff711751000 	C:\Program Files\Android\Android Studio\jre\bin\java.exe
0x00007ffa485e0000 - 0x00007ffa4878d000 	C:\Windows\SYSTEM32\ntdll.dll
0x00007ffa480b0000 - 0x00007ffa481ee000 	C:\Windows\system32\KERNEL32.DLL
0x00007ffa45910000 - 0x00007ffa45a25000 	C:\Windows\system32\KERNELBASE.dll
0x00007ffa47f90000 - 0x00007ffa4803a000 	C:\Windows\system32\ADVAPI32.dll
0x00007ffa46340000 - 0x00007ffa464b7000 	C:\Windows\system32\USER32.dll
0x00007ffa42fa0000 - 0x00007ffa4321b000 	C:\Windows\WinSxS\amd64_microsoft.windows.common-controls_6595b64144ccf1df_6.0.9600.18006_none_623f33d3ecbe86e8\COMCTL32.dll
0x00007ffa45d10000 - 0x00007ffa45dba000 	C:\Windows\system32\msvcrt.dll
0x00007ffa481f0000 - 0x00007ffa48249000 	C:\Windows\SYSTEM32\sechost.dll
0x00007ffa464c0000 - 0x00007ffa46600000 	C:\Windows\system32\RPCRT4.dll
0x00007ffa46190000 - 0x00007ffa462db000 	C:\Windows\system32\GDI32.dll
0x00007ffa457e0000 - 0x00007ffa4580e000 	C:\Windows\system32\SspiCli.dll
0x00007ffa45cd0000 - 0x00007ffa45d06000 	C:\Windows\system32\IMM32.DLL
0x00007ffa46030000 - 0x00007ffa46181000 	C:\Windows\system32\MSCTF.dll
0x0000000055d90000 - 0x0000000055e62000 	C:\Program Files\Android\Android Studio\jre\jre\bin\msvcr100.dll
0x0000000055ee0000 - 0x0000000056714000 	C:\Program Files\Android\Android Studio\jre\jre\bin\server\jvm.dll
0x00007ffa3ae90000 - 0x00007ffa3ae99000 	C:\Windows\SYSTEM32\WSOCK32.dll
0x00007ffa3e8a0000 - 0x00007ffa3e8c2000 	C:\Windows\SYSTEM32\WINMM.dll
0x00007ffa3f8c0000 - 0x00007ffa3f8ca000 	C:\Windows\SYSTEM32\VERSION.dll
0x00007ffa47eb0000 - 0x00007ffa47eb7000 	C:\Windows\system32\PSAPI.DLL
0x00007ffa45c70000 - 0x00007ffa45cca000 	C:\Windows\system32\WS2_32.dll
0x00007ffa3e870000 - 0x00007ffa3e89a000 	C:\Windows\SYSTEM32\WINMMBASE.dll
0x00007ffa480a0000 - 0x00007ffa480a9000 	C:\Windows\system32\NSI.dll
0x00007ffa45810000 - 0x00007ffa4585f000 	C:\Windows\SYSTEM32\cfgmgr32.dll
0x00007ffa44520000 - 0x00007ffa44548000 	C:\Windows\SYSTEM32\DEVOBJ.dll
0x00007ffa35f20000 - 0x00007ffa35f2f000 	C:\Program Files\Android\Android Studio\jre\jre\bin\verify.dll
0x00007ffa31cd0000 - 0x00007ffa31cf9000 	C:\Program Files\Android\Android Studio\jre\jre\bin\java.dll
0x00007ffa2d1e0000 - 0x00007ffa2d1f6000 	C:\Program Files\Android\Android Studio\jre\jre\bin\zip.dll
0x00007ffa46600000 - 0x00007ffa47b2c000 	C:\Windows\system32\SHELL32.dll
0x00007ffa482d0000 - 0x00007ffa484e2000 	C:\Windows\SYSTEM32\combase.dll
0x00007ffa48040000 - 0x00007ffa48094000 	C:\Windows\system32\SHLWAPI.dll
0x00007ffa43a10000 - 0x00007ffa43ac2000 	C:\Windows\SYSTEM32\SHCORE.dll
0x00007ffa45710000 - 0x00007ffa45725000 	C:\Windows\SYSTEM32\profapi.dll

VM Arguments:
jvm_args: -Djava.awt.headless=true -Xmx1024M -Dfile.encoding=windows-1252 -Duser.country=US -Duser.language=en -Duser.variant 
java_command: com.android.dx.command.Main --dex --force-jumbo --num-threads=4 --output C:\Stay_Safe\app\build\intermediates\pre-dexed\debug\com.google.android.gms-play-services-panorama-8.4.0_4c75ed437a3413cb65a3cf4203538e41f712bde4.jar C:\Stay_Safe\app\build\intermediates\exploded-aar\com.google.android.gms\play-services-panorama\8.4.0\jars\classes.jar
java_class_path (initial): C:\Android\sdk\build-tools\25.0.1\lib\dx.jar
Launcher Type: SUN_STANDARD

Environment Variables:
CLASSPATH=C:\Program Files\Java\jdk1.8.0_51\lib;.
PATH=C:\ProgramData\Oracle\Java\javapath;C:\Program Files\Java\jdk1.8.0_51\bin;C:\Program Files (x86)\Common Files\lenovo\easyplussdk\bin;C:\Program Files (x86)\Windows Kits\8.1\Windows Performance Toolkit\;C:\Program Files\Microsoft SQL Server\110\Tools\Binn\;C:\Program Files (x86)\Microsoft SDKs\TypeScript\1.0\;C:\Program Files\Microsoft SQL Server\120\Tools\Binn\;C:\Program Files\nodejs\;C:\Program Files\IBM\Bluemix\bin;C:\Users\PC HP\AppData\Roaming\npm
USERNAME=PC HP
OS=Windows_NT
PROCESSOR_IDENTIFIER=Intel64 Family 6 Model 69 Stepping 1, GenuineIntel



---------------  S Y S T E M  ---------------

OS: Windows 8.1 , 64 bit Build 9600 (6.3.9600.17415)

CPU:total 4 (2 cores per cpu, 2 threads per core) family 6 model 69 stepping 1, cmov, cx8, fxsr, mmx, sse, sse2, sse3, ssse3, sse4.1, sse4.2, popcnt, avx, avx2, aes, clmul, erms, lzcnt, ht, tsc, tscinvbit, bmi1, bmi2

Memory: 4k page, physical 4119212k(199132k free), swap 7264940k(5120k free)

vm_info: OpenJDK 64-Bit Server VM (25.76-b03) for windows-amd64 JRE (1.8.0_76-release-b03), built on Jun 29 2016 19:09:20 by "ralucas" with MS VC++ 10.0 (VS2010)

time: Sat Mar 24 18:32:54 2018
elapsed time: 0 seconds (0d 0h 0m 0s)

