#
# There is insufficient memory for the Java Runtime Environment to continue.
# Native memory allocation (malloc) failed to allocate 309584 bytes for Chunk::new
# Possible reasons:
#   The system is out of physical RAM or swap space
#   In 32 bit mode, the process size limit was hit
# Possible solutions:
#   Reduce memory load on the system
#   Increase physical memory or swap space
#   Check if swap backing store is full
#   Use 64 bit Java on a 64 bit OS
#   Decrease Java heap size (-Xmx/-Xms)
#   Decrease number of Java threads
#   Decrease Java thread stack sizes (-Xss)
#   Set larger code cache with -XX:ReservedCodeCacheSize=
# This output file may be truncated or incomplete.
#
#  Out of Memory Error (allocation.cpp:390), pid=5932, tid=0x0000000000000dbc
#
# JRE version: OpenJDK Runtime Environment (8.0_76-b03) (build 1.8.0_76-release-b03)
# Java VM: OpenJDK 64-Bit Server VM (25.76-b03 mixed mode windows-amd64 compressed oops)
# Failed to write core dump. Minidumps are not enabled by default on client versions of Windows
#

---------------  T H R E A D  ---------------

Current thread (0x0000000015260000):  JavaThread "C2 CompilerThread1" daemon [_thread_in_native, id=3516, stack(0x00000000169a0000,0x0000000016aa0000)]

Stack: [0x00000000169a0000,0x0000000016aa0000]
[error occurred during error reporting (printing stack bounds), id 0xc0000005]

Native frames: (J=compiled Java code, j=interpreted, Vv=VM code, C=native code)


Current CompileTask:
C2:  17348 1624       4       com.android.dx.ssa.SsaBasicBlock::newFromRop (183 bytes)


---------------  P R O C E S S  ---------------

Java Threads: ( => current thread )
  0x0000000016e5a800 JavaThread "pool-1-thread-4" [_thread_in_Java, id=5628, stack(0x00000000175a0000,0x00000000176a0000)]
  0x0000000016e55000 JavaThread "pool-1-thread-3" [_thread_blocked, id=7340, stack(0x00000000174a0000,0x00000000175a0000)]
  0x0000000016ea3800 JavaThread "pool-1-thread-2" [_thread_in_vm, id=932, stack(0x00000000173a0000,0x00000000174a0000)]
  0x0000000016e96800 JavaThread "pool-2-thread-1" [_thread_blocked, id=5424, stack(0x00000000172a0000,0x00000000173a0000)]
  0x0000000016de6000 JavaThread "pool-1-thread-1" [_thread_in_Java, id=5264, stack(0x00000000171a0000,0x00000000172a0000)]
  0x0000000016bb9000 JavaThread "Service Thread" daemon [_thread_blocked, id=6812, stack(0x0000000016fa0000,0x00000000170a0000)]
  0x0000000015263800 JavaThread "C1 CompilerThread2" daemon [_thread_blocked, id=8764, stack(0x0000000016aa0000,0x0000000016ba0000)]
=>0x0000000015260000 JavaThread "C2 CompilerThread1" daemon [_thread_in_native, id=3516, stack(0x00000000169a0000,0x0000000016aa0000)]
  0x000000001525c800 JavaThread "C2 CompilerThread0" daemon [_thread_in_native, id=2724, stack(0x00000000168a0000,0x00000000169a0000)]
  0x000000001525b000 JavaThread "Attach Listener" daemon [_thread_blocked, id=6444, stack(0x00000000167a0000,0x00000000168a0000)]
  0x000000001525a000 JavaThread "Signal Dispatcher" daemon [_thread_blocked, id=3544, stack(0x00000000166a0000,0x00000000167a0000)]
  0x0000000002b8b000 JavaThread "Finalizer" daemon [_thread_blocked, id=5672, stack(0x00000000164c0000,0x00000000165c0000)]
  0x0000000002b80000 JavaThread "Reference Handler" daemon [_thread_blocked, id=6764, stack(0x00000000163c0000,0x00000000164c0000)]
  0x0000000002a91000 JavaThread "main" [_thread_blocked, id=8904, stack(0x0000000002990000,0x0000000002a90000)]

Other Threads:
  0x0000000015226800 VMThread [stack: 0x00000000162c0000,0x00000000163c0000] [id=7464]
  0x0000000016bba000 WatcherThread [stack: 0x00000000170a0000,0x00000000171a0000] [id=2064]

VM state:synchronizing (normal execution)

VM Mutex/Monitor currently owned by a thread:  ([mutex/lock_event])
[0x000000000294bc40] Safepoint_lock - owner thread: 0x0000000015226800
[0x000000000294bd40] Threads_lock - owner thread: 0x0000000015226800
[0x000000000294c2c0] Heap_lock - owner thread: 0x0000000016ea3800

Heap:
 PSYoungGen      total 35328K, used 35314K [0x00000000eab00000, 0x00000000ef000000, 0x0000000100000000)
  eden space 32768K, 100% used [0x00000000eab00000,0x00000000ecb00000,0x00000000ecb00000)
  from space 2560K, 99% used [0x00000000ecb00000,0x00000000ecd7c930,0x00000000ecd80000)
  to   space 2560K, 0% used [0x00000000eed80000,0x00000000eed80000,0x00000000ef000000)
 ParOldGen       total 44032K, used 7979K [0x00000000c0000000, 0x00000000c2b00000, 0x00000000eab00000)
  object space 44032K, 18% used [0x00000000c0000000,0x00000000c07cad28,0x00000000c2b00000)
 Metaspace       used 6164K, capacity 7088K, committed 7296K, reserved 1056768K
  class space    used 572K, capacity 616K, committed 640K, reserved 1048576K

Card table byte_map: [0x0000000011f50000,0x0000000012160000] byte_map_base: 0x0000000011950000

Marking Bits: (ParMarkBitMap*) 0x000000005d8d9d00
 Begin Bits: [0x00000000126c0000, 0x00000000136c0000)
 End Bits:   [0x00000000136c0000, 0x00000000146c0000)

Polling page: 0x00000000028d0000

CodeCache: size=245760Kb used=7010Kb max_used=7010Kb free=238749Kb
 bounds [0x0000000002b90000, 0x0000000003280000, 0x0000000011b90000]
 total_blobs=1910 nmethods=1641 adapters=182
 compilation: enabled

Compilation events (10 events):
Event: 17.284 Thread 0x0000000015263800 1662       1       com.android.dx.cf.attrib.AttInnerClasses::getInnerClasses (5 bytes)
Event: 17.285 Thread 0x0000000015263800 nmethod 1662 0x0000000003254dd0 code [0x0000000003254f20, 0x0000000003255030]
Event: 17.293 Thread 0x0000000015263800 1663       2       com.android.dx.cf.direct.DirectClassFile$DcfTypeList::getType (26 bytes)
Event: 17.294 Thread 0x0000000015263800 nmethod 1663 0x0000000003253810 code [0x0000000003253a40, 0x00000000032542a8]
Event: 17.296 Thread 0x0000000015263800 1664       2       com.android.dx.dex.code.OutputFinisher::<init> (48 bytes)
Event: 17.297 Thread 0x0000000015263800 nmethod 1664 0x0000000003253390 code [0x0000000003253500, 0x0000000003253728]
Event: 17.297 Thread 0x0000000015263800 1665       2       com.android.dx.dex.code.RopTranslator::translateAndGetResult (48 bytes)
Event: 17.297 Thread 0x0000000015263800 nmethod 1665 0x0000000003252bd0 code [0x0000000003252d80, 0x0000000003253118]
Event: 17.308 Thread 0x0000000015263800 1666       2       com.android.dx.dex.code.OutputCollector::appendSuffixToOutput (45 bytes)
Event: 17.309 Thread 0x0000000015263800 nmethod 1666 0x000000000325e4d0 code [0x000000000325e680, 0x000000000325eb58]

GC Heap History (6 events):
Event: 12.916 GC heap before
{Heap before GC invocations=1 (full 0):
 PSYoungGen      total 18944K, used 16384K [0x00000000eab00000, 0x00000000ec000000, 0x0000000100000000)
  eden space 16384K, 100% used [0x00000000eab00000,0x00000000ebb00000,0x00000000ebb00000)
  from space 2560K, 0% used [0x00000000ebd80000,0x00000000ebd80000,0x00000000ec000000)
  to   space 2560K, 0% used [0x00000000ebb00000,0x00000000ebb00000,0x00000000ebd80000)
 ParOldGen       total 44032K, used 0K [0x00000000c0000000, 0x00000000c2b00000, 0x00000000eab00000)
  object space 44032K, 0% used [0x00000000c0000000,0x00000000c0000000,0x00000000c2b00000)
 Metaspace       used 5489K, capacity 6512K, committed 6784K, reserved 1056768K
  class space    used 569K, capacity 616K, committed 640K, reserved 1048576K
Event: 13.116 GC heap after
Heap after GC invocations=1 (full 0):
 PSYoungGen      total 18944K, used 2532K [0x00000000eab00000, 0x00000000ed000000, 0x0000000100000000)
  eden space 16384K, 0% used [0x00000000eab00000,0x00000000eab00000,0x00000000ebb00000)
  from space 2560K, 98% used [0x00000000ebb00000,0x00000000ebd79238,0x00000000ebd80000)
  to   space 2560K, 0% used [0x00000000ecd80000,0x00000000ecd80000,0x00000000ed000000)
 ParOldGen       total 44032K, used 1179K [0x00000000c0000000, 0x00000000c2b00000, 0x00000000eab00000)
  object space 44032K, 2% used [0x00000000c0000000,0x00000000c0126d20,0x00000000c2b00000)
 Metaspace       used 5489K, capacity 6512K, committed 6784K, reserved 1056768K
  class space    used 569K, capacity 616K, committed 640K, reserved 1048576K
}
Event: 14.356 GC heap before
{Heap before GC invocations=2 (full 0):
 PSYoungGen      total 18944K, used 18916K [0x00000000eab00000, 0x00000000ed000000, 0x0000000100000000)
  eden space 16384K, 100% used [0x00000000eab00000,0x00000000ebb00000,0x00000000ebb00000)
  from space 2560K, 98% used [0x00000000ebb00000,0x00000000ebd79238,0x00000000ebd80000)
  to   space 2560K, 0% used [0x00000000ecd80000,0x00000000ecd80000,0x00000000ed000000)
 ParOldGen       total 44032K, used 1179K [0x00000000c0000000, 0x00000000c2b00000, 0x00000000eab00000)
  object space 44032K, 2% used [0x00000000c0000000,0x00000000c0126d20,0x00000000c2b00000)
 Metaspace       used 5947K, capacity 6896K, committed 7040K, reserved 1056768K
  class space    used 571K, capacity 616K, committed 640K, reserved 1048576K
Event: 14.430 GC heap after
Heap after GC invocations=2 (full 0):
 PSYoungGen      total 35328K, used 2556K [0x00000000eab00000, 0x00000000ed000000, 0x0000000100000000)
  eden space 32768K, 0% used [0x00000000eab00000,0x00000000eab00000,0x00000000ecb00000)
  from space 2560K, 99% used [0x00000000ecd80000,0x00000000ecfff060,0x00000000ed000000)
  to   space 2560K, 0% used [0x00000000ecb00000,0x00000000ecb00000,0x00000000ecd80000)
 ParOldGen       total 44032K, used 2799K [0x00000000c0000000, 0x00000000c2b00000, 0x00000000eab00000)
  object space 44032K, 6% used [0x00000000c0000000,0x00000000c02bbfb0,0x00000000c2b00000)
 Metaspace       used 5947K, capacity 6896K, committed 7040K, reserved 1056768K
  class space    used 571K, capacity 616K, committed 640K, reserved 1048576K
}
Event: 15.913 GC heap before
{Heap before GC invocations=3 (full 0):
 PSYoungGen      total 35328K, used 35324K [0x00000000eab00000, 0x00000000ed000000, 0x0000000100000000)
  eden space 32768K, 100% used [0x00000000eab00000,0x00000000ecb00000,0x00000000ecb00000)
  from space 2560K, 99% used [0x00000000ecd80000,0x00000000ecfff060,0x00000000ed000000)
  to   space 2560K, 0% used [0x00000000ecb00000,0x00000000ecb00000,0x00000000ecd80000)
 ParOldGen       total 44032K, used 2799K [0x00000000c0000000, 0x00000000c2b00000, 0x00000000eab00000)
  object space 44032K, 6% used [0x00000000c0000000,0x00000000c02bbfb0,0x00000000c2b00000)
 Metaspace       used 6110K, capacity 7088K, committed 7296K, reserved 1056768K
  class space    used 572K, capacity 616K, committed 640K, reserved 1048576K
Event: 16.123 GC heap after
Heap after GC invocations=3 (full 0):
 PSYoungGen      total 35328K, used 2546K [0x00000000eab00000, 0x00000000ef000000, 0x0000000100000000)
  eden space 32768K, 0% used [0x00000000eab00000,0x00000000eab00000,0x00000000ecb00000)
  from space 2560K, 99% used [0x00000000ecb00000,0x00000000ecd7c930,0x00000000ecd80000)
  to   space 2560K, 0% used [0x00000000eed80000,0x00000000eed80000,0x00000000ef000000)
 ParOldGen       total 44032K, used 7979K [0x00000000c0000000, 0x00000000c2b00000, 0x00000000eab00000)
  object space 44032K, 18% used [0x00000000c0000000,0x00000000c07cad28,0x00000000c2b00000)
 Metaspace       used 6110K, capacity 7088K, committed 7296K, reserved 1056768K
  class space    used 572K, capacity 616K, committed 640K, reserved 1048576K
}

Deoptimization events (10 events):
Event: 13.769 Thread 0x0000000016de6000 Uncommon trap: reason=unloaded action=reinterpret pc=0x0000000002eec9c0 method=com.android.dx.ssa.SsaRenamer$BlockRenamer.visitMoveInsn(Lcom/android/dx/ssa/NormalSsaInsn;)V @ 208
Event: 13.770 Thread 0x0000000016de6000 Uncommon trap: reason=unstable_if action=reinterpret pc=0x0000000002f5dbd0 method=com.android.dx.ssa.NormalSsaInsn.getLocalAssignment()Lcom/android/dx/rop/code/RegisterSpec; @ 12
Event: 13.771 Thread 0x0000000016de6000 Uncommon trap: reason=unstable_if action=reinterpret pc=0x0000000002f1d928 method=com.android.dx.ssa.NormalSsaInsn.getLocalAssignment()Lcom/android/dx/rop/code/RegisterSpec; @ 12
Event: 13.771 Thread 0x0000000016de6000 Uncommon trap: reason=unstable_if action=reinterpret pc=0x0000000002eab1b0 method=com.android.dx.ssa.NormalSsaInsn.getLocalAssignment()Lcom/android/dx/rop/code/RegisterSpec; @ 12
Event: 14.074 Thread 0x0000000002a91000 Uncommon trap: reason=unstable_if action=reinterpret pc=0x0000000003025aec method=com.android.dx.rop.code.RegisterSpecSet.put(Lcom/android/dx/rop/code/RegisterSpec;)V @ 77
Event: 14.074 Thread 0x0000000002a91000 Uncommon trap: reason=unstable_if action=reinterpret pc=0x0000000002fcedec method=com.android.dx.rop.code.RegisterSpecSet.put(Lcom/android/dx/rop/code/RegisterSpec;)V @ 77
Event: 14.905 Thread 0x0000000016ea3800 Uncommon trap: reason=unstable_if action=reinterpret pc=0x0000000003123b98 method=com.android.dx.ssa.SCCP.simulateBranch(Lcom/android/dx/ssa/SsaInsn;)V @ 64
Event: 14.919 Thread 0x0000000016ea3800 Uncommon trap: reason=unstable_if action=reinterpret pc=0x0000000002fca1dc method=com.android.dx.ssa.SsaMethod.updateOneDefinition(Lcom/android/dx/ssa/SsaInsn;Lcom/android/dx/rop/code/RegisterSpec;)V @ 4
Event: 16.171 Thread 0x0000000016ea3800 Uncommon trap: reason=unstable_if action=reinterpret pc=0x00000000031c9914 method=com.android.dx.cf.code.ByteCatchList$Item.getExceptionClass()Lcom/android/dx/rop/cst/CstType; @ 4
Event: 16.211 Thread 0x0000000016e5a800 Uncommon trap: reason=unstable_if action=reinterpret pc=0x0000000002dedf9c method=com.android.dx.rop.cst.Constant.compareTo(Lcom/android/dx/rop/cst/Constant;)I @ 12

Internal exceptions (2 events):
Event: 3.048 Thread 0x0000000002a91000 Exception <a 'java/lang/NoSuchMethodError': Method sun.misc.Unsafe.defineClass(Ljava/lang/String;[BII)Ljava/lang/Class; name or signature does not match> (0x00000000eab07cc0) thrown at [C:\src\android\AOSP-openjdk\external\jetbrains\jdk\hotspot\src\share\vXa\rWb@
Event: 3.048 Thread 0x0000000002a91000 Exception <a 'java/lang/NoSuchMethodError': Method sun.misc.Unsafe.prefetchRead(Ljava/lang/Object;J)V name or signature does not match> (0x00000000eab07fa8) thrown at [C:\src\android\AOSP-openjdk\external\jetbrains\jdk\hotspot\src\share\vm\prims\jni.cpp, l

Events (10 events):
Event: 14.919 Thread 0x0000000016ea3800 DEOPT UNPACKING pc=0x0000000002bd556a sp=0x000000001749e408 mode 2
Event: 15.655 Executing VM operation: ParallelGCFailedAllocation
Event: 16.123 Executing VM operation: ParallelGCFailedAllocation done
Event: 16.171 Thread 0x0000000016ea3800 Uncommon trap: trap_request=0xffffff65 fr.pc=0x00000000031c9914
Event: 16.171 Thread 0x0000000016ea3800 DEOPT PACKING pc=0x00000000031c9914 sp=0x000000001749e610
Event: 16.171 Thread 0x0000000016ea3800 DEOPT UNPACKING pc=0x0000000002bd556a sp=0x000000001749e3a8 mode 2
Event: 16.211 Thread 0x0000000016e5a800 Uncommon trap: trap_request=0xffffff65 fr.pc=0x0000000002dedf9c
Event: 16.211 Thread 0x0000000016e5a800 DEOPT PACKING pc=0x0000000002dedf9c sp=0x000000001769e3f0
Event: 16.211 Thread 0x0000000016e5a800 DEOPT UNPACKING pc=0x0000000002bd556a sp=0x000000001769e390 mode 2
Event: 17.314 Executing VM operation: ParallelGCFailedAllocation


Dynamic libraries:
0x00007ff7d2e70000 - 0x00007ff7d2ea1000 	C:\Program Files\Android\Android Studio\jre\bin\java.exe
0x00007ffaaa7b0000 - 0x00007ffaaa95d000 	C:\Windows\SYSTEM32\ntdll.dll
0x00007ffaaa450000 - 0x00007ffaaa58e000 	C:\Windows\system32\KERNEL32.DLL
0x00007ffaa79d0000 - 0x00007ffaa7ae5000 	C:\Windows\system32\KERNELBASE.dll
0x00007ffaa7e30000 - 0x00007ffaa7eda000 	C:\Windows\system32\ADVAPI32.dll
0x00007ffaa9840000 - 0x00007ffaa99b7000 	C:\Windows\system32\USER32.dll
0x00007ffaa4b30000 - 0x00007ffaa4dab000 	C:\Windows\WinSxS\amd64_microsoft.windows.common-controls_6595b64144ccf1df_6.0.9600.18006_none_623f33d3ecbe86e8\COMCTL32.dll
0x00007ffaa9ea0000 - 0x00007ffaa9f4a000 	C:\Windows\system32\msvcrt.dll
0x00007ffaa97a0000 - 0x00007ffaa97f9000 	C:\Windows\SYSTEM32\sechost.dll
0x00007ffaaa310000 - 0x00007ffaaa450000 	C:\Windows\system32\RPCRT4.dll
0x00007ffaa9b20000 - 0x00007ffaa9c6b000 	C:\Windows\system32\GDI32.dll
0x00007ffaa79a0000 - 0x00007ffaa79ce000 	C:\Windows\system32\SspiCli.dll
0x00007ffaa9800000 - 0x00007ffaa9836000 	C:\Windows\system32\IMM32.DLL
0x00007ffaa99c0000 - 0x00007ffaa9b12000 	C:\Windows\system32\MSCTF.dll
0x000000005c4a0000 - 0x000000005c572000 	C:\Program Files\Android\Android Studio\jre\jre\bin\msvcr100.dll
0x000000005d120000 - 0x000000005d954000 	C:\Program Files\Android\Android Studio\jre\jre\bin\server\jvm.dll
0x00007ffa9d190000 - 0x00007ffa9d199000 	C:\Windows\SYSTEM32\WSOCK32.dll
0x00007ffaa2480000 - 0x00007ffaa24a2000 	C:\Windows\SYSTEM32\WINMM.dll
0x00007ffaa1040000 - 0x00007ffaa104a000 	C:\Windows\SYSTEM32\VERSION.dll
0x00007ffaa9f50000 - 0x00007ffaa9f57000 	C:\Windows\system32\PSAPI.DLL
0x00007ffaaa290000 - 0x00007ffaaa2ea000 	C:\Windows\system32\WS2_32.dll
0x00007ffaa2450000 - 0x00007ffaa247a000 	C:\Windows\SYSTEM32\WINMMBASE.dll
0x00007ffaa9c70000 - 0x00007ffaa9c79000 	C:\Windows\system32\NSI.dll
0x00007ffaa7de0000 - 0x00007ffaa7e2f000 	C:\Windows\SYSTEM32\cfgmgr32.dll
0x00007ffaa66e0000 - 0x00007ffaa6708000 	C:\Windows\SYSTEM32\DEVOBJ.dll
0x00007ffaa1ab0000 - 0x00007ffaa1abf000 	C:\Program Files\Android\Android Studio\jre\jre\bin\verify.dll
0x00007ffa9bff0000 - 0x00007ffa9c019000 	C:\Program Files\Android\Android Studio\jre\jre\bin\java.dll
0x00007ffa9e830000 - 0x00007ffa9e846000 	C:\Program Files\Android\Android Studio\jre\jre\bin\zip.dll
0x00007ffaa7f40000 - 0x00007ffaa9469000 	C:\Windows\system32\SHELL32.dll
0x00007ffaaa590000 - 0x00007ffaaa7a2000 	C:\Windows\SYSTEM32\combase.dll
0x00007ffaa9e40000 - 0x00007ffaa9e94000 	C:\Windows\system32\SHLWAPI.dll
0x00007ffaa57b0000 - 0x00007ffaa5862000 	C:\Windows\SYSTEM32\SHCORE.dll
0x00007ffaa78d0000 - 0x00007ffaa78e5000 	C:\Windows\SYSTEM32\profapi.dll

VM Arguments:
jvm_args: -Djava.awt.headless=true -Xmx1024M -Dfile.encoding=windows-1252 -Duser.country=US -Duser.language=en -Duser.variant 
java_command: com.android.dx.command.Main --dex --force-jumbo --num-threads=4 --output C:\Stay_Safe\app\build\intermediates\pre-dexed\debug\com.google.android.gms-play-services-maps-8.4.0_dd12087797327dcf3423058cc7f026924f160dad.jar C:\Stay_Safe\app\build\intermediates\exploded-aar\com.google.android.gms\play-services-maps\8.4.0\jars\classes.jar
java_class_path (initial): C:\Android\sdk\build-tools\25.0.1\lib\dx.jar
Launcher Type: SUN_STANDARD

Environment Variables:
CLASSPATH=C:\Program Files\Java\jdk1.8.0_51\lib;.
PATH=C:\ProgramData\Oracle\Java\javapath;C:\Program Files\Java\jdk1.8.0_51\bin;C:\Program Files (x86)\Common Files\lenovo\easyplussdk\bin;C:\Program Files (x86)\Windows Kits\8.1\Windows Performance Toolkit\;C:\Program Files\Microsoft SQL Server\110\Tools\Binn\;C:\Program Files (x86)\Microsoft SDKs\TypeScript\1.0\;C:\Program Files\Microsoft SQL Server\120\Tools\Binn\
USERNAME=PC HP
OS=Windows_NT
PROCESSOR_IDENTIFIER=Intel64 Family 6 Model 69 Stepping 1, GenuineIntel



---------------  S Y S T E M  ---------------

OS: Windows 8.1 , 64 bit Build 9600 (6.3.9600.17415)

CPU:total 4 (2 cores per cpu, 2 threads per core) family 6 model 69 stepping 1, cmov, cx8, fxsr, mmx, sse, sse2, sse3, ssse3, sse4.1, sse4.2, popcnt, avx, avx2, aes, clmul, erms, lzcnt, ht, tsc, tscinvbit, bmi1, bmi2

Memory: 4k page, physical 4119212k(255892k free), swap 7264940k(3672k free)

vm_info: OpenJDK 64-Bit Server VM (25.76-b03) for windows-amd64 JRE (1.8.0_76-release-b03), built on Jun 29 2016 19:09:20 by "ralucas" with MS VC++ 10.0 (VS2010)

time: Wed Aug 30 16:23:33 2017
elapsed time: 17 seconds (0d 0h 0m 17s)

