#
# There is insufficient memory for the Java Runtime Environment to continue.
# Native memory allocation (malloc) failed to allocate 275456 bytes for Chunk::new
# Possible reasons:
#   The system is out of physical RAM or swap space
#   In 32 bit mode, the process size limit was hit
# Possible solutions:
#   Reduce memory load on the system
#   Increase physical memory or swap space
#   Check if swap backing store is full
#   Use 64 bit Java on a 64 bit OS
#   Decrease Java heap size (-Xmx/-Xms)
#   Decrease number of Java threads
#   Decrease Java thread stack sizes (-Xss)
#   Set larger code cache with -XX:ReservedCodeCacheSize=
# This output file may be truncated or incomplete.
#
#  Out of Memory Error (allocation.cpp:390), pid=6220, tid=0x0000000000000784
#
# JRE version: OpenJDK Runtime Environment (8.0_76-b03) (build 1.8.0_76-release-b03)
# Java VM: OpenJDK 64-Bit Server VM (25.76-b03 mixed mode windows-amd64 compressed oops)
# Failed to write core dump. Minidumps are not enabled by default on client versions of Windows
#

---------------  T H R E A D  ---------------

Current thread (0x0000000015135800):  JavaThread "C2 CompilerThread1" daemon [_thread_in_native, id=1924, stack(0x0000000016760000,0x0000000016860000)]

Stack: [0x0000000016760000,0x0000000016860000]
[error occurred during error reporting (printing stack bounds), id 0xc0000005]

Native frames: (J=compiled Java code, j=interpreted, Vv=VM code, C=native code)


Current CompileTask:
C2:  19655 1867       4       com.android.dx.rop.code.LocalVariableExtractor::processBlock (327 bytes)


---------------  P R O C E S S  ---------------

Java Threads: ( => current thread )
  0x0000000016bd6800 JavaThread "pool-1-thread-4" [_thread_blocked, id=5984, stack(0x0000000017360000,0x0000000017460000)]
  0x0000000016bd5800 JavaThread "pool-1-thread-3" [_thread_in_Java, id=2400, stack(0x0000000017260000,0x0000000017360000)]
  0x0000000016bd5000 JavaThread "pool-1-thread-2" [_thread_in_vm, id=5688, stack(0x0000000017160000,0x0000000017260000)]
  0x0000000016bd0800 JavaThread "pool-2-thread-1" [_thread_blocked, id=1116, stack(0x0000000017060000,0x0000000017160000)]
  0x0000000016bd0000 JavaThread "pool-1-thread-1" [_thread_blocked, id=3264, stack(0x0000000016f60000,0x0000000017060000)]
  0x000000001696c000 JavaThread "Service Thread" daemon [_thread_blocked, id=2520, stack(0x0000000016d60000,0x0000000016e60000)]
  0x000000001513c000 JavaThread "C1 CompilerThread2" daemon [_thread_blocked, id=3956, stack(0x0000000016860000,0x0000000016960000)]
=>0x0000000015135800 JavaThread "C2 CompilerThread1" daemon [_thread_in_native, id=1924, stack(0x0000000016760000,0x0000000016860000)]
  0x00000000150db800 JavaThread "C2 CompilerThread0" daemon [_thread_in_native, id=3856, stack(0x0000000016660000,0x0000000016760000)]
  0x00000000150da800 JavaThread "Attach Listener" daemon [_thread_blocked, id=5996, stack(0x0000000016560000,0x0000000016660000)]
  0x00000000150d9000 JavaThread "Signal Dispatcher" daemon [_thread_blocked, id=5328, stack(0x0000000016460000,0x0000000016560000)]
  0x0000000002a0b000 JavaThread "Finalizer" daemon [_thread_blocked, id=6576, stack(0x0000000016360000,0x0000000016460000)]
  0x0000000002a00000 JavaThread "Reference Handler" daemon [_thread_blocked, id=1268, stack(0x0000000016260000,0x0000000016360000)]
  0x0000000002910800 JavaThread "main" [_thread_blocked, id=4028, stack(0x0000000002810000,0x0000000002910000)]

Other Threads:
  0x00000000150a5800 VMThread [stack: 0x0000000016160000,0x0000000016260000] [id=1744]
  0x0000000016962000 WatcherThread [stack: 0x0000000016e60000,0x0000000016f60000] [id=5496]

VM state:not at safepoint (normal execution)

VM Mutex/Monitor currently owned by a thread: None

Heap:
 PSYoungGen      total 68096K, used 50214K [0x00000000eab00000, 0x00000000ef000000, 0x0000000100000000)
  eden space 65536K, 72% used [0x00000000eab00000,0x00000000ed98a220,0x00000000eeb00000)
  from space 2560K, 99% used [0x00000000eed80000,0x00000000eefff940,0x00000000ef000000)
  to   space 2560K, 0% used [0x00000000eeb00000,0x00000000eeb00000,0x00000000eed80000)
 ParOldGen       total 44032K, used 13284K [0x00000000c0000000, 0x00000000c2b00000, 0x00000000eab00000)
  object space 44032K, 30% used [0x00000000c0000000,0x00000000c0cf9318,0x00000000c2b00000)
 Metaspace       used 6235K, capacity 7152K, committed 7296K, reserved 1056768K
  class space    used 580K, capacity 616K, committed 640K, reserved 1048576K

Card table byte_map: [0x0000000011dd0000,0x0000000011fe0000] byte_map_base: 0x00000000117d0000

Marking Bits: (ParMarkBitMap*) 0x0000000056699d00
 Begin Bits: [0x0000000012540000, 0x0000000013540000)
 End Bits:   [0x0000000013540000, 0x0000000014540000)

Polling page: 0x0000000000e50000

CodeCache: size=245760Kb used=8607Kb max_used=8623Kb free=237152Kb
 bounds [0x0000000002a10000, 0x0000000003290000, 0x0000000011a10000]
 total_blobs=2098 nmethods=1830 adapters=182
 compilation: enabled

Compilation events (10 events):
Event: 19.445 Thread 0x000000001513c000 1881       2       java.lang.Integer::bitCount (49 bytes)
Event: 19.445 Thread 0x000000001513c000 nmethod 1881 0x0000000003233f10 code [0x0000000003234060, 0x00000000032341d0]
Event: 19.460 Thread 0x000000001513c000 1882       2       com.android.dx.rop.code.Rops::opGetStatic (97 bytes)
Event: 19.461 Thread 0x000000001513c000 nmethod 1882 0x00000000032411d0 code [0x00000000032413a0, 0x0000000003241918]
Event: 19.488 Thread 0x000000001513c000 1883       2       java.util.concurrent.locks.AbstractQueuedSynchronizer::shouldParkAfterFailedAcquire (50 bytes)
Event: 19.488 Thread 0x000000001513c000 nmethod 1883 0x000000000325bb10 code [0x000000000325bc80, 0x000000000325beb0]
Event: 19.515 Thread 0x000000001513c000 1884       2       com.android.dx.rop.annotation.Annotations::addAll (59 bytes)
Event: 19.516 Thread 0x000000001513c000 nmethod 1884 0x0000000003240810 code [0x00000000032409e0, 0x0000000003240e98]
Event: 19.559 Thread 0x0000000015135800 nmethod 1863 0x000000000327d7d0 code [0x000000000327daa0, 0x00000000032802a0]
Event: 19.559 Thread 0x0000000015135800 1867       4       com.android.dx.rop.code.LocalVariableExtractor::processBlock (327 bytes)

GC Heap History (8 events):
Event: 4.074 GC heap before
{Heap before GC invocations=1 (full 0):
 PSYoungGen      total 18944K, used 16384K [0x00000000eab00000, 0x00000000ec000000, 0x0000000100000000)
  eden space 16384K, 100% used [0x00000000eab00000,0x00000000ebb00000,0x00000000ebb00000)
  from space 2560K, 0% used [0x00000000ebd80000,0x00000000ebd80000,0x00000000ec000000)
  to   space 2560K, 0% used [0x00000000ebb00000,0x00000000ebb00000,0x00000000ebd80000)
 ParOldGen       total 44032K, used 0K [0x00000000c0000000, 0x00000000c2b00000, 0x00000000eab00000)
  object space 44032K, 0% used [0x00000000c0000000,0x00000000c0000000,0x00000000c2b00000)
 Metaspace       used 5437K, capacity 6448K, committed 6528K, reserved 1056768K
  class space    used 573K, capacity 616K, committed 640K, reserved 1048576K
Event: 4.539 GC heap after
Heap after GC invocations=1 (full 0):
 PSYoungGen      total 18944K, used 2534K [0x00000000eab00000, 0x00000000ed000000, 0x0000000100000000)
  eden space 16384K, 0% used [0x00000000eab00000,0x00000000eab00000,0x00000000ebb00000)
  from space 2560K, 98% used [0x00000000ebb00000,0x00000000ebd79988,0x00000000ebd80000)
  to   space 2560K, 0% used [0x00000000ecd80000,0x00000000ecd80000,0x00000000ed000000)
 ParOldGen       total 44032K, used 1070K [0x00000000c0000000, 0x00000000c2b00000, 0x00000000eab00000)
  object space 44032K, 2% used [0x00000000c0000000,0x00000000c010ba78,0x00000000c2b00000)
 Metaspace       used 5437K, capacity 6448K, committed 6528K, reserved 1056768K
  class space    used 573K, capacity 616K, committed 640K, reserved 1048576K
}
Event: 6.698 GC heap before
{Heap before GC invocations=2 (full 0):
 PSYoungGen      total 18944K, used 18918K [0x00000000eab00000, 0x00000000ed000000, 0x0000000100000000)
  eden space 16384K, 100% used [0x00000000eab00000,0x00000000ebb00000,0x00000000ebb00000)
  from space 2560K, 98% used [0x00000000ebb00000,0x00000000ebd79988,0x00000000ebd80000)
  to   space 2560K, 0% used [0x00000000ecd80000,0x00000000ecd80000,0x00000000ed000000)
 ParOldGen       total 44032K, used 1070K [0x00000000c0000000, 0x00000000c2b00000, 0x00000000eab00000)
  object space 44032K, 2% used [0x00000000c0000000,0x00000000c010ba78,0x00000000c2b00000)
 Metaspace       used 5973K, capacity 6896K, committed 7040K, reserved 1056768K
  class space    used 578K, capacity 616K, committed 640K, reserved 1048576K
Event: 7.702 GC heap after
Heap after GC invocations=2 (full 0):
 PSYoungGen      total 35328K, used 2545K [0x00000000eab00000, 0x00000000ed000000, 0x0000000100000000)
  eden space 32768K, 0% used [0x00000000eab00000,0x00000000eab00000,0x00000000ecb00000)
  from space 2560K, 99% used [0x00000000ecd80000,0x00000000ecffc758,0x00000000ed000000)
  to   space 2560K, 0% used [0x00000000ecb00000,0x00000000ecb00000,0x00000000ecd80000)
 ParOldGen       total 44032K, used 2697K [0x00000000c0000000, 0x00000000c2b00000, 0x00000000eab00000)
  object space 44032K, 6% used [0x00000000c0000000,0x00000000c02a2698,0x00000000c2b00000)
 Metaspace       used 5973K, capacity 6896K, committed 7040K, reserved 1056768K
  class space    used 578K, capacity 616K, committed 640K, reserved 1048576K
}
Event: 12.394 GC heap before
{Heap before GC invocations=3 (full 0):
 PSYoungGen      total 35328K, used 35313K [0x00000000eab00000, 0x00000000ed000000, 0x0000000100000000)
  eden space 32768K, 100% used [0x00000000eab00000,0x00000000ecb00000,0x00000000ecb00000)
  from space 2560K, 99% used [0x00000000ecd80000,0x00000000ecffc758,0x00000000ed000000)
  to   space 2560K, 0% used [0x00000000ecb00000,0x00000000ecb00000,0x00000000ecd80000)
 ParOldGen       total 44032K, used 2697K [0x00000000c0000000, 0x00000000c2b00000, 0x00000000eab00000)
  object space 44032K, 6% used [0x00000000c0000000,0x00000000c02a2698,0x00000000c2b00000)
 Metaspace       used 6142K, capacity 7088K, committed 7296K, reserved 1056768K
  class space    used 579K, capacity 616K, committed 640K, reserved 1048576K
Event: 14.683 GC heap after
Heap after GC invocations=3 (full 0):
 PSYoungGen      total 35328K, used 2546K [0x00000000eab00000, 0x00000000ef000000, 0x0000000100000000)
  eden space 32768K, 0% used [0x00000000eab00000,0x00000000eab00000,0x00000000ecb00000)
  from space 2560K, 99% used [0x00000000ecb00000,0x00000000ecd7c960,0x00000000ecd80000)
  to   space 2560K, 0% used [0x00000000eed80000,0x00000000eed80000,0x00000000ef000000)
 ParOldGen       total 44032K, used 7805K [0x00000000c0000000, 0x00000000c2b00000, 0x00000000eab00000)
  object space 44032K, 17% used [0x00000000c0000000,0x00000000c079f698,0x00000000c2b00000)
 Metaspace       used 6142K, capacity 7088K, committed 7296K, reserved 1056768K
  class space    used 579K, capacity 616K, committed 640K, reserved 1048576K
}
Event: 17.938 GC heap before
{Heap before GC invocations=4 (full 0):
 PSYoungGen      total 35328K, used 35314K [0x00000000eab00000, 0x00000000ef000000, 0x0000000100000000)
  eden space 32768K, 100% used [0x00000000eab00000,0x00000000ecb00000,0x00000000ecb00000)
  from space 2560K, 99% used [0x00000000ecb00000,0x00000000ecd7c960,0x00000000ecd80000)
  to   space 2560K, 0% used [0x00000000eed80000,0x00000000eed80000,0x00000000ef000000)
 ParOldGen       total 44032K, used 7805K [0x00000000c0000000, 0x00000000c2b00000, 0x00000000eab00000)
  object space 44032K, 17% used [0x00000000c0000000,0x00000000c079f698,0x00000000c2b00000)
 Metaspace       used 6205K, capacity 7088K, committed 7296K, reserved 1056768K
  class space    used 580K, capacity 616K, committed 640K, reserved 1048576K
Event: 18.028 GC heap after
Heap after GC invocations=4 (full 0):
 PSYoungGen      total 68096K, used 2558K [0x00000000eab00000, 0x00000000ef000000, 0x0000000100000000)
  eden space 65536K, 0% used [0x00000000eab00000,0x00000000eab00000,0x00000000eeb00000)
  from space 2560K, 99% used [0x00000000eed80000,0x00000000eefff940,0x00000000ef000000)
  to   space 2560K, 0% used [0x00000000eeb00000,0x00000000eeb00000,0x00000000eed80000)
 ParOldGen       total 44032K, used 13284K [0x00000000c0000000, 0x00000000c2b00000, 0x00000000eab00000)
  object space 44032K, 30% used [0x00000000c0000000,0x00000000c0cf9318,0x00000000c2b00000)
 Metaspace       used 6205K, capacity 7088K, committed 7296K, reserved 1056768K
  class space    used 580K, capacity 616K, committed 640K, reserved 1048576K
}

Deoptimization events (10 events):
Event: 17.893 Thread 0x0000000016bd0000 Uncommon trap: reason=bimorphic action=maybe_recompile pc=0x0000000003187c7c method=com.android.dx.cf.code.BytecodeArray.parseInstruction(ILcom/android/dx/cf/code/BytecodeArray$Visitor;)I @ 939
Event: 17.893 Thread 0x0000000016bd0000 Uncommon trap: reason=bimorphic action=maybe_recompile pc=0x0000000003187c7c method=com.android.dx.cf.code.BytecodeArray.parseInstruction(ILcom/android/dx/cf/code/BytecodeArray$Visitor;)I @ 939
Event: 17.893 Thread 0x0000000016bd0000 Uncommon trap: reason=unstable_if action=reinterpret pc=0x0000000003136fd0 method=com.android.dx.cf.code.RopperMachine.run(Lcom/android/dx/cf/code/Frame;II)V @ 1500
Event: 17.893 Thread 0x0000000016bd0000 Uncommon trap: reason=class_check action=maybe_recompile pc=0x00000000031dc3ac method=com.android.dx.cf.code.Ropper.processBlock(Lcom/android/dx/cf/code/ByteBlock;Lcom/android/dx/cf/code/Frame;[I)V @ 777
Event: 17.926 Thread 0x0000000016bd0000 Uncommon trap: reason=bimorphic action=maybe_recompile pc=0x0000000003187c7c method=com.android.dx.cf.code.BytecodeArray.parseInstruction(ILcom/android/dx/cf/code/BytecodeArray$Visitor;)I @ 939
Event: 17.929 Thread 0x0000000016bd0000 Uncommon trap: reason=bimorphic action=maybe_recompile pc=0x0000000003187c7c method=com.android.dx.cf.code.BytecodeArray.parseInstruction(ILcom/android/dx/cf/code/BytecodeArray$Visitor;)I @ 939
Event: 17.929 Thread 0x0000000016bd0000 Uncommon trap: reason=class_check action=maybe_recompile pc=0x00000000031dc3ac method=com.android.dx.cf.code.Ropper.processBlock(Lcom/android/dx/cf/code/ByteBlock;Lcom/android/dx/cf/code/Frame;[I)V @ 777
Event: 18.029 Thread 0x0000000002910800 Uncommon trap: reason=unstable_if action=reinterpret pc=0x0000000002de32dc method=com.android.dx.ssa.SsaMethod.updateOneDefinition(Lcom/android/dx/ssa/SsaInsn;Lcom/android/dx/rop/code/RegisterSpec;)V @ 4
Event: 18.046 Thread 0x0000000002910800 Uncommon trap: reason=class_check action=maybe_recompile pc=0x00000000031dc3ac method=com.android.dx.cf.code.Ropper.processBlock(Lcom/android/dx/cf/code/ByteBlock;Lcom/android/dx/cf/code/Frame;[I)V @ 777
Event: 19.362 Thread 0x0000000016bd5800 Uncommon trap: reason=class_check action=maybe_recompile pc=0x000000000324b2a4 method=com.android.dx.cf.code.BytecodeArray.parseInstruction(ILcom/android/dx/cf/code/BytecodeArray$Visitor;)I @ 1612

Internal exceptions (3 events):
Event: 0.163 Thread 0x0000000002910800 Exception <a 'java/lang/NoSuchMethodError': Method sun.misc.Unsafe.defineClass(Ljava/lang/String;[BII)Ljava/lang/Class; name or signature does not match> (0x00000000eab07cc0) thrown at [C:\src\android\AOSP-openjdk\external\jetbrains\jdk\hotspot\src\share\v“ãhÙÄ?
Event: 0.163 Thread 0x0000000002910800 Exception <a 'java/lang/NoSuchMethodError': Method sun.misc.Unsafe.prefetchRead(Ljava/lang/Object;J)V name or signature does not match> (0x00000000eab07fa8) thrown at [C:\src\android\AOSP-openjdk\external\jetbrains\jdk\hotspot\src\share\vm\prims\jni.cpp, lÊ8ÂXÃê$@
Event: 10.459 Thread 0x0000000016bd6800 Implicit null exception at 0x0000000002cb2fd9 to 0x0000000002cb5899

Events (10 events):
Event: 18.029 Thread 0x0000000002910800 DEOPT PACKING pc=0x0000000002de32dc sp=0x000000000290e1e0
Event: 18.029 Thread 0x0000000002910800 DEOPT UNPACKING pc=0x0000000002a5556a sp=0x000000000290e188 mode 2
Event: 18.046 Thread 0x0000000002910800 Uncommon trap: trap_request=0xffffffde fr.pc=0x00000000031dc3ac
Event: 18.046 Thread 0x0000000002910800 DEOPT PACKING pc=0x00000000031dc3ac sp=0x000000000290e500
Event: 18.046 Thread 0x0000000002910800 DEOPT UNPACKING pc=0x0000000002a5556a sp=0x000000000290e4c8 mode 2
Event: 19.362 Thread 0x0000000016bd5800 Uncommon trap: trap_request=0xffffffde fr.pc=0x000000000324b2a4
Event: 19.362 Thread 0x0000000016bd5800 DEOPT PACKING pc=0x000000000324b2a4 sp=0x000000001735e920
Event: 19.362 Thread 0x0000000016bd5800 DEOPT UNPACKING pc=0x0000000002a5556a sp=0x000000001735e8d8 mode 2
Event: 19.393 Thread 0x0000000016bd0000 DEOPT PACKING pc=0x0000000002ddda68 sp=0x000000001705eb50
Event: 19.393 Thread 0x0000000016bd0000 DEOPT UNPACKING pc=0x0000000002a575bf sp=0x000000001705e980 mode 0


Dynamic libraries:
0x00007ff711720000 - 0x00007ff711751000 	C:\Program Files\Android\Android Studio\jre\bin\java.exe
0x00007ffa485e0000 - 0x00007ffa4878d000 	C:\Windows\SYSTEM32\ntdll.dll
0x00007ffa480b0000 - 0x00007ffa481ee000 	C:\Windows\system32\KERNEL32.DLL
0x00007ffa45910000 - 0x00007ffa45a25000 	C:\Windows\system32\KERNELBASE.dll
0x00007ffa47f90000 - 0x00007ffa4803a000 	C:\Windows\system32\ADVAPI32.dll
0x00007ffa46340000 - 0x00007ffa464b7000 	C:\Windows\system32\USER32.dll
0x00007ffa42fa0000 - 0x00007ffa4321b000 	C:\Windows\WinSxS\amd64_microsoft.windows.common-controls_6595b64144ccf1df_6.0.9600.18006_none_623f33d3ecbe86e8\COMCTL32.dll
0x00007ffa45d10000 - 0x00007ffa45dba000 	C:\Windows\system32\msvcrt.dll
0x00007ffa481f0000 - 0x00007ffa48249000 	C:\Windows\SYSTEM32\sechost.dll
0x00007ffa464c0000 - 0x00007ffa46600000 	C:\Windows\system32\RPCRT4.dll
0x00007ffa46190000 - 0x00007ffa462db000 	C:\Windows\system32\GDI32.dll
0x00007ffa457e0000 - 0x00007ffa4580e000 	C:\Windows\system32\SspiCli.dll
0x00007ffa45cd0000 - 0x00007ffa45d06000 	C:\Windows\system32\IMM32.DLL
0x00007ffa46030000 - 0x00007ffa46181000 	C:\Windows\system32\MSCTF.dll
0x0000000055d90000 - 0x0000000055e62000 	C:\Program Files\Android\Android Studio\jre\jre\bin\msvcr100.dll
0x0000000055ee0000 - 0x0000000056714000 	C:\Program Files\Android\Android Studio\jre\jre\bin\server\jvm.dll
0x00007ffa3ae90000 - 0x00007ffa3ae99000 	C:\Windows\SYSTEM32\WSOCK32.dll
0x00007ffa3e8a0000 - 0x00007ffa3e8c2000 	C:\Windows\SYSTEM32\WINMM.dll
0x00007ffa3f8c0000 - 0x00007ffa3f8ca000 	C:\Windows\SYSTEM32\VERSION.dll
0x00007ffa47eb0000 - 0x00007ffa47eb7000 	C:\Windows\system32\PSAPI.DLL
0x00007ffa45c70000 - 0x00007ffa45cca000 	C:\Windows\system32\WS2_32.dll
0x00007ffa3e870000 - 0x00007ffa3e89a000 	C:\Windows\SYSTEM32\WINMMBASE.dll
0x00007ffa480a0000 - 0x00007ffa480a9000 	C:\Windows\system32\NSI.dll
0x00007ffa45810000 - 0x00007ffa4585f000 	C:\Windows\SYSTEM32\cfgmgr32.dll
0x00007ffa44520000 - 0x00007ffa44548000 	C:\Windows\SYSTEM32\DEVOBJ.dll
0x00007ffa35f20000 - 0x00007ffa35f2f000 	C:\Program Files\Android\Android Studio\jre\jre\bin\verify.dll
0x00007ffa31cd0000 - 0x00007ffa31cf9000 	C:\Program Files\Android\Android Studio\jre\jre\bin\java.dll
0x00007ffa2d1e0000 - 0x00007ffa2d1f6000 	C:\Program Files\Android\Android Studio\jre\jre\bin\zip.dll
0x00007ffa46600000 - 0x00007ffa47b2c000 	C:\Windows\system32\SHELL32.dll
0x00007ffa482d0000 - 0x00007ffa484e2000 	C:\Windows\SYSTEM32\combase.dll
0x00007ffa48040000 - 0x00007ffa48094000 	C:\Windows\system32\SHLWAPI.dll
0x00007ffa43a10000 - 0x00007ffa43ac2000 	C:\Windows\SYSTEM32\SHCORE.dll
0x00007ffa45710000 - 0x00007ffa45725000 	C:\Windows\SYSTEM32\profapi.dll

VM Arguments:
jvm_args: -Djava.awt.headless=true -Xmx1024M -Dfile.encoding=windows-1252 -Duser.country=US -Duser.language=en -Duser.variant 
java_command: com.android.dx.command.Main --dex --force-jumbo --num-threads=4 --output C:\Stay_Safe\app\build\intermediates\pre-dexed\debug\com.android.support-appcompat-v7-24.0.0-alpha1_a3fa3027d33f2618296712e94785406d010b6ed4.jar C:\Stay_Safe\app\build\intermediates\exploded-aar\com.android.support\appcompat-v7\24.0.0-alpha1\jars\classes.jar
java_class_path (initial): C:\Android\sdk\build-tools\25.0.1\lib\dx.jar
Launcher Type: SUN_STANDARD

Environment Variables:
CLASSPATH=C:\Program Files\Java\jdk1.8.0_51\lib;.
PATH=C:\ProgramData\Oracle\Java\javapath;C:\Program Files\Java\jdk1.8.0_51\bin;C:\Program Files (x86)\Common Files\lenovo\easyplussdk\bin;C:\Program Files (x86)\Windows Kits\8.1\Windows Performance Toolkit\;C:\Program Files\Microsoft SQL Server\110\Tools\Binn\;C:\Program Files (x86)\Microsoft SDKs\TypeScript\1.0\;C:\Program Files\Microsoft SQL Server\120\Tools\Binn\;C:\Program Files\nodejs\;C:\Program Files\IBM\Bluemix\bin;C:\Users\PC HP\AppData\Roaming\npm
USERNAME=PC HP
OS=Windows_NT
PROCESSOR_IDENTIFIER=Intel64 Family 6 Model 69 Stepping 1, GenuineIntel



---------------  S Y S T E M  ---------------

OS: Windows 8.1 , 64 bit Build 9600 (6.3.9600.17415)

CPU:total 4 (2 cores per cpu, 2 threads per core) family 6 model 69 stepping 1, cmov, cx8, fxsr, mmx, sse, sse2, sse3, ssse3, sse4.1, sse4.2, popcnt, avx, avx2, aes, clmul, erms, lzcnt, ht, tsc, tscinvbit, bmi1, bmi2

Memory: 4k page, physical 4119212k(726288k free), swap 7264940k(5232k free)

vm_info: OpenJDK 64-Bit Server VM (25.76-b03) for windows-amd64 JRE (1.8.0_76-release-b03), built on Jun 29 2016 19:09:20 by "ralucas" with MS VC++ 10.0 (VS2010)

time: Sat Mar 24 19:30:36 2018
elapsed time: 19 seconds (0d 0h 0m 19s)

