#
# There is insufficient memory for the Java Runtime Environment to continue.
# Native memory allocation (malloc) failed to allocate 32784 bytes for Chunk::new
# Possible reasons:
#   The system is out of physical RAM or swap space
#   In 32 bit mode, the process size limit was hit
# Possible solutions:
#   Reduce memory load on the system
#   Increase physical memory or swap space
#   Check if swap backing store is full
#   Use 64 bit Java on a 64 bit OS
#   Decrease Java heap size (-Xmx/-Xms)
#   Decrease number of Java threads
#   Decrease Java thread stack sizes (-Xss)
#   Set larger code cache with -XX:ReservedCodeCacheSize=
# This output file may be truncated or incomplete.
#
#  Out of Memory Error (allocation.cpp:390), pid=644, tid=0x0000000000001558
#
# JRE version: OpenJDK Runtime Environment (8.0_76-b03) (build 1.8.0_76-release-b03)
# Java VM: OpenJDK 64-Bit Server VM (25.76-b03 mixed mode windows-amd64 compressed oops)
# Failed to write core dump. Minidumps are not enabled by default on client versions of Windows
#

---------------  T H R E A D  ---------------

Current thread (0x0000000015159000):  JavaThread "C2 CompilerThread0" daemon [_thread_in_native, id=5464, stack(0x0000000016780000,0x0000000016880000)]

Stack: [0x0000000016780000,0x0000000016880000]
[error occurred during error reporting (printing stack bounds), id 0xc0000005]

Native frames: (J=compiled Java code, j=interpreted, Vv=VM code, C=native code)


Current CompileTask:
C2:   6781 1005       4       com.android.dx.ssa.NormalSsaInsn::mapSourceRegisters (48 bytes)


---------------  P R O C E S S  ---------------

Java Threads: ( => current thread )
  0x0000000016cea000 JavaThread "pool-1-thread-4" [_thread_in_Java, id=5352, stack(0x0000000017480000,0x0000000017580000)]
  0x0000000016ce8800 JavaThread "pool-1-thread-3" [_thread_in_Java, id=6064, stack(0x0000000017380000,0x0000000017480000)]
  0x0000000016cdf000 JavaThread "pool-1-thread-2" [_thread_in_Java, id=5136, stack(0x0000000017280000,0x0000000017380000)]
  0x0000000016cd4000 JavaThread "pool-2-thread-1" [_thread_blocked, id=5316, stack(0x0000000017180000,0x0000000017280000)]
  0x0000000016d13000 JavaThread "pool-1-thread-1" [_thread_in_Java, id=4940, stack(0x0000000017080000,0x0000000017180000)]
  0x0000000016a8d800 JavaThread "Service Thread" daemon [_thread_blocked, id=5584, stack(0x0000000016e80000,0x0000000016f80000)]
  0x00000000151aa000 JavaThread "C1 CompilerThread2" daemon [_thread_in_vm, id=5312, stack(0x0000000016980000,0x0000000016a80000)]
  0x00000000151a7800 JavaThread "C2 CompilerThread1" daemon [_thread_in_native, id=552, stack(0x0000000016880000,0x0000000016980000)]
=>0x0000000015159000 JavaThread "C2 CompilerThread0" daemon [_thread_in_native, id=5464, stack(0x0000000016780000,0x0000000016880000)]
  0x0000000015158000 JavaThread "Attach Listener" daemon [_thread_blocked, id=5368, stack(0x0000000016680000,0x0000000016780000)]
  0x0000000015156800 JavaThread "Signal Dispatcher" daemon [_thread_blocked, id=5436, stack(0x0000000016580000,0x0000000016680000)]
  0x00000000029bb000 JavaThread "Finalizer" daemon [_thread_blocked, id=5420, stack(0x00000000163a0000,0x00000000164a0000)]
  0x00000000029b0000 JavaThread "Reference Handler" daemon [_thread_blocked, id=5428, stack(0x00000000162a0000,0x00000000163a0000)]
  0x00000000028c0800 JavaThread "main" [_thread_in_Java, id=1908, stack(0x0000000002740000,0x0000000002840000)]

Other Threads:
  0x0000000015115800 VMThread [stack: 0x00000000161a0000,0x00000000162a0000] [id=5452]
  0x0000000016a8f800 WatcherThread [stack: 0x0000000016f80000,0x0000000017080000] [id=5544]

VM state:not at safepoint (normal execution)

VM Mutex/Monitor currently owned by a thread: None

Heap:
 PSYoungGen      total 18944K, used 15200K [0x00000000eab00000, 0x00000000ed000000, 0x0000000100000000)
  eden space 16384K, 77% used [0x00000000eab00000,0x00000000eb7596b8,0x00000000ebb00000)
  from space 2560K, 99% used [0x00000000ebb00000,0x00000000ebd7eab8,0x00000000ebd80000)
  to   space 2560K, 0% used [0x00000000ecd80000,0x00000000ecd80000,0x00000000ed000000)
 ParOldGen       total 44032K, used 1543K [0x00000000c0000000, 0x00000000c2b00000, 0x00000000eab00000)
  object space 44032K, 3% used [0x00000000c0000000,0x00000000c0181d70,0x00000000c2b00000)
 Metaspace       used 5854K, capacity 6832K, committed 7040K, reserved 1056768K
  class space    used 575K, capacity 616K, committed 640K, reserved 1048576K

Card table byte_map: [0x0000000011e40000,0x0000000012050000] byte_map_base: 0x0000000011840000

Marking Bits: (ParMarkBitMap*) 0x0000000056699d00
 Begin Bits: [0x00000000125b0000, 0x00000000135b0000)
 End Bits:   [0x00000000135b0000, 0x00000000145b0000)

Polling page: 0x0000000000ed0000

CodeCache: size=245760Kb used=4121Kb max_used=4127Kb free=241638Kb
 bounds [0x0000000002a80000, 0x0000000002e90000, 0x0000000011a80000]
 total_blobs=1274 nmethods=1006 adapters=182
 compilation: enabled

Compilation events (10 events):
Event: 6.481 Thread 0x00000000151aa000 nmethod 1003 0x0000000002e836d0 code [0x0000000002e83a60, 0x0000000002e85ca8]
Event: 6.485 Thread 0x0000000015159000 nmethod 1001 0x0000000002e8a050 code [0x0000000002e8a1e0, 0x0000000002e8a738]
Event: 6.485 Thread 0x00000000151a7800 1004       4       java.util.ArrayList::grow (45 bytes)
Event: 6.487 Thread 0x0000000015159000 1005       4       com.android.dx.ssa.NormalSsaInsn::mapSourceRegisters (48 bytes)
Event: 6.489 Thread 0x00000000151a7800 nmethod 1004 0x0000000002e8acd0 code [0x0000000002e8ae20, 0x0000000002e8b078]
Event: 6.490 Thread 0x00000000151aa000 1006       3       com.android.dx.ssa.DeadCodeRemover$NoSideEffectVisitor::visitPhiInsn (22 bytes)
Event: 6.492 Thread 0x00000000151aa000 nmethod 1006 0x0000000002e89450 code [0x0000000002e89600, 0x0000000002e89d68]
Event: 6.494 Thread 0x00000000151aa000 1007       3       java.util.TreeMap$Values::iterator (19 bytes)
Event: 6.496 Thread 0x00000000151aa000 nmethod 1007 0x0000000002e88b50 code [0x0000000002e88ce0, 0x0000000002e891f0]
Event: 6.498 Thread 0x00000000151a7800 1008       4       com.android.dx.ssa.back.LivenessAnalyzer::liveInAtStatement (55 bytes)

GC Heap History (2 events):
Event: 5.960 GC heap before
{Heap before GC invocations=1 (full 0):
 PSYoungGen      total 18944K, used 16384K [0x00000000eab00000, 0x00000000ec000000, 0x0000000100000000)
  eden space 16384K, 100% used [0x00000000eab00000,0x00000000ebb00000,0x00000000ebb00000)
  from space 2560K, 0% used [0x00000000ebd80000,0x00000000ebd80000,0x00000000ec000000)
  to   space 2560K, 0% used [0x00000000ebb00000,0x00000000ebb00000,0x00000000ebd80000)
 ParOldGen       total 44032K, used 0K [0x00000000c0000000, 0x00000000c2b00000, 0x00000000eab00000)
  object space 44032K, 0% used [0x00000000c0000000,0x00000000c0000000,0x00000000c2b00000)
 Metaspace       used 5777K, capacity 6768K, committed 7040K, reserved 1056768K
  class space    used 573K, capacity 616K, committed 640K, reserved 1048576K
Event: 6.268 GC heap after
Heap after GC invocations=1 (full 0):
 PSYoungGen      total 18944K, used 2554K [0x00000000eab00000, 0x00000000ed000000, 0x0000000100000000)
  eden space 16384K, 0% used [0x00000000eab00000,0x00000000eab00000,0x00000000ebb00000)
  from space 2560K, 99% used [0x00000000ebb00000,0x00000000ebd7eab8,0x00000000ebd80000)
  to   space 2560K, 0% used [0x00000000ecd80000,0x00000000ecd80000,0x00000000ed000000)
 ParOldGen       total 44032K, used 1543K [0x00000000c0000000, 0x00000000c2b00000, 0x00000000eab00000)
  object space 44032K, 3% used [0x00000000c0000000,0x00000000c0181d70,0x00000000c2b00000)
 Metaspace       used 5777K, capacity 6768K, committed 7040K, reserved 1056768K
  class space    used 573K, capacity 616K, committed 640K, reserved 1048576K
}

Deoptimization events (6 events):
Event: 3.991 Thread 0x0000000016ce8800 Uncommon trap: reason=unstable_if action=reinterpret pc=0x0000000002ccd430 method=java.util.BitSet.nextSetBit(I)I @ 87
Event: 4.032 Thread 0x00000000028c0800 Uncommon trap: reason=class_check action=maybe_recompile pc=0x0000000002d0c4f0 method=com.android.dx.ssa.NormalSsaInsn.accept(Lcom/android/dx/ssa/SsaInsn$Visitor;)V @ 9
Event: 4.032 Thread 0x00000000028c0800 Uncommon trap: reason=class_check action=maybe_recompile pc=0x0000000002d0c4f0 method=com.android.dx.ssa.NormalSsaInsn.accept(Lcom/android/dx/ssa/SsaInsn$Visitor;)V @ 9
Event: 4.032 Thread 0x00000000028c0800 Uncommon trap: reason=class_check action=maybe_recompile pc=0x0000000002d0c4f0 method=com.android.dx.ssa.NormalSsaInsn.accept(Lcom/android/dx/ssa/SsaInsn$Visitor;)V @ 9
Event: 4.032 Thread 0x00000000028c0800 Uncommon trap: reason=class_check action=maybe_recompile pc=0x0000000002d0c4f0 method=com.android.dx.ssa.NormalSsaInsn.accept(Lcom/android/dx/ssa/SsaInsn$Visitor;)V @ 9
Event: 6.412 Thread 0x0000000016ce8800 Uncommon trap: reason=unstable_if action=reinterpret pc=0x0000000002d0dd74 method=java.util.BitSet.ensureCapacity(I)V @ 6

Internal exceptions (2 events):
Event: 0.231 Thread 0x00000000028c0800 Exception <a 'java/lang/NoSuchMethodError': Method sun.misc.Unsafe.defineClass(Ljava/lang/String;[BII)Ljava/lang/Class; name or signature does not match> (0x00000000eab07cc0) thrown at [C:\src\android\AOSP-openjdk\external\jetbrains\jdk\hotspot\src\share\vS–)úˆÍ?
Event: 0.231 Thread 0x00000000028c0800 Exception <a 'java/lang/NoSuchMethodError': Method sun.misc.Unsafe.prefetchRead(Ljava/lang/Object;J)V name or signature does not match> (0x00000000eab07fa8) thrown at [C:\src\android\AOSP-openjdk\external\jetbrains\jdk\hotspot\src\share\vm\prims\jni.cpp, l

Events (10 events):
Event: 4.612 Executing VM operation: ForceSafepoint done
Event: 4.658 Executing VM operation: EnableBiasedLocking
Event: 4.659 Executing VM operation: EnableBiasedLocking done
Event: 4.800 Executing VM operation: ParallelGCFailedAllocation
Event: 6.268 Executing VM operation: ParallelGCFailedAllocation done
Event: 6.394 loading class java/util/DualPivotQuicksort
Event: 6.394 loading class java/util/DualPivotQuicksort done
Event: 6.411 Thread 0x0000000016ce8800 Uncommon trap: trap_request=0xffffff65 fr.pc=0x0000000002d0dd74
Event: 6.412 Thread 0x0000000016ce8800 DEOPT PACKING pc=0x0000000002d0dd74 sp=0x000000001747eb10
Event: 6.412 Thread 0x0000000016ce8800 DEOPT UNPACKING pc=0x0000000002ac556a sp=0x000000001747e9f8 mode 2


Dynamic libraries:
0x00007ff711720000 - 0x00007ff711751000 	C:\Program Files\Android\Android Studio\jre\bin\java.exe
0x00007ffa485e0000 - 0x00007ffa4878d000 	C:\Windows\SYSTEM32\ntdll.dll
0x00007ffa480b0000 - 0x00007ffa481ee000 	C:\Windows\system32\KERNEL32.DLL
0x00007ffa45910000 - 0x00007ffa45a25000 	C:\Windows\system32\KERNELBASE.dll
0x00007ffa47f90000 - 0x00007ffa4803a000 	C:\Windows\system32\ADVAPI32.dll
0x00007ffa46340000 - 0x00007ffa464b7000 	C:\Windows\system32\USER32.dll
0x00007ffa42fa0000 - 0x00007ffa4321b000 	C:\Windows\WinSxS\amd64_microsoft.windows.common-controls_6595b64144ccf1df_6.0.9600.18006_none_623f33d3ecbe86e8\COMCTL32.dll
0x00007ffa45d10000 - 0x00007ffa45dba000 	C:\Windows\system32\msvcrt.dll
0x00007ffa481f0000 - 0x00007ffa48249000 	C:\Windows\SYSTEM32\sechost.dll
0x00007ffa464c0000 - 0x00007ffa46600000 	C:\Windows\system32\RPCRT4.dll
0x00007ffa46190000 - 0x00007ffa462db000 	C:\Windows\system32\GDI32.dll
0x00007ffa457e0000 - 0x00007ffa4580e000 	C:\Windows\system32\SspiCli.dll
0x00007ffa45cd0000 - 0x00007ffa45d06000 	C:\Windows\system32\IMM32.DLL
0x00007ffa46030000 - 0x00007ffa46181000 	C:\Windows\system32\MSCTF.dll
0x0000000055d90000 - 0x0000000055e62000 	C:\Program Files\Android\Android Studio\jre\jre\bin\msvcr100.dll
0x0000000055ee0000 - 0x0000000056714000 	C:\Program Files\Android\Android Studio\jre\jre\bin\server\jvm.dll
0x00007ffa3ae90000 - 0x00007ffa3ae99000 	C:\Windows\SYSTEM32\WSOCK32.dll
0x00007ffa3e8a0000 - 0x00007ffa3e8c2000 	C:\Windows\SYSTEM32\WINMM.dll
0x00007ffa3f8c0000 - 0x00007ffa3f8ca000 	C:\Windows\SYSTEM32\VERSION.dll
0x00007ffa47eb0000 - 0x00007ffa47eb7000 	C:\Windows\system32\PSAPI.DLL
0x00007ffa45c70000 - 0x00007ffa45cca000 	C:\Windows\system32\WS2_32.dll
0x00007ffa3e870000 - 0x00007ffa3e89a000 	C:\Windows\SYSTEM32\WINMMBASE.dll
0x00007ffa480a0000 - 0x00007ffa480a9000 	C:\Windows\system32\NSI.dll
0x00007ffa45810000 - 0x00007ffa4585f000 	C:\Windows\SYSTEM32\cfgmgr32.dll
0x00007ffa44520000 - 0x00007ffa44548000 	C:\Windows\SYSTEM32\DEVOBJ.dll
0x00007ffa35f20000 - 0x00007ffa35f2f000 	C:\Program Files\Android\Android Studio\jre\jre\bin\verify.dll
0x00007ffa31cd0000 - 0x00007ffa31cf9000 	C:\Program Files\Android\Android Studio\jre\jre\bin\java.dll
0x00007ffa2d1e0000 - 0x00007ffa2d1f6000 	C:\Program Files\Android\Android Studio\jre\jre\bin\zip.dll
0x00007ffa46600000 - 0x00007ffa47b2c000 	C:\Windows\system32\SHELL32.dll
0x00007ffa482d0000 - 0x00007ffa484e2000 	C:\Windows\SYSTEM32\combase.dll
0x00007ffa48040000 - 0x00007ffa48094000 	C:\Windows\system32\SHLWAPI.dll
0x00007ffa43a10000 - 0x00007ffa43ac2000 	C:\Windows\SYSTEM32\SHCORE.dll
0x00007ffa45710000 - 0x00007ffa45725000 	C:\Windows\SYSTEM32\profapi.dll

VM Arguments:
jvm_args: -Djava.awt.headless=true -Xmx1024M -Dfile.encoding=windows-1252 -Duser.country=US -Duser.language=en -Duser.variant 
java_command: com.android.dx.command.Main --dex --force-jumbo --num-threads=4 --output C:\Stay_Safe\app\build\intermediates\pre-dexed\debug\com.android.support-recyclerview-v7-24.0.0-alpha1_684b3c4f24be7a65b4eafef5dc90d794058d9c34.jar C:\Stay_Safe\app\build\intermediates\exploded-aar\com.android.support\recyclerview-v7\24.0.0-alpha1\jars\classes.jar
java_class_path (initial): C:\Android\sdk\build-tools\25.0.1\lib\dx.jar
Launcher Type: SUN_STANDARD

Environment Variables:
CLASSPATH=C:\Program Files\Java\jdk1.8.0_51\lib;.
PATH=C:\ProgramData\Oracle\Java\javapath;C:\Program Files\Java\jdk1.8.0_51\bin;C:\Program Files (x86)\Common Files\lenovo\easyplussdk\bin;C:\Program Files (x86)\Windows Kits\8.1\Windows Performance Toolkit\;C:\Program Files\Microsoft SQL Server\110\Tools\Binn\;C:\Program Files (x86)\Microsoft SDKs\TypeScript\1.0\;C:\Program Files\Microsoft SQL Server\120\Tools\Binn\;C:\Program Files\nodejs\;C:\Program Files\IBM\Bluemix\bin;C:\Users\PC HP\AppData\Roaming\npm
USERNAME=PC HP
OS=Windows_NT
PROCESSOR_IDENTIFIER=Intel64 Family 6 Model 69 Stepping 1, GenuineIntel



---------------  S Y S T E M  ---------------

OS: Windows 8.1 , 64 bit Build 9600 (6.3.9600.17415)

CPU:total 4 (2 cores per cpu, 2 threads per core) family 6 model 69 stepping 1, cmov, cx8, fxsr, mmx, sse, sse2, sse3, ssse3, sse4.1, sse4.2, popcnt, avx, avx2, aes, clmul, erms, lzcnt, ht, tsc, tscinvbit, bmi1, bmi2

Memory: 4k page, physical 4119212k(190580k free), swap 7264940k(5036k free)

vm_info: OpenJDK 64-Bit Server VM (25.76-b03) for windows-amd64 JRE (1.8.0_76-release-b03), built on Jun 29 2016 19:09:20 by "ralucas" with MS VC++ 10.0 (VS2010)

time: Sat Mar 24 18:27:53 2018
elapsed time: 6 seconds (0d 0h 0m 6s)

