#
# There is insufficient memory for the Java Runtime Environment to continue.
# Native memory allocation (malloc) failed to allocate 1247056 bytes for Chunk::new
# Possible reasons:
#   The system is out of physical RAM or swap space
#   In 32 bit mode, the process size limit was hit
# Possible solutions:
#   Reduce memory load on the system
#   Increase physical memory or swap space
#   Check if swap backing store is full
#   Use 64 bit Java on a 64 bit OS
#   Decrease Java heap size (-Xmx/-Xms)
#   Decrease number of Java threads
#   Decrease Java thread stack sizes (-Xss)
#   Set larger code cache with -XX:ReservedCodeCacheSize=
# This output file may be truncated or incomplete.
#
#  Out of Memory Error (allocation.cpp:390), pid=820, tid=0x00000000000015c0
#
# JRE version: OpenJDK Runtime Environment (8.0_76-b03) (build 1.8.0_76-release-b03)
# Java VM: OpenJDK 64-Bit Server VM (25.76-b03 mixed mode windows-amd64 compressed oops)
# Failed to write core dump. Minidumps are not enabled by default on client versions of Windows
#

---------------  T H R E A D  ---------------

Current thread (0x00000000151bb000):  JavaThread "C2 CompilerThread0" daemon [_thread_in_native, id=5568, stack(0x0000000016810000,0x0000000016910000)]

Stack: [0x0000000016810000,0x0000000016910000]
[error occurred during error reporting (printing stack bounds), id 0xc0000005]

Native frames: (J=compiled Java code, j=interpreted, Vv=VM code, C=native code)


Current CompileTask:
C2:   7126 1613   !   4       com.android.dx.cf.code.BytecodeArray::parseInstruction (2764 bytes)


---------------  P R O C E S S  ---------------

Java Threads: ( => current thread )
  0x0000000016de2000 JavaThread "pool-1-thread-4" [_thread_blocked, id=6104, stack(0x0000000017510000,0x0000000017610000)]
  0x0000000016de1800 JavaThread "pool-1-thread-3" [_thread_blocked, id=4548, stack(0x0000000017410000,0x0000000017510000)]
  0x0000000016dcd000 JavaThread "pool-1-thread-2" [_thread_blocked, id=6040, stack(0x0000000017310000,0x0000000017410000)]
  0x0000000016d9b800 JavaThread "pool-2-thread-1" [_thread_blocked, id=5424, stack(0x0000000017210000,0x0000000017310000)]
  0x0000000016d48800 JavaThread "pool-1-thread-1" [_thread_blocked, id=2964, stack(0x0000000017110000,0x0000000017210000)]
  0x000000001521e800 JavaThread "Service Thread" daemon [_thread_blocked, id=1400, stack(0x0000000016f10000,0x0000000017010000)]
  0x000000001521b000 JavaThread "C1 CompilerThread2" daemon [_thread_blocked, id=1880, stack(0x0000000016a10000,0x0000000016b10000)]
  0x0000000015214800 JavaThread "C2 CompilerThread1" daemon [_thread_blocked, id=6108, stack(0x0000000016910000,0x0000000016a10000)]
=>0x00000000151bb000 JavaThread "C2 CompilerThread0" daemon [_thread_in_native, id=5568, stack(0x0000000016810000,0x0000000016910000)]
  0x00000000151b9800 JavaThread "Attach Listener" daemon [_thread_blocked, id=5552, stack(0x0000000016710000,0x0000000016810000)]
  0x00000000151b8000 JavaThread "Signal Dispatcher" daemon [_thread_blocked, id=5608, stack(0x0000000016610000,0x0000000016710000)]
  0x0000000002aeb000 JavaThread "Finalizer" daemon [_thread_blocked, id=248, stack(0x0000000016430000,0x0000000016530000)]
  0x0000000002ae0000 JavaThread "Reference Handler" daemon [_thread_blocked, id=3956, stack(0x0000000016330000,0x0000000016430000)]
  0x00000000029f0800 JavaThread "main" [_thread_blocked, id=4052, stack(0x00000000028f0000,0x00000000029f0000)]

Other Threads:
  0x0000000015185800 VMThread [stack: 0x0000000016230000,0x0000000016330000] [id=4208]
  0x0000000016b12800 WatcherThread [stack: 0x0000000017010000,0x0000000017110000] [id=5636]

VM state:at safepoint (normal execution)

VM Mutex/Monitor currently owned by a thread:  ([mutex/lock_event])
[0x00000000010cbc20] Threads_lock - owner thread: 0x0000000015185800
[0x00000000010cc5a0] Heap_lock - owner thread: 0x00000000029f0800

Heap:
 PSYoungGen      total 35328K, used 35319K [0x00000000eab00000, 0x00000000ed000000, 0x0000000100000000)
  eden space 32768K, 100% used [0x00000000eab00000,0x00000000ecb00000,0x00000000ecb00000)
  from space 2560K, 99% used [0x00000000ecd80000,0x00000000ecffdc98,0x00000000ed000000)
  to   space 2560K, 98% used [0x00000000ecb00000,0x00000000ecd78018,0x00000000ecd80000)
 ParOldGen       total 44032K, used 8698K [0x00000000c0000000, 0x00000000c2b00000, 0x00000000eab00000)
  object space 44032K, 19% used [0x00000000c0000000,0x00000000c087ea80,0x00000000c2b00000)
 Metaspace       used 6173K, capacity 7088K, committed 7296K, reserved 1056768K
  class space    used 574K, capacity 616K, committed 640K, reserved 1048576K

Card table byte_map: [0x0000000011eb0000,0x00000000120c0000] byte_map_base: 0x00000000118b0000

Marking Bits: (ParMarkBitMap*) 0x0000000056699d00
 Begin Bits: [0x0000000012620000, 0x0000000013620000)
 End Bits:   [0x0000000013620000, 0x0000000014620000)

Polling page: 0x0000000001140000

CodeCache: size=245760Kb used=7188Kb max_used=7188Kb free=238571Kb
 bounds [0x0000000002af0000, 0x0000000003200000, 0x0000000011af0000]
 total_blobs=1897 nmethods=1628 adapters=182
 compilation: enabled

Compilation events (10 events):
Event: 6.717 Thread 0x000000001521b000 1638       3       com.android.dx.ssa.back.FirstFitLocalCombiningAllocator$Multiset::add (68 bytes)
Event: 6.717 Thread 0x000000001521b000 nmethod 1638 0x000000000319ad10 code [0x000000000319aea0, 0x000000000319b190]
Event: 6.718 Thread 0x000000001521b000 1639       3       com.android.dx.ssa.back.FirstFitLocalCombiningAllocator$Multiset::<init> (24 bytes)
Event: 6.718 Thread 0x000000001521b000 nmethod 1639 0x000000000319a7d0 code [0x000000000319a940, 0x000000000319ac30]
Event: 6.719 Thread 0x000000001521b000 1640       3       com.android.dx.ssa.back.SsaToRop$PhiVisitor::visitPhiInsn (67 bytes)
Event: 6.720 Thread 0x000000001521b000 nmethod 1640 0x00000000031f3650 code [0x00000000031f38c0, 0x00000000031f48c8]
Event: 6.829 Thread 0x000000001521b000 1643       3       com.android.dx.ssa.PhiInsn::updateSourcesToDefinitions (68 bytes)
Event: 6.831 Thread 0x000000001521b000 nmethod 1643 0x00000000031f54d0 code [0x00000000031f56e0, 0x00000000031f6278]
Event: 6.835 Thread 0x000000001521b000 1644       3       com.android.dx.ssa.back.FirstFitLocalCombiningAllocator::processPhiInsn (255 bytes)
Event: 6.839 Thread 0x000000001521b000 nmethod 1644 0x00000000031f6890 code [0x00000000031f6c60, 0x00000000031f9098]

GC Heap History (5 events):
Event: 2.260 GC heap before
{Heap before GC invocations=1 (full 0):
 PSYoungGen      total 18944K, used 16384K [0x00000000eab00000, 0x00000000ec000000, 0x0000000100000000)
  eden space 16384K, 100% used [0x00000000eab00000,0x00000000ebb00000,0x00000000ebb00000)
  from space 2560K, 0% used [0x00000000ebd80000,0x00000000ebd80000,0x00000000ec000000)
  to   space 2560K, 0% used [0x00000000ebb00000,0x00000000ebb00000,0x00000000ebd80000)
 ParOldGen       total 44032K, used 0K [0x00000000c0000000, 0x00000000c2b00000, 0x00000000eab00000)
  object space 44032K, 0% used [0x00000000c0000000,0x00000000c0000000,0x00000000c2b00000)
 Metaspace       used 5698K, capacity 6704K, committed 6784K, reserved 1056768K
  class space    used 569K, capacity 616K, committed 640K, reserved 1048576K
Event: 2.361 GC heap after
Heap after GC invocations=1 (full 0):
 PSYoungGen      total 18944K, used 2554K [0x00000000eab00000, 0x00000000ed000000, 0x0000000100000000)
  eden space 16384K, 0% used [0x00000000eab00000,0x00000000eab00000,0x00000000ebb00000)
  from space 2560K, 99% used [0x00000000ebb00000,0x00000000ebd7eab8,0x00000000ebd80000)
  to   space 2560K, 0% used [0x00000000ecd80000,0x00000000ecd80000,0x00000000ed000000)
 ParOldGen       total 44032K, used 1730K [0x00000000c0000000, 0x00000000c2b00000, 0x00000000eab00000)
  object space 44032K, 3% used [0x00000000c0000000,0x00000000c01b0878,0x00000000c2b00000)
 Metaspace       used 5698K, capacity 6704K, committed 6784K, reserved 1056768K
  class space    used 569K, capacity 616K, committed 640K, reserved 1048576K
}
Event: 3.308 GC heap before
{Heap before GC invocations=2 (full 0):
 PSYoungGen      total 18944K, used 18938K [0x00000000eab00000, 0x00000000ed000000, 0x0000000100000000)
  eden space 16384K, 100% used [0x00000000eab00000,0x00000000ebb00000,0x00000000ebb00000)
  from space 2560K, 99% used [0x00000000ebb00000,0x00000000ebd7eab8,0x00000000ebd80000)
  to   space 2560K, 0% used [0x00000000ecd80000,0x00000000ecd80000,0x00000000ed000000)
 ParOldGen       total 44032K, used 1730K [0x00000000c0000000, 0x00000000c2b00000, 0x00000000eab00000)
  object space 44032K, 3% used [0x00000000c0000000,0x00000000c01b0878,0x00000000c2b00000)
 Metaspace       used 5929K, capacity 6896K, committed 7040K, reserved 1056768K
  class space    used 573K, capacity 616K, committed 640K, reserved 1048576K
Event: 3.386 GC heap after
Heap after GC invocations=2 (full 0):
 PSYoungGen      total 35328K, used 2551K [0x00000000eab00000, 0x00000000ed000000, 0x0000000100000000)
  eden space 32768K, 0% used [0x00000000eab00000,0x00000000eab00000,0x00000000ecb00000)
  from space 2560K, 99% used [0x00000000ecd80000,0x00000000ecffdc98,0x00000000ed000000)
  to   space 2560K, 0% used [0x00000000ecb00000,0x00000000ecb00000,0x00000000ecd80000)
 ParOldGen       total 44032K, used 3425K [0x00000000c0000000, 0x00000000c2b00000, 0x00000000eab00000)
  object space 44032K, 7% used [0x00000000c0000000,0x00000000c03586d0,0x00000000c2b00000)
 Metaspace       used 5929K, capacity 6896K, committed 7040K, reserved 1056768K
  class space    used 573K, capacity 616K, committed 640K, reserved 1048576K
}
Event: 6.852 GC heap before
{Heap before GC invocations=3 (full 0):
 PSYoungGen      total 35328K, used 35319K [0x00000000eab00000, 0x00000000ed000000, 0x0000000100000000)
  eden space 32768K, 100% used [0x00000000eab00000,0x00000000ecb00000,0x00000000ecb00000)
  from space 2560K, 99% used [0x00000000ecd80000,0x00000000ecffdc98,0x00000000ed000000)
  to   space 2560K, 0% used [0x00000000ecb00000,0x00000000ecb00000,0x00000000ecd80000)
 ParOldGen       total 44032K, used 3425K [0x00000000c0000000, 0x00000000c2b00000, 0x00000000eab00000)
  object space 44032K, 7% used [0x00000000c0000000,0x00000000c03586d0,0x00000000c2b00000)
 Metaspace       used 6173K, capacity 7088K, committed 7296K, reserved 1056768K
  class space    used 574K, capacity 616K, committed 640K, reserved 1048576K

Deoptimization events (10 events):
Event: 3.060 Thread 0x0000000016d48800 Uncommon trap: reason=unstable_if action=reinterpret pc=0x0000000002f8fa40 method=com.android.dx.cf.code.BytecodeArray.parseInstruction(ILcom/android/dx/cf/code/BytecodeArray$Visitor;)I @ 1198
Event: 3.491 Thread 0x0000000016d48800 Uncommon trap: reason=unstable_if action=reinterpret pc=0x0000000002f8800c method=com.android.dx.rop.code.RegisterSpecSet.put(Lcom/android/dx/rop/code/RegisterSpec;)V @ 77
Event: 3.491 Thread 0x0000000016d48800 Uncommon trap: reason=unstable_if action=reinterpret pc=0x0000000002e4b4a8 method=com.android.dx.rop.code.RegisterSpecSet.put(Lcom/android/dx/rop/code/RegisterSpec;)V @ 77
Event: 4.211 Thread 0x0000000016d48800 Uncommon trap: reason=null_check action=make_not_entrant pc=0x0000000002e228a8 method=com.android.dx.rop.type.Type.equals(Ljava/lang/Object;)Z @ 8
Event: 4.478 Thread 0x0000000016d48800 Uncommon trap: reason=bimorphic action=maybe_recompile pc=0x000000000315d92c method=com.android.dx.ssa.LiteralOpUpgrader.tryReplacingWithConstant(Lcom/android/dx/ssa/NormalSsaInsn;)Z @ 52
Event: 4.532 Thread 0x0000000016dcd000 Uncommon trap: reason=bimorphic action=maybe_recompile pc=0x000000000315d92c method=com.android.dx.ssa.LiteralOpUpgrader.tryReplacingWithConstant(Lcom/android/dx/ssa/NormalSsaInsn;)Z @ 52
Event: 4.539 Thread 0x0000000016dcd000 Uncommon trap: reason=bimorphic action=maybe_recompile pc=0x000000000315d92c method=com.android.dx.ssa.LiteralOpUpgrader.tryReplacingWithConstant(Lcom/android/dx/ssa/NormalSsaInsn;)Z @ 52
Event: 4.544 Thread 0x0000000016d48800 Uncommon trap: reason=bimorphic action=maybe_recompile pc=0x000000000315d92c method=com.android.dx.ssa.LiteralOpUpgrader.tryReplacingWithConstant(Lcom/android/dx/ssa/NormalSsaInsn;)Z @ 52
Event: 6.164 Thread 0x0000000016de2000 Uncommon trap: reason=unstable_if action=reinterpret pc=0x0000000002f9c440 method=com.android.dx.ssa.SCCP.simulateStmt(Lcom/android/dx/ssa/SsaInsn;)V @ 469
Event: 6.685 Thread 0x00000000029f0800 Uncommon trap: reason=unloaded action=reinterpret pc=0x00000000031bf5f4 method=com.android.dx.cf.cst.ConstantPoolParser.parse0(ILjava/util/BitSet;)Lcom/android/dx/rop/cst/Constant; @ 220

Internal exceptions (3 events):
Event: 0.257 Thread 0x00000000029f0800 Exception <a 'java/lang/NoSuchMethodError': Method sun.misc.Unsafe.defineClass(Ljava/lang/String;[BII)Ljava/lang/Class; name or signature does not match> (0x00000000eab07cc0) thrown at [C:\src\android\AOSP-openjdk\external\jetbrains\jdk\hotspot\src\share\vÃ_Äó*sÐ?
Event: 0.257 Thread 0x00000000029f0800 Exception <a 'java/lang/NoSuchMethodError': Method sun.misc.Unsafe.prefetchRead(Ljava/lang/Object;J)V name or signature does not match> (0x00000000eab07fa8) thrown at [C:\src\android\AOSP-openjdk\external\jetbrains\jdk\hotspot\src\share\vm\prims\jni.cpp, lç1Ð2Æ×@
Event: 4.211 Thread 0x0000000016d48800 Implicit null exception at 0x0000000002e227a2 to 0x0000000002e2289a

Events (10 events):
Event: 4.544 Thread 0x0000000016d48800 DEOPT UNPACKING pc=0x0000000002b3556a sp=0x000000001720ea48 mode 2
Event: 4.580 Executing VM operation: EnableBiasedLocking
Event: 4.877 Executing VM operation: EnableBiasedLocking done
Event: 6.164 Thread 0x0000000016de2000 Uncommon trap: trap_request=0xffffff65 fr.pc=0x0000000002f9c440
Event: 6.164 Thread 0x0000000016de2000 DEOPT PACKING pc=0x0000000002f9c440 sp=0x000000001760e440
Event: 6.164 Thread 0x0000000016de2000 DEOPT UNPACKING pc=0x0000000002b3556a sp=0x000000001760e410 mode 2
Event: 6.685 Thread 0x00000000029f0800 Uncommon trap: trap_request=0x000000d4 fr.pc=0x00000000031bf5f4
Event: 6.685 Thread 0x00000000029f0800 DEOPT PACKING pc=0x00000000031bf5f4 sp=0x00000000029ee600
Event: 6.685 Thread 0x00000000029f0800 DEOPT UNPACKING pc=0x0000000002b3556a sp=0x00000000029ee660 mode 2
Event: 6.840 Executing VM operation: ParallelGCFailedAllocation


Dynamic libraries:
0x00007ff711720000 - 0x00007ff711751000 	C:\Program Files\Android\Android Studio\jre\bin\java.exe
0x00007ffa485e0000 - 0x00007ffa4878d000 	C:\Windows\SYSTEM32\ntdll.dll
0x00007ffa480b0000 - 0x00007ffa481ee000 	C:\Windows\system32\KERNEL32.DLL
0x00007ffa45910000 - 0x00007ffa45a25000 	C:\Windows\system32\KERNELBASE.dll
0x00007ffa47f90000 - 0x00007ffa4803a000 	C:\Windows\system32\ADVAPI32.dll
0x00007ffa46340000 - 0x00007ffa464b7000 	C:\Windows\system32\USER32.dll
0x00007ffa42fa0000 - 0x00007ffa4321b000 	C:\Windows\WinSxS\amd64_microsoft.windows.common-controls_6595b64144ccf1df_6.0.9600.18006_none_623f33d3ecbe86e8\COMCTL32.dll
0x00007ffa45d10000 - 0x00007ffa45dba000 	C:\Windows\system32\msvcrt.dll
0x00007ffa481f0000 - 0x00007ffa48249000 	C:\Windows\SYSTEM32\sechost.dll
0x00007ffa464c0000 - 0x00007ffa46600000 	C:\Windows\system32\RPCRT4.dll
0x00007ffa46190000 - 0x00007ffa462db000 	C:\Windows\system32\GDI32.dll
0x00007ffa457e0000 - 0x00007ffa4580e000 	C:\Windows\system32\SspiCli.dll
0x00007ffa45cd0000 - 0x00007ffa45d06000 	C:\Windows\system32\IMM32.DLL
0x00007ffa46030000 - 0x00007ffa46181000 	C:\Windows\system32\MSCTF.dll
0x0000000055d90000 - 0x0000000055e62000 	C:\Program Files\Android\Android Studio\jre\jre\bin\msvcr100.dll
0x0000000055ee0000 - 0x0000000056714000 	C:\Program Files\Android\Android Studio\jre\jre\bin\server\jvm.dll
0x00007ffa3ae90000 - 0x00007ffa3ae99000 	C:\Windows\SYSTEM32\WSOCK32.dll
0x00007ffa3e8a0000 - 0x00007ffa3e8c2000 	C:\Windows\SYSTEM32\WINMM.dll
0x00007ffa3f8c0000 - 0x00007ffa3f8ca000 	C:\Windows\SYSTEM32\VERSION.dll
0x00007ffa47eb0000 - 0x00007ffa47eb7000 	C:\Windows\system32\PSAPI.DLL
0x00007ffa45c70000 - 0x00007ffa45cca000 	C:\Windows\system32\WS2_32.dll
0x00007ffa3e870000 - 0x00007ffa3e89a000 	C:\Windows\SYSTEM32\WINMMBASE.dll
0x00007ffa480a0000 - 0x00007ffa480a9000 	C:\Windows\system32\NSI.dll
0x00007ffa45810000 - 0x00007ffa4585f000 	C:\Windows\SYSTEM32\cfgmgr32.dll
0x00007ffa44520000 - 0x00007ffa44548000 	C:\Windows\SYSTEM32\DEVOBJ.dll
0x00007ffa35f20000 - 0x00007ffa35f2f000 	C:\Program Files\Android\Android Studio\jre\jre\bin\verify.dll
0x00007ffa31cd0000 - 0x00007ffa31cf9000 	C:\Program Files\Android\Android Studio\jre\jre\bin\java.dll
0x00007ffa2d1e0000 - 0x00007ffa2d1f6000 	C:\Program Files\Android\Android Studio\jre\jre\bin\zip.dll
0x00007ffa46600000 - 0x00007ffa47b2c000 	C:\Windows\system32\SHELL32.dll
0x00007ffa482d0000 - 0x00007ffa484e2000 	C:\Windows\SYSTEM32\combase.dll
0x00007ffa48040000 - 0x00007ffa48094000 	C:\Windows\system32\SHLWAPI.dll
0x00007ffa43a10000 - 0x00007ffa43ac2000 	C:\Windows\SYSTEM32\SHCORE.dll
0x00007ffa45710000 - 0x00007ffa45725000 	C:\Windows\SYSTEM32\profapi.dll

VM Arguments:
jvm_args: -Djava.awt.headless=true -Xmx1024M -Dfile.encoding=windows-1252 -Duser.country=US -Duser.language=en -Duser.variant 
java_command: com.android.dx.command.Main --dex --force-jumbo --num-threads=4 --output C:\Stay_Safe\app\build\intermediates\pre-dexed\debug\com.google.android.gms-play-services-wallet-8.4.0_09c9ac4b7db496b7a36daebde39a624d304e727e.jar C:\Stay_Safe\app\build\intermediates\exploded-aar\com.google.android.gms\play-services-wallet\8.4.0\jars\classes.jar
java_class_path (initial): C:\Android\sdk\build-tools\25.0.1\lib\dx.jar
Launcher Type: SUN_STANDARD

Environment Variables:
CLASSPATH=C:\Program Files\Java\jdk1.8.0_51\lib;.
PATH=C:\ProgramData\Oracle\Java\javapath;C:\Program Files\Java\jdk1.8.0_51\bin;C:\Program Files (x86)\Common Files\lenovo\easyplussdk\bin;C:\Program Files (x86)\Windows Kits\8.1\Windows Performance Toolkit\;C:\Program Files\Microsoft SQL Server\110\Tools\Binn\;C:\Program Files (x86)\Microsoft SDKs\TypeScript\1.0\;C:\Program Files\Microsoft SQL Server\120\Tools\Binn\;C:\Program Files\nodejs\;C:\Program Files\IBM\Bluemix\bin;C:\Users\PC HP\AppData\Roaming\npm
USERNAME=PC HP
OS=Windows_NT
PROCESSOR_IDENTIFIER=Intel64 Family 6 Model 69 Stepping 1, GenuineIntel



---------------  S Y S T E M  ---------------

OS: Windows 8.1 , 64 bit Build 9600 (6.3.9600.17415)

CPU:total 4 (2 cores per cpu, 2 threads per core) family 6 model 69 stepping 1, cmov, cx8, fxsr, mmx, sse, sse2, sse3, ssse3, sse4.1, sse4.2, popcnt, avx, avx2, aes, clmul, erms, lzcnt, ht, tsc, tscinvbit, bmi1, bmi2

Memory: 4k page, physical 4119212k(190304k free), swap 7264940k(5172k free)

vm_info: OpenJDK 64-Bit Server VM (25.76-b03) for windows-amd64 JRE (1.8.0_76-release-b03), built on Jun 29 2016 19:09:20 by "ralucas" with MS VC++ 10.0 (VS2010)

time: Sat Mar 24 18:27:52 2018
elapsed time: 7 seconds (0d 0h 0m 7s)

