#
# There is insufficient memory for the Java Runtime Environment to continue.
# Native memory allocation (malloc) failed to allocate 32784 bytes for Chunk::new
# Possible reasons:
#   The system is out of physical RAM or swap space
#   In 32 bit mode, the process size limit was hit
# Possible solutions:
#   Reduce memory load on the system
#   Increase physical memory or swap space
#   Check if swap backing store is full
#   Use 64 bit Java on a 64 bit OS
#   Decrease Java heap size (-Xmx/-Xms)
#   Decrease number of Java threads
#   Decrease Java thread stack sizes (-Xss)
#   Set larger code cache with -XX:ReservedCodeCacheSize=
# This output file may be truncated or incomplete.
#
#  Out of Memory Error (allocation.cpp:390), pid=4468, tid=0x0000000000000c1c
#
# JRE version: OpenJDK Runtime Environment (8.0_76-b03) (build 1.8.0_76-release-b03)
# Java VM: OpenJDK 64-Bit Server VM (25.76-b03 mixed mode windows-amd64 compressed oops)
# Failed to write core dump. Minidumps are not enabled by default on client versions of Windows
#

---------------  T H R E A D  ---------------

Current thread (0x0000000014fe6000):  JavaThread "C2 CompilerThread0" daemon [_thread_in_native, id=3100, stack(0x0000000016610000,0x0000000016710000)]

Stack: [0x0000000016610000,0x0000000016710000]
[error occurred during error reporting (printing stack bounds), id 0xc0000005]

Native frames: (J=compiled Java code, j=interpreted, Vv=VM code, C=native code)


Current CompileTask:
C2:   4513 1481   !   4       com.android.dx.cf.code.BytecodeArray::parseInstruction (2764 bytes)


---------------  P R O C E S S  ---------------

Java Threads: ( => current thread )
  0x0000000016b52800 JavaThread "pool-1-thread-4" [_thread_in_Java, id=9036, stack(0x0000000017310000,0x0000000017410000)]
  0x0000000016b05800 JavaThread "pool-1-thread-3" [_thread_blocked, id=5032, stack(0x0000000017210000,0x0000000017310000)]
  0x0000000016a50000 JavaThread "pool-1-thread-2" [_thread_in_Java, id=8284, stack(0x0000000017110000,0x0000000017210000)]
  0x0000000016a44000 JavaThread "pool-2-thread-1" [_thread_blocked, id=8156, stack(0x0000000017010000,0x0000000017110000)]
  0x0000000016a43800 JavaThread "pool-1-thread-1" [_thread_in_Java, id=4856, stack(0x0000000016f10000,0x0000000017010000)]
  0x0000000016921800 JavaThread "Service Thread" daemon [_thread_blocked, id=3724, stack(0x0000000016d10000,0x0000000016e10000)]
  0x000000001503a000 JavaThread "C1 CompilerThread2" daemon [_thread_blocked, id=3584, stack(0x0000000016810000,0x0000000016910000)]
  0x0000000014fe1800 JavaThread "C2 CompilerThread1" daemon [_thread_blocked, id=4104, stack(0x0000000016710000,0x0000000016810000)]
=>0x0000000014fe6000 JavaThread "C2 CompilerThread0" daemon [_thread_in_native, id=3100, stack(0x0000000016610000,0x0000000016710000)]
  0x0000000014fe4800 JavaThread "Attach Listener" daemon [_thread_blocked, id=6236, stack(0x0000000016510000,0x0000000016610000)]
  0x0000000014fe3000 JavaThread "Signal Dispatcher" daemon [_thread_blocked, id=8244, stack(0x0000000016410000,0x0000000016510000)]
  0x0000000014fc8000 JavaThread "Finalizer" daemon [_thread_blocked, id=1628, stack(0x0000000016230000,0x0000000016330000)]
  0x0000000002901000 JavaThread "Reference Handler" daemon [_thread_blocked, id=1616, stack(0x0000000016130000,0x0000000016230000)]
  0x0000000002811000 JavaThread "main" [_thread_in_vm, id=7712, stack(0x0000000002680000,0x0000000002780000)]

Other Threads:
  0x0000000014fa5800 VMThread [stack: 0x0000000016030000,0x0000000016130000] [id=8344]
  0x0000000016922000 WatcherThread [stack: 0x0000000016e10000,0x0000000016f10000] [id=6956]

VM state:synchronizing (normal execution)

VM Mutex/Monitor currently owned by a thread:  ([mutex/lock_event])
[0x00000000027ac6f0] Safepoint_lock - owner thread: 0x0000000014fa5800
[0x00000000027ac770] Threads_lock - owner thread: 0x0000000014fa5800
[0x00000000027abcf0] Heap_lock - owner thread: 0x0000000016b05800

Heap:
 PSYoungGen      total 35328K, used 35323K [0x00000000eab00000, 0x00000000ef000000, 0x0000000100000000)
  eden space 32768K, 100% used [0x00000000eab00000,0x00000000ecb00000,0x00000000ecb00000)
  from space 2560K, 99% used [0x00000000ecb00000,0x00000000ecd7ef68,0x00000000ecd80000)
  to   space 2560K, 0% used [0x00000000eed80000,0x00000000eed80000,0x00000000ef000000)
 ParOldGen       total 44032K, used 9379K [0x00000000c0000000, 0x00000000c2b00000, 0x00000000eab00000)
  object space 44032K, 21% used [0x00000000c0000000,0x00000000c0928ee0,0x00000000c2b00000)
 Metaspace       used 5857K, capacity 7024K, committed 7296K, reserved 1056768K
  class space    used 556K, capacity 616K, committed 640K, reserved 1048576K

Card table byte_map: [0x0000000011cd0000,0x0000000011ee0000] byte_map_base: 0x00000000116d0000

Marking Bits: (ParMarkBitMap*) 0x000000005d8d9d00
 Begin Bits: [0x0000000012440000, 0x0000000013440000)
 End Bits:   [0x0000000013440000, 0x0000000014440000)

Polling page: 0x0000000000e80000

CodeCache: size=245760Kb used=6522Kb max_used=6522Kb free=239237Kb
 bounds [0x0000000002910000, 0x0000000002f80000, 0x0000000011910000]
 total_blobs=1799 nmethods=1538 adapters=175
 compilation: enabled

Compilation events (10 events):
Event: 4.091 Thread 0x000000001503a000 1530       2       java.util.Arrays$LegacyMergeSort::access$000 (4 bytes)
Event: 4.092 Thread 0x000000001503a000 nmethod 1530 0x0000000002f40c50 code [0x0000000002f40da0, 0x0000000002f40ed0]
Event: 4.093 Thread 0x000000001503a000 1531       2       com.android.dx.cf.attrib.BaseLocalVariables::byteLength (14 bytes)
Event: 4.093 Thread 0x000000001503a000 nmethod 1531 0x0000000002f40f50 code [0x0000000002f410a0, 0x0000000002f41210]
Event: 4.094 Thread 0x000000001503a000 1532       1       com.android.dx.dex.file.DexFile::getStringIds (5 bytes)
Event: 4.095 Thread 0x000000001503a000 nmethod 1532 0x0000000002f412d0 code [0x0000000002f41420, 0x0000000002f41530]
Event: 4.096 Thread 0x000000001503a000 1533       2       java.util.TimSort::sort (229 bytes)
Event: 4.097 Thread 0x000000001503a000 nmethod 1533 0x0000000002f41590 code [0x0000000002f41760, 0x0000000002f41c18]
Event: 4.138 Thread 0x0000000014fe6000 nmethod 1469 0x0000000002f47b10 code [0x0000000002f47ea0, 0x0000000002f4aba0]
Event: 4.138 Thread 0x0000000014fe6000 1481   !   4       com.android.dx.cf.code.BytecodeArray::parseInstruction (2764 bytes)

GC Heap History (6 events):
Event: 1.273 GC heap before
{Heap before GC invocations=1 (full 0):
 PSYoungGen      total 18944K, used 16384K [0x00000000eab00000, 0x00000000ec000000, 0x0000000100000000)
  eden space 16384K, 100% used [0x00000000eab00000,0x00000000ebb00000,0x00000000ebb00000)
  from space 2560K, 0% used [0x00000000ebd80000,0x00000000ebd80000,0x00000000ec000000)
  to   space 2560K, 0% used [0x00000000ebb00000,0x00000000ebb00000,0x00000000ebd80000)
 ParOldGen       total 44032K, used 0K [0x00000000c0000000, 0x00000000c2b00000, 0x00000000eab00000)
  object space 44032K, 0% used [0x00000000c0000000,0x00000000c0000000,0x00000000c2b00000)
 Metaspace       used 5510K, capacity 6768K, committed 7040K, reserved 1056768K
  class space    used 550K, capacity 616K, committed 640K, reserved 1048576K
Event: 1.351 GC heap after
Heap after GC invocations=1 (full 0):
 PSYoungGen      total 18944K, used 2556K [0x00000000eab00000, 0x00000000ed000000, 0x0000000100000000)
  eden space 16384K, 0% used [0x00000000eab00000,0x00000000eab00000,0x00000000ebb00000)
  from space 2560K, 99% used [0x00000000ebb00000,0x00000000ebd7f3b8,0x00000000ebd80000)
  to   space 2560K, 0% used [0x00000000ecd80000,0x00000000ecd80000,0x00000000ed000000)
 ParOldGen       total 44032K, used 1734K [0x00000000c0000000, 0x00000000c2b00000, 0x00000000eab00000)
  object space 44032K, 3% used [0x00000000c0000000,0x00000000c01b1890,0x00000000c2b00000)
 Metaspace       used 5510K, capacity 6768K, committed 7040K, reserved 1056768K
  class space    used 550K, capacity 616K, committed 640K, reserved 1048576K
}
Event: 2.282 GC heap before
{Heap before GC invocations=2 (full 0):
 PSYoungGen      total 18944K, used 18940K [0x00000000eab00000, 0x00000000ed000000, 0x0000000100000000)
  eden space 16384K, 100% used [0x00000000eab00000,0x00000000ebb00000,0x00000000ebb00000)
  from space 2560K, 99% used [0x00000000ebb00000,0x00000000ebd7f3b8,0x00000000ebd80000)
  to   space 2560K, 0% used [0x00000000ecd80000,0x00000000ecd80000,0x00000000ed000000)
 ParOldGen       total 44032K, used 1734K [0x00000000c0000000, 0x00000000c2b00000, 0x00000000eab00000)
  object space 44032K, 3% used [0x00000000c0000000,0x00000000c01b1890,0x00000000c2b00000)
 Metaspace       used 5643K, capacity 6832K, committed 7040K, reserved 1056768K
  class space    used 550K, capacity 616K, committed 640K, reserved 1048576K
Event: 2.295 GC heap after
Heap after GC invocations=2 (full 0):
 PSYoungGen      total 35328K, used 2529K [0x00000000eab00000, 0x00000000ed000000, 0x0000000100000000)
  eden space 32768K, 0% used [0x00000000eab00000,0x00000000eab00000,0x00000000ecb00000)
  from space 2560K, 98% used [0x00000000ecd80000,0x00000000ecff85c8,0x00000000ed000000)
  to   space 2560K, 0% used [0x00000000ecb00000,0x00000000ecb00000,0x00000000ecd80000)
 ParOldGen       total 44032K, used 4649K [0x00000000c0000000, 0x00000000c2b00000, 0x00000000eab00000)
  object space 44032K, 10% used [0x00000000c0000000,0x00000000c048a500,0x00000000c2b00000)
 Metaspace       used 5643K, capacity 6832K, committed 7040K, reserved 1056768K
  class space    used 550K, capacity 616K, committed 640K, reserved 1048576K
}
Event: 3.490 GC heap before
{Heap before GC invocations=3 (full 0):
 PSYoungGen      total 35328K, used 35297K [0x00000000eab00000, 0x00000000ed000000, 0x0000000100000000)
  eden space 32768K, 100% used [0x00000000eab00000,0x00000000ecb00000,0x00000000ecb00000)
  from space 2560K, 98% used [0x00000000ecd80000,0x00000000ecff85c8,0x00000000ed000000)
  to   space 2560K, 0% used [0x00000000ecb00000,0x00000000ecb00000,0x00000000ecd80000)
 ParOldGen       total 44032K, used 4649K [0x00000000c0000000, 0x00000000c2b00000, 0x00000000eab00000)
  object space 44032K, 10% used [0x00000000c0000000,0x00000000c048a500,0x00000000c2b00000)
 Metaspace       used 5791K, capacity 6960K, committed 7040K, reserved 1056768K
  class space    used 555K, capacity 616K, committed 640K, reserved 1048576K
Event: 3.663 GC heap after
Heap after GC invocations=3 (full 0):
 PSYoungGen      total 35328K, used 2555K [0x00000000eab00000, 0x00000000ef000000, 0x0000000100000000)
  eden space 32768K, 0% used [0x00000000eab00000,0x00000000eab00000,0x00000000ecb00000)
  from space 2560K, 99% used [0x00000000ecb00000,0x00000000ecd7ef68,0x00000000ecd80000)
  to   space 2560K, 0% used [0x00000000eed80000,0x00000000eed80000,0x00000000ef000000)
 ParOldGen       total 44032K, used 9379K [0x00000000c0000000, 0x00000000c2b00000, 0x00000000eab00000)
  object space 44032K, 21% used [0x00000000c0000000,0x00000000c0928ee0,0x00000000c2b00000)
 Metaspace       used 5791K, capacity 6960K, committed 7040K, reserved 1056768K
  class space    used 555K, capacity 616K, committed 640K, reserved 1048576K
}

Deoptimization events (10 events):
Event: 2.877 Thread 0x0000000016b05800 Uncommon trap: reason=unstable_if action=reinterpret pc=0x0000000002e64448 method=com.android.dx.ssa.LocalVariableExtractor.processBlock(I)V @ 77
Event: 2.882 Thread 0x0000000016b05800 Uncommon trap: reason=unstable_if action=reinterpret pc=0x0000000002d930e4 method=com.android.dx.ssa.SCCP.simulateBranch(Lcom/android/dx/ssa/SsaInsn;)V @ 53
Event: 2.913 Thread 0x0000000016b52800 Uncommon trap: reason=unstable_if action=reinterpret pc=0x0000000002e91dd8 method=com.android.dx.ssa.SsaRenamer$BlockRenamer.addMapping(ILcom/android/dx/rop/code/RegisterSpec;)V @ 120
Event: 2.913 Thread 0x0000000016b52800 Uncommon trap: reason=unstable_if action=reinterpret pc=0x0000000002d9aac0 method=com.android.dx.ssa.SCCP.simulateStmt(Lcom/android/dx/ssa/SsaInsn;)V @ 469
Event: 2.914 Thread 0x0000000016b52800 Uncommon trap: reason=unstable_if action=reinterpret pc=0x0000000002e0d34c method=com.android.dx.ssa.SsaInsn.getLocalAssignment()Lcom/android/dx/rop/code/RegisterSpec; @ 14
Event: 2.915 Thread 0x0000000016b52800 Uncommon trap: reason=unstable_if action=reinterpret pc=0x0000000002e083a0 method=com.android.dx.ssa.back.FirstFitLocalCombiningAllocator$1.processInsn(Lcom/android/dx/ssa/SsaInsn;)V @ 34
Event: 3.171 Thread 0x0000000016b52800 Uncommon trap: reason=class_check action=maybe_recompile pc=0x0000000002ee9cb4 method=com.android.dx.ssa.NormalSsaInsn.accept(Lcom/android/dx/ssa/SsaInsn$Visitor;)V @ 9
Event: 3.198 Thread 0x0000000016b52800 Uncommon trap: reason=class_check action=maybe_recompile pc=0x0000000002ee9cb4 method=com.android.dx.ssa.NormalSsaInsn.accept(Lcom/android/dx/ssa/SsaInsn$Visitor;)V @ 9
Event: 3.288 Thread 0x0000000016b52800 Uncommon trap: reason=class_check action=maybe_recompile pc=0x0000000002ee9cb4 method=com.android.dx.ssa.NormalSsaInsn.accept(Lcom/android/dx/ssa/SsaInsn$Visitor;)V @ 9
Event: 3.297 Thread 0x0000000016b52800 Uncommon trap: reason=class_check action=maybe_recompile pc=0x0000000002ee9cb4 method=com.android.dx.ssa.NormalSsaInsn.accept(Lcom/android/dx/ssa/SsaInsn$Visitor;)V @ 9

Internal exceptions (3 events):
Event: 0.047 Thread 0x0000000002811000 Exception <a 'java/lang/NoSuchMethodError': Method sun.misc.Unsafe.defineClass(Ljava/lang/String;[BII)Ljava/lang/Class; name or signature does not match> (0x00000000eab07cc0) thrown at [C:\src\android\AOSP-openjdk\external\jetbrains\jdk\hotspot\src\share\v’‰ž¤æ+¨?
Event: 0.047 Thread 0x0000000002811000 Exception <a 'java/lang/NoSuchMethodError': Method sun.misc.Unsafe.prefetchRead(Ljava/lang/Object;J)V name or signature does not match> (0x00000000eab07fa8) thrown at [C:\src\android\AOSP-openjdk\external\jetbrains\jdk\hotspot\src\share\vm\prims\jni.cpp, lxîUþ@
Event: 2.874 Thread 0x0000000016b05800 Implicit null exception at 0x0000000002bf3b22 to 0x0000000002bf3c29

Events (10 events):
Event: 3.297 Thread 0x0000000016b52800 DEOPT UNPACKING pc=0x000000000295556a sp=0x000000001740e2f0 mode 2
Event: 3.313 Executing VM operation: ParallelGCFailedAllocation
Event: 3.663 Executing VM operation: ParallelGCFailedAllocation done
Event: 3.701 Thread 0x0000000016b52800 DEOPT PACKING pc=0x0000000002eef26a sp=0x000000001740e550
Event: 3.701 Thread 0x0000000016b52800 DEOPT UNPACKING pc=0x00000000029575bf sp=0x000000001740e2e8 mode 0
Event: 4.081 loading class com/android/dx/cf/attrib/AttSignature
Event: 4.081 loading class com/android/dx/cf/attrib/AttSignature done
Event: 4.093 loading class com/android/dx/dex/file/FieldAnnotationStruct
Event: 4.093 loading class com/android/dx/dex/file/FieldAnnotationStruct done
Event: 4.320 Executing VM operation: EnableBiasedLocking


Dynamic libraries:
0x00007ff7d2e70000 - 0x00007ff7d2ea1000 	C:\Program Files\Android\Android Studio\jre\bin\java.exe
0x00007ffaaa7b0000 - 0x00007ffaaa95d000 	C:\Windows\SYSTEM32\ntdll.dll
0x00007ffaaa450000 - 0x00007ffaaa58e000 	C:\Windows\system32\KERNEL32.DLL
0x00007ffaa79d0000 - 0x00007ffaa7ae5000 	C:\Windows\system32\KERNELBASE.dll
0x00007ffaa7e30000 - 0x00007ffaa7eda000 	C:\Windows\system32\ADVAPI32.dll
0x00007ffaa9840000 - 0x00007ffaa99b7000 	C:\Windows\system32\USER32.dll
0x00007ffaa4b30000 - 0x00007ffaa4dab000 	C:\Windows\WinSxS\amd64_microsoft.windows.common-controls_6595b64144ccf1df_6.0.9600.18006_none_623f33d3ecbe86e8\COMCTL32.dll
0x00007ffaa9ea0000 - 0x00007ffaa9f4a000 	C:\Windows\system32\msvcrt.dll
0x00007ffaa97a0000 - 0x00007ffaa97f9000 	C:\Windows\SYSTEM32\sechost.dll
0x00007ffaaa310000 - 0x00007ffaaa450000 	C:\Windows\system32\RPCRT4.dll
0x00007ffaa9b20000 - 0x00007ffaa9c6b000 	C:\Windows\system32\GDI32.dll
0x00007ffaa79a0000 - 0x00007ffaa79ce000 	C:\Windows\system32\SspiCli.dll
0x00007ffaa9800000 - 0x00007ffaa9836000 	C:\Windows\system32\IMM32.DLL
0x00007ffaa99c0000 - 0x00007ffaa9b12000 	C:\Windows\system32\MSCTF.dll
0x000000005c4a0000 - 0x000000005c572000 	C:\Program Files\Android\Android Studio\jre\jre\bin\msvcr100.dll
0x000000005d120000 - 0x000000005d954000 	C:\Program Files\Android\Android Studio\jre\jre\bin\server\jvm.dll
0x00007ffa9d190000 - 0x00007ffa9d199000 	C:\Windows\SYSTEM32\WSOCK32.dll
0x00007ffaa2480000 - 0x00007ffaa24a2000 	C:\Windows\SYSTEM32\WINMM.dll
0x00007ffaa1040000 - 0x00007ffaa104a000 	C:\Windows\SYSTEM32\VERSION.dll
0x00007ffaa9f50000 - 0x00007ffaa9f57000 	C:\Windows\system32\PSAPI.DLL
0x00007ffaaa290000 - 0x00007ffaaa2ea000 	C:\Windows\system32\WS2_32.dll
0x00007ffaa2450000 - 0x00007ffaa247a000 	C:\Windows\SYSTEM32\WINMMBASE.dll
0x00007ffaa9c70000 - 0x00007ffaa9c79000 	C:\Windows\system32\NSI.dll
0x00007ffaa7de0000 - 0x00007ffaa7e2f000 	C:\Windows\SYSTEM32\cfgmgr32.dll
0x00007ffaa66e0000 - 0x00007ffaa6708000 	C:\Windows\SYSTEM32\DEVOBJ.dll
0x00007ffaa1ab0000 - 0x00007ffaa1abf000 	C:\Program Files\Android\Android Studio\jre\jre\bin\verify.dll
0x00007ffa9bff0000 - 0x00007ffa9c019000 	C:\Program Files\Android\Android Studio\jre\jre\bin\java.dll
0x00007ffa9e830000 - 0x00007ffa9e846000 	C:\Program Files\Android\Android Studio\jre\jre\bin\zip.dll
0x00007ffaa7f40000 - 0x00007ffaa9469000 	C:\Windows\system32\SHELL32.dll
0x00007ffaaa590000 - 0x00007ffaaa7a2000 	C:\Windows\SYSTEM32\combase.dll
0x00007ffaa9e40000 - 0x00007ffaa9e94000 	C:\Windows\system32\SHLWAPI.dll
0x00007ffaa57b0000 - 0x00007ffaa5862000 	C:\Windows\SYSTEM32\SHCORE.dll
0x00007ffaa78d0000 - 0x00007ffaa78e5000 	C:\Windows\SYSTEM32\profapi.dll

VM Arguments:
jvm_args: -Djava.awt.headless=true -Xmx1024M -Dfile.encoding=windows-1252 -Duser.country=US -Duser.language=en -Duser.variant 
java_command: com.android.dx.command.Main --dex --force-jumbo --num-threads=4 --output C:\Stay_Safe\app\build\intermediates\pre-dexed\debug\main_7232ffb630dab577ecd7df064c30da4145a946a4.jar C:\Stay_Safe\app\build\intermediates\transforms\instantRun\debug\folders\1\5\main
java_class_path (initial): C:\Android\sdk\build-tools\25.0.1\lib\dx.jar
Launcher Type: SUN_STANDARD

Environment Variables:
CLASSPATH=C:\Program Files\Java\jdk1.8.0_51\lib;.
PATH=C:\ProgramData\Oracle\Java\javapath;C:\Program Files\Java\jdk1.8.0_51\bin;C:\Program Files (x86)\Common Files\lenovo\easyplussdk\bin;C:\Program Files (x86)\Windows Kits\8.1\Windows Performance Toolkit\;C:\Program Files\Microsoft SQL Server\110\Tools\Binn\;C:\Program Files (x86)\Microsoft SDKs\TypeScript\1.0\;C:\Program Files\Microsoft SQL Server\120\Tools\Binn\
USERNAME=PC HP
OS=Windows_NT
PROCESSOR_IDENTIFIER=Intel64 Family 6 Model 69 Stepping 1, GenuineIntel



---------------  S Y S T E M  ---------------

OS: Windows 8.1 , 64 bit Build 9600 (6.3.9600.17415)

CPU:total 4 (2 cores per cpu, 2 threads per core) family 6 model 69 stepping 1, cmov, cx8, fxsr, mmx, sse, sse2, sse3, ssse3, sse4.1, sse4.2, popcnt, avx, avx2, aes, clmul, erms, lzcnt, ht, tsc, tscinvbit, bmi1, bmi2

Memory: 4k page, physical 4119212k(262740k free), swap 7264940k(5840k free)

vm_info: OpenJDK 64-Bit Server VM (25.76-b03) for windows-amd64 JRE (1.8.0_76-release-b03), built on Jun 29 2016 19:09:20 by "ralucas" with MS VC++ 10.0 (VS2010)

time: Wed Aug 30 16:23:40 2017
elapsed time: 4 seconds (0d 0h 0m 4s)

