#
# There is insufficient memory for the Java Runtime Environment to continue.
# Native memory allocation (malloc) failed to allocate 412736 bytes for Chunk::new
# Possible reasons:
#   The system is out of physical RAM or swap space
#   In 32 bit mode, the process size limit was hit
# Possible solutions:
#   Reduce memory load on the system
#   Increase physical memory or swap space
#   Check if swap backing store is full
#   Use 64 bit Java on a 64 bit OS
#   Decrease Java heap size (-Xmx/-Xms)
#   Decrease number of Java threads
#   Decrease Java thread stack sizes (-Xss)
#   Set larger code cache with -XX:ReservedCodeCacheSize=
# This output file may be truncated or incomplete.
#
#  Out of Memory Error (allocation.cpp:390), pid=7236, tid=0x0000000000001c7c
#
# JRE version: OpenJDK Runtime Environment (8.0_76-b03) (build 1.8.0_76-release-b03)
# Java VM: OpenJDK 64-Bit Server VM (25.76-b03 mixed mode windows-amd64 compressed oops)
# Failed to write core dump. Minidumps are not enabled by default on client versions of Windows
#

---------------  T H R E A D  ---------------

Current thread (0x000000001547b000):  JavaThread "C2 CompilerThread0" daemon [_thread_in_native, id=7292, stack(0x00000000169f0000,0x0000000016af0000)]

Stack: [0x00000000169f0000,0x0000000016af0000]
[error occurred during error reporting (printing stack bounds), id 0xc0000005]

Native frames: (J=compiled Java code, j=interpreted, Vv=VM code, C=native code)


Current CompileTask:
C2:   9341 1351       4       com.android.dx.ssa.SCCP::simulateBranch (666 bytes)


---------------  P R O C E S S  ---------------

Java Threads: ( => current thread )
  0x00000000154d5000 JavaThread "Service Thread" daemon [_thread_blocked, id=6140, stack(0x0000000016cf0000,0x0000000016df0000)]
  0x0000000015485800 JavaThread "C1 CompilerThread2" daemon [_thread_in_native, id=7076, stack(0x0000000016bf0000,0x0000000016cf0000)]
  0x000000001547e800 JavaThread "C2 CompilerThread1" daemon [_thread_in_native, id=9204, stack(0x0000000016af0000,0x0000000016bf0000)]
=>0x000000001547b000 JavaThread "C2 CompilerThread0" daemon [_thread_in_native, id=7292, stack(0x00000000169f0000,0x0000000016af0000)]
  0x000000001547a000 JavaThread "Attach Listener" daemon [_thread_blocked, id=5584, stack(0x00000000168f0000,0x00000000169f0000)]
  0x0000000015479000 JavaThread "Signal Dispatcher" daemon [_thread_blocked, id=5524, stack(0x00000000167f0000,0x00000000168f0000)]
  0x0000000015468800 JavaThread "Finalizer" daemon [_thread_blocked, id=5572, stack(0x00000000166f0000,0x00000000167f0000)]
  0x0000000002da1000 JavaThread "Reference Handler" daemon [_thread_blocked, id=7576, stack(0x00000000165f0000,0x00000000166f0000)]
  0x0000000002cb1000 JavaThread "main" [_thread_in_vm, id=4728, stack(0x0000000002bb0000,0x0000000002cb0000)]

Other Threads:
  0x0000000015446000 VMThread [stack: 0x00000000164f0000,0x00000000165f0000] [id=3412]
  0x00000000154de000 WatcherThread [stack: 0x0000000016df0000,0x0000000016ef0000] [id=9060]

VM state:not at safepoint (normal execution)

VM Mutex/Monitor currently owned by a thread: None

Heap:
 PSYoungGen      total 35328K, used 28741K [0x00000000eab00000, 0x00000000ed000000, 0x0000000100000000)
  eden space 32768K, 79% used [0x00000000eab00000,0x00000000ec496cd0,0x00000000ecb00000)
  from space 2560K, 99% used [0x00000000ecb00000,0x00000000ecd7a770,0x00000000ecd80000)
  to   space 2560K, 0% used [0x00000000ecd80000,0x00000000ecd80000,0x00000000ed000000)
 ParOldGen       total 44032K, used 29315K [0x00000000c0000000, 0x00000000c2b00000, 0x00000000eab00000)
  object space 44032K, 66% used [0x00000000c0000000,0x00000000c1ca0fc8,0x00000000c2b00000)
 Metaspace       used 6736K, capacity 7480K, committed 7552K, reserved 1056768K
  class space    used 618K, capacity 624K, committed 640K, reserved 1048576K

Card table byte_map: [0x0000000012170000,0x0000000012380000] byte_map_base: 0x0000000011b70000

Marking Bits: (ParMarkBitMap*) 0x000000005d8d9d00
 Begin Bits: [0x00000000128e0000, 0x00000000138e0000)
 End Bits:   [0x00000000138e0000, 0x00000000148e0000)

Polling page: 0x00000000012a0000

CodeCache: size=245760Kb used=7719Kb max_used=7719Kb free=238040Kb
 bounds [0x0000000002db0000, 0x0000000003540000, 0x0000000011db0000]
 total_blobs=2346 nmethods=2076 adapters=183
 compilation: enabled

Compilation events (10 events):
Event: 7.791 Thread 0x0000000015485800 1591       2       java.util.concurrent.ThreadPoolExecutor::workerCountOf (5 bytes)
Event: 7.791 Thread 0x0000000015485800 nmethod 1591 0x0000000003411650 code [0x00000000034117a0, 0x00000000034118d0]
Event: 7.791 Thread 0x0000000015485800 1592       2       java.util.concurrent.locks.ReentrantLock::unlock (10 bytes)
Event: 7.792 Thread 0x0000000015485800 nmethod 1592 0x0000000003411950 code [0x0000000003411ac0, 0x0000000003411cb8]
Event: 7.792 Thread 0x0000000015485800 1593       2       com.android.dx.dex.file.AnnotationItem::<init> (41 bytes)
Event: 7.793 Thread 0x0000000015485800 nmethod 1593 0x0000000003411dd0 code [0x0000000003411f60, 0x0000000003412278]
Event: 7.793 Thread 0x0000000015485800 1594       2       com.android.dx.dex.file.AnnotationItem::addContents (27 bytes)
Event: 7.793 Thread 0x0000000015485800 nmethod 1594 0x0000000003412490 code [0x0000000003412600, 0x00000000034127d8]
Event: 7.793 Thread 0x0000000015485800 1595       2       com.android.dx.rop.annotation.Annotation::getNameValuePairs (11 bytes)
Event: 7.794 Thread 0x0000000015485800 nmethod 1595 0x0000000003412910 code [0x0000000003412a80, 0x0000000003412d88]

GC Heap History (6 events):
Event: 6.186 GC heap before
{Heap before GC invocations=1 (full 0):
 PSYoungGen      total 18944K, used 16384K [0x00000000eab00000, 0x00000000ec000000, 0x0000000100000000)
  eden space 16384K, 100% used [0x00000000eab00000,0x00000000ebb00000,0x00000000ebb00000)
  from space 2560K, 0% used [0x00000000ebd80000,0x00000000ebd80000,0x00000000ec000000)
  to   space 2560K, 0% used [0x00000000ebb00000,0x00000000ebb00000,0x00000000ebd80000)
 ParOldGen       total 44032K, used 0K [0x00000000c0000000, 0x00000000c2b00000, 0x00000000eab00000)
  object space 44032K, 0% used [0x00000000c0000000,0x00000000c0000000,0x00000000c2b00000)
 Metaspace       used 5727K, capacity 6768K, committed 7040K, reserved 1056768K
  class space    used 573K, capacity 616K, committed 640K, reserved 1048576K
Event: 6.257 GC heap after
Heap after GC invocations=1 (full 0):
 PSYoungGen      total 18944K, used 2554K [0x00000000eab00000, 0x00000000ed000000, 0x0000000100000000)
  eden space 16384K, 0% used [0x00000000eab00000,0x00000000eab00000,0x00000000ebb00000)
  from space 2560K, 99% used [0x00000000ebb00000,0x00000000ebd7eab8,0x00000000ebd80000)
  to   space 2560K, 0% used [0x00000000ecd80000,0x00000000ecd80000,0x00000000ed000000)
 ParOldGen       total 44032K, used 1573K [0x00000000c0000000, 0x00000000c2b00000, 0x00000000eab00000)
  object space 44032K, 3% used [0x00000000c0000000,0x00000000c01895f0,0x00000000c2b00000)
 Metaspace       used 5727K, capacity 6768K, committed 7040K, reserved 1056768K
  class space    used 573K, capacity 616K, committed 640K, reserved 1048576K
}
Event: 6.806 GC heap before
{Heap before GC invocations=2 (full 0):
 PSYoungGen      total 18944K, used 18938K [0x00000000eab00000, 0x00000000ed000000, 0x0000000100000000)
  eden space 16384K, 100% used [0x00000000eab00000,0x00000000ebb00000,0x00000000ebb00000)
  from space 2560K, 99% used [0x00000000ebb00000,0x00000000ebd7eab8,0x00000000ebd80000)
  to   space 2560K, 0% used [0x00000000ecd80000,0x00000000ecd80000,0x00000000ed000000)
 ParOldGen       total 44032K, used 1573K [0x00000000c0000000, 0x00000000c2b00000, 0x00000000eab00000)
  object space 44032K, 3% used [0x00000000c0000000,0x00000000c01895f0,0x00000000c2b00000)
 Metaspace       used 5983K, capacity 6960K, committed 7040K, reserved 1056768K
  class space    used 575K, capacity 616K, committed 640K, reserved 1048576K
Event: 6.833 GC heap after
Heap after GC invocations=2 (full 0):
 PSYoungGen      total 35328K, used 2544K [0x00000000eab00000, 0x00000000ed000000, 0x0000000100000000)
  eden space 32768K, 0% used [0x00000000eab00000,0x00000000eab00000,0x00000000ecb00000)
  from space 2560K, 99% used [0x00000000ecd80000,0x00000000ecffc038,0x00000000ed000000)
  to   space 2560K, 0% used [0x00000000ecb00000,0x00000000ecb00000,0x00000000ecd80000)
 ParOldGen       total 44032K, used 3890K [0x00000000c0000000, 0x00000000c2b00000, 0x00000000eab00000)
  object space 44032K, 8% used [0x00000000c0000000,0x00000000c03cc900,0x00000000c2b00000)
 Metaspace       used 5983K, capacity 6960K, committed 7040K, reserved 1056768K
  class space    used 575K, capacity 616K, committed 640K, reserved 1048576K
}
Event: 7.596 GC heap before
{Heap before GC invocations=3 (full 0):
 PSYoungGen      total 35328K, used 35312K [0x00000000eab00000, 0x00000000ed000000, 0x0000000100000000)
  eden space 32768K, 100% used [0x00000000eab00000,0x00000000ecb00000,0x00000000ecb00000)
  from space 2560K, 99% used [0x00000000ecd80000,0x00000000ecffc038,0x00000000ed000000)
  to   space 2560K, 0% used [0x00000000ecb00000,0x00000000ecb00000,0x00000000ecd80000)
 ParOldGen       total 44032K, used 3890K [0x00000000c0000000, 0x00000000c2b00000, 0x00000000eab00000)
  object space 44032K, 8% used [0x00000000c0000000,0x00000000c03cc900,0x00000000c2b00000)
 Metaspace       used 6148K, capacity 7088K, committed 7296K, reserved 1056768K
  class space    used 577K, capacity 616K, committed 640K, reserved 1048576K
Event: 7.635 GC heap after
Heap after GC invocations=3 (full 0):
 PSYoungGen      total 35328K, used 2537K [0x00000000eab00000, 0x00000000ed000000, 0x0000000100000000)
  eden space 32768K, 0% used [0x00000000eab00000,0x00000000eab00000,0x00000000ecb00000)
  from space 2560K, 99% used [0x00000000ecb00000,0x00000000ecd7a468,0x00000000ecd80000)
  to   space 2560K, 0% used [0x00000000ecd80000,0x00000000ecd80000,0x00000000ed000000)
 ParOldGen       total 44032K, used 9604K [0x00000000c0000000, 0x00000000c2b00000, 0x00000000eab00000)
  object space 44032K, 21% used [0x00000000c0000000,0x00000000c09613c0,0x00000000c2b00000)
 Metaspace       used 6148K, capacity 7088K, committed 7296K, reserved 1056768K
  class space    used 577K, capacity 616K, committed 640K, reserved 1048576K
}

Deoptimization events (10 events):
Event: 6.650 Thread 0x0000000017146800 Uncommon trap: reason=bimorphic action=maybe_recompile pc=0x0000000002fc61ac method=java.util.HashMap.getNode(ILjava/lang/Object;)Ljava/util/HashMap$Node; @ 126
Event: 6.650 Thread 0x0000000017146800 Uncommon trap: reason=class_check action=maybe_recompile pc=0x000000000323045c method=java.util.HashMap.putVal(ILjava/lang/Object;Ljava/lang/Object;ZZ)Ljava/lang/Object; @ 203
Event: 6.650 Thread 0x0000000017146800 Uncommon trap: reason=bimorphic action=maybe_recompile pc=0x0000000002fc61ac method=java.util.HashMap.getNode(ILjava/lang/Object;)Ljava/util/HashMap$Node; @ 126
Event: 6.650 Thread 0x0000000017146800 Uncommon trap: reason=class_check action=maybe_recompile pc=0x000000000323045c method=java.util.HashMap.putVal(ILjava/lang/Object;Ljava/lang/Object;ZZ)Ljava/lang/Object; @ 203
Event: 6.658 Thread 0x0000000017146800 Uncommon trap: reason=bimorphic action=maybe_recompile pc=0x000000000328c584 method=java.util.HashMap.getNode(ILjava/lang/Object;)Ljava/util/HashMap$Node; @ 126
Event: 7.222 Thread 0x0000000002cb1000 Uncommon trap: reason=null_check action=make_not_entrant pc=0x00000000030da900 method=com.android.dx.ssa.SsaRenamer.getLocalForNewReg(I)Lcom/android/dx/rop/code/LocalItem; @ 19
Event: 7.249 Thread 0x0000000017165800 Uncommon trap: reason=unstable_if action=reinterpret pc=0x00000000032bdd90 method=com.android.dx.ssa.SCCP.simulateStmt(Lcom/android/dx/ssa/SsaInsn;)V @ 53
Event: 7.384 Thread 0x0000000017146800 Uncommon trap: reason=unstable_if action=reinterpret pc=0x00000000033b93d8 method=com.android.dx.cf.code.BytecodeArray.parseInstruction(ILcom/android/dx/cf/code/BytecodeArray$Visitor;)I @ 1198
Event: 7.691 Thread 0x000000001716b000 Uncommon trap: reason=unstable_if action=reinterpret pc=0x00000000031951fc method=com.android.dx.util.IntList.binarysearch(I)I @ 105
Event: 7.797 Thread 0x0000000002cb1000 Uncommon trap: reason=unstable_if action=reinterpret pc=0x00000000030c4bf0 method=java.util.HashMap.putVal(ILjava/lang/Object;Ljava/lang/Object;ZZ)Ljava/lang/Object; @ 162

Internal exceptions (3 events):
Event: 0.038 Thread 0x0000000002cb1000 Exception <a 'java/lang/NoSuchMethodError': Method sun.misc.Unsafe.defineClass(Ljava/lang/String;[BII)Ljava/lang/Class; name or signature does not match> (0x00000000eab07cc0) thrown at [C:\src\android\AOSP-openjdk\external\jetbrains\jdk\hotspot\src\share\võ!Ô4ü£?
Event: 0.038 Thread 0x0000000002cb1000 Exception <a 'java/lang/NoSuchMethodError': Method sun.misc.Unsafe.prefetchRead(Ljava/lang/Object;J)V name or signature does not match> (0x00000000eab07fa8) thrown at [C:\src\android\AOSP-openjdk\external\jetbrains\jdk\hotspot\src\share\vm\prims\jni.cpp, lœ,OòÏ‚@
Event: 7.222 Thread 0x0000000002cb1000 Implicit null exception at 0x00000000030d82d8 to 0x00000000030da8b5

Events (10 events):
Event: 7.695 Thread 0x0000000017166800 DEOPT PACKING pc=0x00000000030cdea3 sp=0x00000000176ee9e0
Event: 7.695 Thread 0x0000000017166800 DEOPT UNPACKING pc=0x0000000002df75bf sp=0x00000000176ee7a8 mode 0
Event: 7.749 Thread 0x0000000017146800 DEOPT PACKING pc=0x00000000030cdbd1 sp=0x00000000173ee860
Event: 7.749 Thread 0x0000000017146800 DEOPT UNPACKING pc=0x0000000002df75bf sp=0x00000000173ee628 mode 0
Event: 7.773 Thread 0x0000000017165800 DEOPT PACKING pc=0x00000000030cdea3 sp=0x00000000175ee950
Event: 7.773 Thread 0x0000000017165800 DEOPT UNPACKING pc=0x0000000002df75bf sp=0x00000000175ee718 mode 0
Event: 7.797 Thread 0x0000000002cb1000 Uncommon trap: trap_request=0xffffff65 fr.pc=0x00000000030c4bf0
Event: 7.797 Thread 0x0000000002cb1000 DEOPT PACKING pc=0x00000000030c4bf0 sp=0x0000000002cae0c0
Event: 7.797 Thread 0x0000000002cb1000 DEOPT UNPACKING pc=0x0000000002df556a sp=0x0000000002cadf50 mode 2
Event: 7.798 loading class sun/reflect/generics/scope/ClassScope


Dynamic libraries:
0x00007ff7d2e70000 - 0x00007ff7d2ea1000 	C:\Program Files\Android\Android Studio\jre\bin\java.exe
0x00007ffaaa7b0000 - 0x00007ffaaa95d000 	C:\Windows\SYSTEM32\ntdll.dll
0x00007ffaaa450000 - 0x00007ffaaa58e000 	C:\Windows\system32\KERNEL32.DLL
0x00007ffaa79d0000 - 0x00007ffaa7ae5000 	C:\Windows\system32\KERNELBASE.dll
0x00007ffaa7e30000 - 0x00007ffaa7eda000 	C:\Windows\system32\ADVAPI32.dll
0x00007ffaa9840000 - 0x00007ffaa99b7000 	C:\Windows\system32\USER32.dll
0x00007ffaa4b30000 - 0x00007ffaa4dab000 	C:\Windows\WinSxS\amd64_microsoft.windows.common-controls_6595b64144ccf1df_6.0.9600.18006_none_623f33d3ecbe86e8\COMCTL32.dll
0x00007ffaa9ea0000 - 0x00007ffaa9f4a000 	C:\Windows\system32\msvcrt.dll
0x00007ffaa97a0000 - 0x00007ffaa97f9000 	C:\Windows\SYSTEM32\sechost.dll
0x00007ffaaa310000 - 0x00007ffaaa450000 	C:\Windows\system32\RPCRT4.dll
0x00007ffaa9b20000 - 0x00007ffaa9c6b000 	C:\Windows\system32\GDI32.dll
0x00007ffaa79a0000 - 0x00007ffaa79ce000 	C:\Windows\system32\SspiCli.dll
0x00007ffaa9800000 - 0x00007ffaa9836000 	C:\Windows\system32\IMM32.DLL
0x00007ffaa99c0000 - 0x00007ffaa9b12000 	C:\Windows\system32\MSCTF.dll
0x000000005c4a0000 - 0x000000005c572000 	C:\Program Files\Android\Android Studio\jre\jre\bin\msvcr100.dll
0x000000005d120000 - 0x000000005d954000 	C:\Program Files\Android\Android Studio\jre\jre\bin\server\jvm.dll
0x00007ffa9d190000 - 0x00007ffa9d199000 	C:\Windows\SYSTEM32\WSOCK32.dll
0x00007ffaa2480000 - 0x00007ffaa24a2000 	C:\Windows\SYSTEM32\WINMM.dll
0x00007ffaa1040000 - 0x00007ffaa104a000 	C:\Windows\SYSTEM32\VERSION.dll
0x00007ffaa9f50000 - 0x00007ffaa9f57000 	C:\Windows\system32\PSAPI.DLL
0x00007ffaaa290000 - 0x00007ffaaa2ea000 	C:\Windows\system32\WS2_32.dll
0x00007ffaa2450000 - 0x00007ffaa247a000 	C:\Windows\SYSTEM32\WINMMBASE.dll
0x00007ffaa9c70000 - 0x00007ffaa9c79000 	C:\Windows\system32\NSI.dll
0x00007ffaa7de0000 - 0x00007ffaa7e2f000 	C:\Windows\SYSTEM32\cfgmgr32.dll
0x00007ffaa66e0000 - 0x00007ffaa6708000 	C:\Windows\SYSTEM32\DEVOBJ.dll
0x00007ffaa1ab0000 - 0x00007ffaa1abf000 	C:\Program Files\Android\Android Studio\jre\jre\bin\verify.dll
0x00007ffa9bff0000 - 0x00007ffa9c019000 	C:\Program Files\Android\Android Studio\jre\jre\bin\java.dll
0x00007ffa9e830000 - 0x00007ffa9e846000 	C:\Program Files\Android\Android Studio\jre\jre\bin\zip.dll
0x00007ffaa7f40000 - 0x00007ffaa9469000 	C:\Windows\system32\SHELL32.dll
0x00007ffaaa590000 - 0x00007ffaaa7a2000 	C:\Windows\SYSTEM32\combase.dll
0x00007ffaa9e40000 - 0x00007ffaa9e94000 	C:\Windows\system32\SHLWAPI.dll
0x00007ffaa57b0000 - 0x00007ffaa5862000 	C:\Windows\SYSTEM32\SHCORE.dll
0x00007ffaa78d0000 - 0x00007ffaa78e5000 	C:\Windows\SYSTEM32\profapi.dll

VM Arguments:
jvm_args: -Djava.awt.headless=true -Xmx1024M -Dfile.encoding=windows-1252 -Duser.country=US -Duser.language=en -Duser.variant 
java_command: com.android.dx.command.Main --dex --force-jumbo --num-threads=4 --output C:\Stay_Safe\app\build\intermediates\pre-dexed\debug\com.android.support-recyclerview-v7-24.0.0-alpha1_684b3c4f24be7a65b4eafef5dc90d794058d9c34.jar C:\Stay_Safe\app\build\intermediates\exploded-aar\com.android.support\recyclerview-v7\24.0.0-alpha1\jars\classes.jar
java_class_path (initial): C:\Android\sdk\build-tools\25.0.1\lib\dx.jar
Launcher Type: SUN_STANDARD

Environment Variables:
CLASSPATH=C:\Program Files\Java\jdk1.8.0_51\lib;.
PATH=C:\ProgramData\Oracle\Java\javapath;C:\Program Files\Java\jdk1.8.0_51\bin;C:\Program Files (x86)\Common Files\lenovo\easyplussdk\bin;C:\Program Files (x86)\Windows Kits\8.1\Windows Performance Toolkit\;C:\Program Files\Microsoft SQL Server\110\Tools\Binn\;C:\Program Files (x86)\Microsoft SDKs\TypeScript\1.0\;C:\Program Files\Microsoft SQL Server\120\Tools\Binn\
USERNAME=PC HP
OS=Windows_NT
PROCESSOR_IDENTIFIER=Intel64 Family 6 Model 69 Stepping 1, GenuineIntel



---------------  S Y S T E M  ---------------

OS: Windows 8.1 , 64 bit Build 9600 (6.3.9600.17415)

CPU:total 4 (2 cores per cpu, 2 threads per core) family 6 model 69 stepping 1, cmov, cx8, fxsr, mmx, sse, sse2, sse3, ssse3, sse4.1, sse4.2, popcnt, avx, avx2, aes, clmul, erms, lzcnt, ht, tsc, tscinvbit, bmi1, bmi2

Memory: 4k page, physical 4119212k(118252k free), swap 7264940k(7504k free)

vm_info: OpenJDK 64-Bit Server VM (25.76-b03) for windows-amd64 JRE (1.8.0_76-release-b03), built on Jun 29 2016 19:09:20 by "ralucas" with MS VC++ 10.0 (VS2010)

time: Wed Aug 30 16:22:48 2017
elapsed time: 9 seconds (0d 0h 0m 9s)

