#
# There is insufficient memory for the Java Runtime Environment to continue.
# Native memory allocation (malloc) failed to allocate 957856 bytes for Chunk::new
# Possible reasons:
#   The system is out of physical RAM or swap space
#   In 32 bit mode, the process size limit was hit
# Possible solutions:
#   Reduce memory load on the system
#   Increase physical memory or swap space
#   Check if swap backing store is full
#   Use 64 bit Java on a 64 bit OS
#   Decrease Java heap size (-Xmx/-Xms)
#   Decrease number of Java threads
#   Decrease Java thread stack sizes (-Xss)
#   Set larger code cache with -XX:ReservedCodeCacheSize=
# This output file may be truncated or incomplete.
#
#  Out of Memory Error (allocation.cpp:390), pid=1708, tid=0x0000000000001bb0
#
# JRE version: OpenJDK Runtime Environment (8.0_76-b03) (build 1.8.0_76-release-b03)
# Java VM: OpenJDK 64-Bit Server VM (25.76-b03 mixed mode windows-amd64 compressed oops)
# Failed to write core dump. Minidumps are not enabled by default on client versions of Windows
#

---------------  T H R E A D  ---------------

Current thread (0x0000000014bef800):  JavaThread "C2 CompilerThread1" daemon [_thread_in_native, id=7088, stack(0x0000000016250000,0x0000000016350000)]

Stack: [0x0000000016250000,0x0000000016350000]
[error occurred during error reporting (printing stack bounds), id 0xc0000005]

Native frames: (J=compiled Java code, j=interpreted, Vv=VM code, C=native code)


Current CompileTask:
C2:  39360 2555       4       com.android.dx.dex.cf.CfTranslator::translate0 (259 bytes)


---------------  P R O C E S S  ---------------

Java Threads: ( => current thread )
  0x00000000167ad800 JavaThread "pool-1-thread-4" [_thread_in_Java, id=6072, stack(0x0000000018620000,0x0000000018720000)]
  0x00000000167ac800 JavaThread "pool-1-thread-3" [_thread_in_Java, id=2768, stack(0x0000000018520000,0x0000000018620000)]
  0x0000000016c4b800 JavaThread "pool-1-thread-2" [_thread_in_Java, id=3752, stack(0x0000000018420000,0x0000000018520000)]
  0x0000000016c4b000 JavaThread "pool-2-thread-1" [_thread_blocked, id=4688, stack(0x0000000018320000,0x0000000018420000)]
  0x0000000016c4a000 JavaThread "pool-1-thread-1" [_thread_in_Java, id=6244, stack(0x0000000018220000,0x0000000018320000)]
  0x000000001645a800 JavaThread "Service Thread" daemon [_thread_blocked, id=7104, stack(0x0000000016850000,0x0000000016950000)]
  0x0000000014c0b000 JavaThread "C1 CompilerThread2" daemon [_thread_blocked, id=6860, stack(0x0000000016350000,0x0000000016450000)]
=>0x0000000014bef800 JavaThread "C2 CompilerThread1" daemon [_thread_in_native, id=7088, stack(0x0000000016250000,0x0000000016350000)]
  0x0000000014bec000 JavaThread "C2 CompilerThread0" daemon [_thread_in_native, id=6320, stack(0x0000000016150000,0x0000000016250000)]
  0x0000000014bea800 JavaThread "Attach Listener" daemon [_thread_blocked, id=3432, stack(0x0000000016050000,0x0000000016150000)]
  0x0000000014be9000 JavaThread "Signal Dispatcher" daemon [_thread_blocked, id=6504, stack(0x0000000015f50000,0x0000000016050000)]
  0x000000000251b000 JavaThread "Finalizer" daemon [_thread_blocked, id=5000, stack(0x0000000015e50000,0x0000000015f50000)]
  0x0000000002510000 JavaThread "Reference Handler" daemon [_thread_blocked, id=4196, stack(0x0000000015d50000,0x0000000015e50000)]
  0x0000000002420800 JavaThread "main" [_thread_in_Java, id=6864, stack(0x0000000002320000,0x0000000002420000)]

Other Threads:
  0x0000000014bb5800 VMThread [stack: 0x0000000015c50000,0x0000000015d50000] [id=5484]
  0x000000001645c800 WatcherThread [stack: 0x0000000016950000,0x0000000016a50000] [id=6468]

VM state:not at safepoint (normal execution)

VM Mutex/Monitor currently owned by a thread: None

Heap:
 PSYoungGen      total 253952K, used 119432K [0x00000000eab00000, 0x00000000fff80000, 0x0000000100000000)
  eden space 158720K, 46% used [0x00000000eab00000,0x00000000ef34df78,0x00000000f4600000)
  from space 95232K, 47% used [0x00000000f4600000,0x00000000f7254288,0x00000000fa300000)
  to   space 93696K, 0% used [0x00000000fa400000,0x00000000fa400000,0x00000000fff80000)
 ParOldGen       total 320000K, used 218611K [0x00000000c0000000, 0x00000000d3880000, 0x00000000eab00000)
  object space 320000K, 68% used [0x00000000c0000000,0x00000000cd57cc50,0x00000000d3880000)
 Metaspace       used 6491K, capacity 7218K, committed 7296K, reserved 1056768K
  class space    used 599K, capacity 618K, committed 640K, reserved 1048576K

Card table byte_map: [0x00000000118e0000,0x0000000011af0000] byte_map_base: 0x00000000112e0000

Marking Bits: (ParMarkBitMap*) 0x0000000056699d00
 Begin Bits: [0x0000000012050000, 0x0000000013050000)
 End Bits:   [0x0000000013050000, 0x0000000014050000)

Polling page: 0x0000000000940000

CodeCache: size=245760Kb used=10213Kb max_used=11034Kb free=235546Kb
 bounds [0x0000000002520000, 0x0000000003000000, 0x0000000011520000]
 total_blobs=2236 nmethods=1967 adapters=182
 compilation: enabled

Compilation events (10 events):
Event: 39.136 Thread 0x0000000014bec000 nmethod 2519 0x0000000002b6b410 code [0x0000000002b6bd40, 0x0000000002b7b680]
Event: 39.136 Thread 0x0000000014bec000 2563       4       java.util.HashMap::putVal (300 bytes)
Event: 39.180 Thread 0x0000000014bec000 nmethod 2563 0x000000000278d550 code [0x000000000278d740, 0x000000000278ead0]
Event: 39.180 Thread 0x0000000014bec000 2561   !   4       com.android.dx.cf.code.BytecodeArray::parseInstruction (2764 bytes)
Event: 39.308 Thread 0x0000000014c0b000 2567       1       com.android.dx.rop.code.Insn$BaseVisitor::visitThrowingInsn (1 bytes)
Event: 39.308 Thread 0x0000000014c0b000 nmethod 2567 0x00000000029b39d0 code [0x00000000029b3b20, 0x00000000029b3c30]
Event: 39.308 Thread 0x0000000014c0b000 2568       3       com.android.dx.dex.code.RopTranslator$LocalVariableAwareTranslationVisitor::visitThrowingInsn (11 bytes)
Event: 39.309 Thread 0x0000000014c0b000 nmethod 2568 0x00000000028d0650 code [0x00000000028d0860, 0x00000000028d13d8]
Event: 39.309 Thread 0x0000000014c0b000 2569       3       com.android.dx.dex.code.RopTranslator$TranslationVisitor::visitThrowingInsn (118 bytes)
Event: 39.312 Thread 0x0000000014c0b000 nmethod 2569 0x000000000279b9d0 code [0x000000000279bce0, 0x000000000279d5e8]

GC Heap History (10 events):
Event: 29.384 GC heap before
{Heap before GC invocations=12 (full 1):
 PSYoungGen      total 195072K, used 195070K [0x00000000eab00000, 0x00000000fbc80000, 0x0000000100000000)
  eden space 151040K, 100% used [0x00000000eab00000,0x00000000f3e80000,0x00000000f3e80000)
  from space 44032K, 99% used [0x00000000f9180000,0x00000000fbc7f8d0,0x00000000fbc80000)
  to   space 55296K, 0% used [0x00000000f5080000,0x00000000f5080000,0x00000000f8680000)
 ParOldGen       total 99840K, used 58829K [0x00000000c0000000, 0x00000000c6180000, 0x00000000eab00000)
  object space 99840K, 58% used [0x00000000c0000000,0x00000000c3973540,0x00000000c6180000)
 Metaspace       used 6480K, capacity 7218K, committed 7296K, reserved 1056768K
  class space    used 599K, capacity 618K, committed 640K, reserved 1048576K
Event: 30.838 GC heap after
Heap after GC invocations=12 (full 1):
 PSYoungGen      total 224768K, used 55280K [0x00000000eab00000, 0x0000000100000000, 0x0000000100000000)
  eden space 169472K, 0% used [0x00000000eab00000,0x00000000eab00000,0x00000000f5080000)
  from space 55296K, 99% used [0x00000000f5080000,0x00000000f867c188,0x00000000f8680000)
  to   space 92672K, 0% used [0x00000000fa580000,0x00000000fa580000,0x0000000100000000)
 ParOldGen       total 133632K, used 133325K [0x00000000c0000000, 0x00000000c8280000, 0x00000000eab00000)
  object space 133632K, 99% used [0x00000000c0000000,0x00000000c8233438,0x00000000c8280000)
 Metaspace       used 6480K, capacity 7218K, committed 7296K, reserved 1056768K
  class space    used 599K, capacity 618K, committed 640K, reserved 1048576K
}
Event: 30.838 GC heap before
{Heap before GC invocations=13 (full 2):
 PSYoungGen      total 224768K, used 55280K [0x00000000eab00000, 0x0000000100000000, 0x0000000100000000)
  eden space 169472K, 0% used [0x00000000eab00000,0x00000000eab00000,0x00000000f5080000)
  from space 55296K, 99% used [0x00000000f5080000,0x00000000f867c188,0x00000000f8680000)
  to   space 92672K, 0% used [0x00000000fa580000,0x00000000fa580000,0x0000000100000000)
 ParOldGen       total 133632K, used 133325K [0x00000000c0000000, 0x00000000c8280000, 0x00000000eab00000)
  object space 133632K, 99% used [0x00000000c0000000,0x00000000c8233438,0x00000000c8280000)
 Metaspace       used 6480K, capacity 7218K, committed 7296K, reserved 1056768K
  class space    used 599K, capacity 618K, committed 640K, reserved 1048576K
Event: 35.281 GC heap after
Heap after GC invocations=13 (full 2):
 PSYoungGen      total 224768K, used 37731K [0x00000000eab00000, 0x0000000100000000, 0x0000000100000000)
  eden space 169472K, 0% used [0x00000000eab00000,0x00000000eab00000,0x00000000f5080000)
  from space 55296K, 68% used [0x00000000f5080000,0x00000000f7558d78,0x00000000f8680000)
  to   space 92672K, 0% used [0x00000000fa580000,0x00000000fa580000,0x0000000100000000)
 ParOldGen       total 216576K, used 133509K [0x00000000c0000000, 0x00000000cd380000, 0x00000000eab00000)
  object space 216576K, 61% used [0x00000000c0000000,0x00000000c82616d0,0x00000000cd380000)
 Metaspace       used 6480K, capacity 7218K, committed 7296K, reserved 1056768K
  class space    used 599K, capacity 618K, committed 640K, reserved 1048576K
}
Event: 35.880 GC heap before
{Heap before GC invocations=14 (full 2):
 PSYoungGen      total 224768K, used 207203K [0x00000000eab00000, 0x0000000100000000, 0x0000000100000000)
  eden space 169472K, 100% used [0x00000000eab00000,0x00000000f5080000,0x00000000f5080000)
  from space 55296K, 68% used [0x00000000f5080000,0x00000000f7558d78,0x00000000f8680000)
  to   space 92672K, 0% used [0x00000000fa580000,0x00000000fa580000,0x0000000100000000)
 ParOldGen       total 216576K, used 133509K [0x00000000c0000000, 0x00000000cd380000, 0x00000000eab00000)
  object space 216576K, 61% used [0x00000000c0000000,0x00000000c82616d0,0x00000000cd380000)
 Metaspace       used 6482K, capacity 7218K, committed 7296K, reserved 1056768K
  class space    used 599K, capacity 618K, committed 640K, reserved 1048576K
Event: 36.012 GC heap after
Heap after GC invocations=14 (full 2):
 PSYoungGen      total 251392K, used 54475K [0x00000000eab00000, 0x0000000100000000, 0x0000000100000000)
  eden space 158720K, 0% used [0x00000000eab00000,0x00000000eab00000,0x00000000f4600000)
  from space 92672K, 58% used [0x00000000fa580000,0x00000000fdab2f60,0x0000000100000000)
  to   space 95232K, 0% used [0x00000000f4600000,0x00000000f4600000,0x00000000fa300000)
 ParOldGen       total 216576K, used 173227K [0x00000000c0000000, 0x00000000cd380000, 0x00000000eab00000)
  object space 216576K, 79% used [0x00000000c0000000,0x00000000ca92ac80,0x00000000cd380000)
 Metaspace       used 6482K, capacity 7218K, committed 7296K, reserved 1056768K
  class space    used 599K, capacity 618K, committed 640K, reserved 1048576K
}
Event: 36.012 GC heap before
{Heap before GC invocations=15 (full 3):
 PSYoungGen      total 251392K, used 54475K [0x00000000eab00000, 0x0000000100000000, 0x0000000100000000)
  eden space 158720K, 0% used [0x00000000eab00000,0x00000000eab00000,0x00000000f4600000)
  from space 92672K, 58% used [0x00000000fa580000,0x00000000fdab2f60,0x0000000100000000)
  to   space 95232K, 0% used [0x00000000f4600000,0x00000000f4600000,0x00000000fa300000)
 ParOldGen       total 216576K, used 173227K [0x00000000c0000000, 0x00000000cd380000, 0x00000000eab00000)
  object space 216576K, 79% used [0x00000000c0000000,0x00000000ca92ac80,0x00000000cd380000)
 Metaspace       used 6482K, capacity 7218K, committed 7296K, reserved 1056768K
  class space    used 599K, capacity 618K, committed 640K, reserved 1048576K
Event: 36.857 GC heap after
Heap after GC invocations=15 (full 3):
 PSYoungGen      total 251392K, used 2672K [0x00000000eab00000, 0x0000000100000000, 0x0000000100000000)
  eden space 158720K, 0% used [0x00000000eab00000,0x00000000eab00000,0x00000000f4600000)
  from space 92672K, 2% used [0x00000000fa580000,0x00000000fa81c378,0x0000000100000000)
  to   space 95232K, 0% used [0x00000000f4600000,0x00000000f4600000,0x00000000fa300000)
 ParOldGen       total 320000K, used 216081K [0x00000000c0000000, 0x00000000d3880000, 0x00000000eab00000)
  object space 320000K, 67% used [0x00000000c0000000,0x00000000cd304528,0x00000000d3880000)
 Metaspace       used 6482K, capacity 7218K, committed 7296K, reserved 1056768K
  class space    used 599K, capacity 618K, committed 640K, reserved 1048576K
}
Event: 37.605 GC heap before
{Heap before GC invocations=16 (full 3):
 PSYoungGen      total 251392K, used 161392K [0x00000000eab00000, 0x0000000100000000, 0x0000000100000000)
  eden space 158720K, 100% used [0x00000000eab00000,0x00000000f4600000,0x00000000f4600000)
  from space 92672K, 2% used [0x00000000fa580000,0x00000000fa81c378,0x0000000100000000)
  to   space 95232K, 0% used [0x00000000f4600000,0x00000000f4600000,0x00000000fa300000)
 ParOldGen       total 320000K, used 216081K [0x00000000c0000000, 0x00000000d3880000, 0x00000000eab00000)
  object space 320000K, 67% used [0x00000000c0000000,0x00000000cd304528,0x00000000d3880000)
 Metaspace       used 6489K, capacity 7218K, committed 7296K, reserved 1056768K
  class space    used 599K, capacity 618K, committed 640K, reserved 1048576K
Event: 37.809 GC heap after
Heap after GC invocations=16 (full 3):
 PSYoungGen      total 253952K, used 45392K [0x00000000eab00000, 0x00000000fff80000, 0x0000000100000000)
  eden space 158720K, 0% used [0x00000000eab00000,0x00000000eab00000,0x00000000f4600000)
  from space 95232K, 47% used [0x00000000f4600000,0x00000000f7254288,0x00000000fa300000)
  to   space 93696K, 0% used [0x00000000fa400000,0x00000000fa400000,0x00000000fff80000)
 ParOldGen       total 320000K, used 218611K [0x00000000c0000000, 0x00000000d3880000, 0x00000000eab00000)
  object space 320000K, 68% used [0x00000000c0000000,0x00000000cd57cc50,0x00000000d3880000)
 Metaspace       used 6489K, capacity 7218K, committed 7296K, reserved 1056768K
  class space    used 599K, capacity 618K, committed 640K, reserved 1048576K
}

Deoptimization events (10 events):
Event: 35.522 Thread 0x0000000002420800 Uncommon trap: reason=speculate_class_check action=maybe_recompile pc=0x0000000002da5708 method=com.android.dx.rop.cst.TypedConstant.getBasicType()I @ 1
Event: 35.642 Thread 0x0000000002420800 Uncommon trap: reason=unstable_if action=reinterpret pc=0x0000000002f727a4 method=com.android.dx.cf.code.Merger.mergeStack(Lcom/android/dx/cf/code/ExecutionStack;Lcom/android/dx/cf/code/ExecutionStack;)Lcom/android/dx/cf/code/ExecutionStack; @ 2
Event: 35.642 Thread 0x0000000002420800 Uncommon trap: reason=unstable_if action=reinterpret pc=0x0000000002f60e18 method=com.android.dx.cf.code.Merger.mergeStack(Lcom/android/dx/cf/code/ExecutionStack;Lcom/android/dx/cf/code/ExecutionStack;)Lcom/android/dx/cf/code/ExecutionStack; @ 2
Event: 36.926 Thread 0x0000000002420800 Uncommon trap: reason=speculate_class_check action=maybe_recompile pc=0x0000000002da5708 method=com.android.dx.rop.cst.TypedConstant.getBasicType()I @ 1
Event: 37.856 Thread 0x0000000002420800 Uncommon trap: reason=speculate_class_check action=maybe_recompile pc=0x0000000002da5708 method=com.android.dx.rop.cst.TypedConstant.getBasicType()I @ 1
Event: 38.705 Thread 0x0000000002420800 Uncommon trap: reason=unstable_if action=reinterpret pc=0x000000000289458c method=java.util.HashMap.putVal(ILjava/lang/Object;Ljava/lang/Object;ZZ)Ljava/lang/Object; @ 94
Event: 38.849 Thread 0x0000000002420800 Uncommon trap: reason=unstable_if action=reinterpret pc=0x0000000002d6003c method=com.android.dx.ssa.back.IdenticalBlockCombiner.replaceSucc(Lcom/android/dx/rop/code/BasicBlock;II)V @ 30
Event: 38.905 Thread 0x0000000002420800 Uncommon trap: reason=bimorphic action=maybe_recompile pc=0x0000000002fade0c method=com.android.dx.cf.code.BytecodeArray.parseInstruction(ILcom/android/dx/cf/code/BytecodeArray$Visitor;)I @ 1597
Event: 38.905 Thread 0x0000000002420800 Uncommon trap: reason=bimorphic action=maybe_recompile pc=0x0000000002faebe4 method=com.android.dx.cf.code.BytecodeArray.parseInstruction(ILcom/android/dx/cf/code/BytecodeArray$Visitor;)I @ 1357
Event: 38.906 Thread 0x0000000002420800 Uncommon trap: reason=bimorphic action=maybe_recompile pc=0x0000000002fade0c method=com.android.dx.cf.code.BytecodeArray.parseInstruction(ILcom/android/dx/cf/code/BytecodeArray$Visitor;)I @ 1597

Internal exceptions (6 events):
Event: 0.459 Thread 0x0000000002420800 Exception <a 'java/lang/NoSuchMethodError': Method sun.misc.Unsafe.defineClass(Ljava/lang/String;[BII)Ljava/lang/Class; name or signature does not match> (0x00000000eab07cc0) thrown at [C:\src\android\AOSP-openjdk\external\jetbrains\jdk\hotspot\src\share\vtžP{hcÝ?
Event: 0.459 Thread 0x0000000002420800 Exception <a 'java/lang/NoSuchMethodError': Method sun.misc.Unsafe.prefetchRead(Ljava/lang/Object;J)V name or signature does not match> (0x00000000eab07fa8) thrown at [C:\src\android\AOSP-openjdk\external\jetbrains\jdk\hotspot\src\share\vm\prims\jni.cpp, lš…c½~Ù@
Event: 2.856 Thread 0x0000000002420800 Implicit null exception at 0x000000000283b4a2 to 0x000000000283b59a
Event: 7.897 Thread 0x00000000167ac800 Exception <a 'java/lang/ArrayIndexOutOfBoundsException': 18> (0x00000000ec3e1ca0) thrown at [C:\src\android\AOSP-openjdk\external\jetbrains\jdk\hotspot\src\share\vm\interpreter\interpreterRuntime.cpp, line 366]
Event: 7.898 Thread 0x00000000167ac800 Exception <a 'java/lang/ArrayIndexOutOfBoundsException'> (0x00000000ec3e3820) thrown at [C:\src\android\AOSP-openjdk\external\jetbrains\jdk\hotspot\src\share\vm\runtime\sharedRuntime.cpp, line 605]
Event: 7.903 Thread 0x00000000167ac800 Exception <a 'java/lang/ArrayIndexOutOfBoundsException'> (0x00000000ec3e4b08) thrown at [C:\src\android\AOSP-openjdk\external\jetbrains\jdk\hotspot\src\share\vm\runtime\sharedRuntime.cpp, line 605]

Events (10 events):
Event: 38.905 Thread 0x0000000002420800 DEOPT PACKING pc=0x0000000002fade0c sp=0x000000000241de90
Event: 38.905 Thread 0x0000000002420800 DEOPT UNPACKING pc=0x000000000256556a sp=0x000000000241de50 mode 2
Event: 38.905 Thread 0x0000000002420800 Uncommon trap: trap_request=0xffffffc6 fr.pc=0x0000000002faebe4
Event: 38.905 Thread 0x0000000002420800 DEOPT PACKING pc=0x0000000002faebe4 sp=0x000000000241de90
Event: 38.905 Thread 0x0000000002420800 DEOPT UNPACKING pc=0x000000000256556a sp=0x000000000241de50 mode 2
Event: 38.906 Thread 0x0000000002420800 Uncommon trap: trap_request=0xffffffc6 fr.pc=0x0000000002fade0c
Event: 38.906 Thread 0x0000000002420800 DEOPT PACKING pc=0x0000000002fade0c sp=0x000000000241dcd0
Event: 38.906 Thread 0x0000000002420800 DEOPT UNPACKING pc=0x000000000256556a sp=0x000000000241dc90 mode 2
Event: 39.312 Thread 0x0000000002420800 DEOPT PACKING pc=0x000000000269377f sp=0x000000000241eb50
Event: 39.313 Thread 0x0000000002420800 DEOPT UNPACKING pc=0x00000000025675bf sp=0x000000000241e880 mode 0


Dynamic libraries:
0x00007ff711720000 - 0x00007ff711751000 	C:\Program Files\Android\Android Studio\jre\bin\java.exe
0x00007ffa485e0000 - 0x00007ffa4878d000 	C:\Windows\SYSTEM32\ntdll.dll
0x00007ffa480b0000 - 0x00007ffa481ee000 	C:\Windows\system32\KERNEL32.DLL
0x00007ffa45910000 - 0x00007ffa45a25000 	C:\Windows\system32\KERNELBASE.dll
0x00007ffa47f90000 - 0x00007ffa4803a000 	C:\Windows\system32\ADVAPI32.dll
0x00007ffa46340000 - 0x00007ffa464b7000 	C:\Windows\system32\USER32.dll
0x00007ffa42fa0000 - 0x00007ffa4321b000 	C:\Windows\WinSxS\amd64_microsoft.windows.common-controls_6595b64144ccf1df_6.0.9600.18006_none_623f33d3ecbe86e8\COMCTL32.dll
0x00007ffa45d10000 - 0x00007ffa45dba000 	C:\Windows\system32\msvcrt.dll
0x00007ffa481f0000 - 0x00007ffa48249000 	C:\Windows\SYSTEM32\sechost.dll
0x00007ffa464c0000 - 0x00007ffa46600000 	C:\Windows\system32\RPCRT4.dll
0x00007ffa46190000 - 0x00007ffa462db000 	C:\Windows\system32\GDI32.dll
0x00007ffa457e0000 - 0x00007ffa4580e000 	C:\Windows\system32\SspiCli.dll
0x00007ffa45cd0000 - 0x00007ffa45d06000 	C:\Windows\system32\IMM32.DLL
0x00007ffa46030000 - 0x00007ffa46181000 	C:\Windows\system32\MSCTF.dll
0x0000000055d90000 - 0x0000000055e62000 	C:\Program Files\Android\Android Studio\jre\jre\bin\msvcr100.dll
0x0000000055ee0000 - 0x0000000056714000 	C:\Program Files\Android\Android Studio\jre\jre\bin\server\jvm.dll
0x00007ffa3ae90000 - 0x00007ffa3ae99000 	C:\Windows\SYSTEM32\WSOCK32.dll
0x00007ffa3e8a0000 - 0x00007ffa3e8c2000 	C:\Windows\SYSTEM32\WINMM.dll
0x00007ffa3f8c0000 - 0x00007ffa3f8ca000 	C:\Windows\SYSTEM32\VERSION.dll
0x00007ffa47eb0000 - 0x00007ffa47eb7000 	C:\Windows\system32\PSAPI.DLL
0x00007ffa45c70000 - 0x00007ffa45cca000 	C:\Windows\system32\WS2_32.dll
0x00007ffa3e870000 - 0x00007ffa3e89a000 	C:\Windows\SYSTEM32\WINMMBASE.dll
0x00007ffa480a0000 - 0x00007ffa480a9000 	C:\Windows\system32\NSI.dll
0x00007ffa45810000 - 0x00007ffa4585f000 	C:\Windows\SYSTEM32\cfgmgr32.dll
0x00007ffa44520000 - 0x00007ffa44548000 	C:\Windows\SYSTEM32\DEVOBJ.dll
0x00007ffa35f20000 - 0x00007ffa35f2f000 	C:\Program Files\Android\Android Studio\jre\jre\bin\verify.dll
0x00007ffa31cd0000 - 0x00007ffa31cf9000 	C:\Program Files\Android\Android Studio\jre\jre\bin\java.dll
0x00007ffa2d1e0000 - 0x00007ffa2d1f6000 	C:\Program Files\Android\Android Studio\jre\jre\bin\zip.dll
0x00007ffa46600000 - 0x00007ffa47b2c000 	C:\Windows\system32\SHELL32.dll
0x00007ffa482d0000 - 0x00007ffa484e2000 	C:\Windows\SYSTEM32\combase.dll
0x00007ffa48040000 - 0x00007ffa48094000 	C:\Windows\system32\SHLWAPI.dll
0x00007ffa43a10000 - 0x00007ffa43ac2000 	C:\Windows\SYSTEM32\SHCORE.dll
0x00007ffa45710000 - 0x00007ffa45725000 	C:\Windows\SYSTEM32\profapi.dll

VM Arguments:
jvm_args: -Djava.awt.headless=true -Xmx1024M -Dfile.encoding=windows-1252 -Duser.country=US -Duser.language=en -Duser.variant 
java_command: com.android.dx.command.Main --dex --force-jumbo --num-threads=4 --output C:\Stay_Safe\app\build\intermediates\pre-dexed\debug\com.google.android.gms-play-services-ads-8.4.0_ddb79db02f71b1b9a72ded326453f88f474b9f39.jar C:\Stay_Safe\app\build\intermediates\exploded-aar\com.google.android.gms\play-services-ads\8.4.0\jars\classes.jar
java_class_path (initial): C:\Android\sdk\build-tools\25.0.1\lib\dx.jar
Launcher Type: SUN_STANDARD

Environment Variables:
CLASSPATH=C:\Program Files\Java\jdk1.8.0_51\lib;.
PATH=C:\ProgramData\Oracle\Java\javapath;C:\Program Files\Java\jdk1.8.0_51\bin;C:\Program Files (x86)\Common Files\lenovo\easyplussdk\bin;C:\Program Files (x86)\Windows Kits\8.1\Windows Performance Toolkit\;C:\Program Files\Microsoft SQL Server\110\Tools\Binn\;C:\Program Files (x86)\Microsoft SDKs\TypeScript\1.0\;C:\Program Files\Microsoft SQL Server\120\Tools\Binn\;C:\Program Files\nodejs\;C:\Program Files\IBM\Bluemix\bin;C:\Users\PC HP\AppData\Roaming\npm
USERNAME=PC HP
OS=Windows_NT
PROCESSOR_IDENTIFIER=Intel64 Family 6 Model 69 Stepping 1, GenuineIntel



---------------  S Y S T E M  ---------------

OS: Windows 8.1 , 64 bit Build 9600 (6.3.9600.17415)

CPU:total 4 (2 cores per cpu, 2 threads per core) family 6 model 69 stepping 1, cmov, cx8, fxsr, mmx, sse, sse2, sse3, ssse3, sse4.1, sse4.2, popcnt, avx, avx2, aes, clmul, erms, lzcnt, ht, tsc, tscinvbit, bmi1, bmi2

Memory: 4k page, physical 4119212k(691424k free), swap 7264940k(5680k free)

vm_info: OpenJDK 64-Bit Server VM (25.76-b03) for windows-amd64 JRE (1.8.0_76-release-b03), built on Jun 29 2016 19:09:20 by "ralucas" with MS VC++ 10.0 (VS2010)

time: Sat Mar 24 19:11:06 2018
elapsed time: 39 seconds (0d 0h 0m 39s)

